ERROR - 2023-09-30 08:24:40 --> mysqli_sql_exception: Column 'task_notchecked' cannot be null in C:\Users\INFODIF\Desktop\GİT\Task\system\Database\MySQLi\Connection.php:306
Stack trace:
#0 C:\Users\INFODIF\Desktop\GİT\Task\system\Database\MySQLi\Connection.php(306): mysqli->query()
#1 C:\Users\INFODIF\Desktop\GİT\Task\system\Database\BaseConnection.php(692): CodeIgniter\Database\MySQLi\Connection->execute()
#2 C:\Users\INFODIF\Desktop\GİT\Task\system\Database\BaseConnection.php(606): CodeIgniter\Database\BaseConnection->simpleQuery()
#3 C:\Users\INFODIF\Desktop\GİT\Task\system\Database\BaseBuilder.php(2308): CodeIgniter\Database\BaseConnection->query()
#4 C:\Users\INFODIF\Desktop\GİT\Task\system\Model.php(319): CodeIgniter\Database\BaseBuilder->insert()
#5 C:\Users\INFODIF\Desktop\GİT\Task\system\BaseModel.php(788): CodeIgniter\Model->doInsert()
#6 C:\Users\INFODIF\Desktop\GİT\Task\system\Model.php(715): CodeIgniter\BaseModel->insert()
#7 C:\Users\INFODIF\Desktop\GİT\Task\app\Controllers\Task.php(49): CodeIgniter\Model->insert()
#8 C:\Users\INFODIF\Desktop\GİT\Task\system\CodeIgniter.php(919): App\Controllers\Task->addTask()
#9 C:\Users\INFODIF\Desktop\GİT\Task\system\CodeIgniter.php(494): CodeIgniter\CodeIgniter->runController()
#10 C:\Users\INFODIF\Desktop\GİT\Task\system\CodeIgniter.php(353): CodeIgniter\CodeIgniter->handleRequest()
#11 C:\Users\INFODIF\Desktop\GİT\Task\public\index.php(79): CodeIgniter\CodeIgniter->run()
#12 C:\Users\INFODIF\Desktop\GİT\Task\system\Commands\Server\rewrite.php(47): require_once('...')
#13 {main}
CRITICAL - 2023-09-30 08:24:40 --> Column 'task_notchecked' cannot be null
in SYSTEMPATH\Database\BaseConnection.php on line 646.
 1 SYSTEMPATH\Database\BaseBuilder.php(2308): CodeIgniter\Database\BaseConnection->query()
 2 SYSTEMPATH\Model.php(319): CodeIgniter\Database\BaseBuilder->insert()
 3 SYSTEMPATH\BaseModel.php(788): CodeIgniter\Model->doInsert()
 4 SYSTEMPATH\Model.php(715): CodeIgniter\BaseModel->insert()
 5 APPPATH\Controllers\Task.php(49): CodeIgniter\Model->insert()
 6 SYSTEMPATH\CodeIgniter.php(919): App\Controllers\Task->addTask()
 7 SYSTEMPATH\CodeIgniter.php(494): CodeIgniter\CodeIgniter->runController()
 8 SYSTEMPATH\CodeIgniter.php(353): CodeIgniter\CodeIgniter->handleRequest()
 9 FCPATH\index.php(79): CodeIgniter\CodeIgniter->run()
10 SYSTEMPATH\Commands\Server\rewrite.php(47): require_once('C:\\Users\\INFODIF\\Desktop\\GİT\\Task\\public\\index.php')
ERROR - 2023-09-30 08:25:07 --> mysqli_sql_exception: Column 'task_notchecked' cannot be null in C:\Users\INFODIF\Desktop\GİT\Task\system\Database\MySQLi\Connection.php:306
Stack trace:
#0 C:\Users\INFODIF\Desktop\GİT\Task\system\Database\MySQLi\Connection.php(306): mysqli->query()
#1 C:\Users\INFODIF\Desktop\GİT\Task\system\Database\BaseConnection.php(692): CodeIgniter\Database\MySQLi\Connection->execute()
#2 C:\Users\INFODIF\Desktop\GİT\Task\system\Database\BaseConnection.php(606): CodeIgniter\Database\BaseConnection->simpleQuery()
#3 C:\Users\INFODIF\Desktop\GİT\Task\system\Database\BaseBuilder.php(2308): CodeIgniter\Database\BaseConnection->query()
#4 C:\Users\INFODIF\Desktop\GİT\Task\system\Model.php(319): CodeIgniter\Database\BaseBuilder->insert()
#5 C:\Users\INFODIF\Desktop\GİT\Task\system\BaseModel.php(788): CodeIgniter\Model->doInsert()
#6 C:\Users\INFODIF\Desktop\GİT\Task\system\Model.php(715): CodeIgniter\BaseModel->insert()
#7 C:\Users\INFODIF\Desktop\GİT\Task\app\Controllers\Task.php(49): CodeIgniter\Model->insert()
#8 C:\Users\INFODIF\Desktop\GİT\Task\system\CodeIgniter.php(919): App\Controllers\Task->addTask()
#9 C:\Users\INFODIF\Desktop\GİT\Task\system\CodeIgniter.php(494): CodeIgniter\CodeIgniter->runController()
#10 C:\Users\INFODIF\Desktop\GİT\Task\system\CodeIgniter.php(353): CodeIgniter\CodeIgniter->handleRequest()
#11 C:\Users\INFODIF\Desktop\GİT\Task\public\index.php(79): CodeIgniter\CodeIgniter->run()
#12 C:\Users\INFODIF\Desktop\GİT\Task\system\Commands\Server\rewrite.php(47): require_once('...')
#13 {main}
CRITICAL - 2023-09-30 08:25:07 --> Column 'task_notchecked' cannot be null
in SYSTEMPATH\Database\BaseConnection.php on line 646.
 1 SYSTEMPATH\Database\BaseBuilder.php(2308): CodeIgniter\Database\BaseConnection->query()
 2 SYSTEMPATH\Model.php(319): CodeIgniter\Database\BaseBuilder->insert()
 3 SYSTEMPATH\BaseModel.php(788): CodeIgniter\Model->doInsert()
 4 SYSTEMPATH\Model.php(715): CodeIgniter\BaseModel->insert()
 5 APPPATH\Controllers\Task.php(49): CodeIgniter\Model->insert()
 6 SYSTEMPATH\CodeIgniter.php(919): App\Controllers\Task->addTask()
 7 SYSTEMPATH\CodeIgniter.php(494): CodeIgniter\CodeIgniter->runController()
 8 SYSTEMPATH\CodeIgniter.php(353): CodeIgniter\CodeIgniter->handleRequest()
 9 FCPATH\index.php(79): CodeIgniter\CodeIgniter->run()
10 SYSTEMPATH\Commands\Server\rewrite.php(47): require_once('C:\\Users\\INFODIF\\Desktop\\GİT\\Task\\public\\index.php')
CRITICAL - 2023-09-30 08:30:37 --> "notrequired" is not a valid rule.
in SYSTEMPATH\Validation\Validation.php on line 317.
 1 SYSTEMPATH\Validation\Validation.php(317): CodeIgniter\Validation\Exceptions\ValidationException::forRuleNotFound()
 2 SYSTEMPATH\Validation\Validation.php(195): CodeIgniter\Validation\Validation->processRules()
 3 SYSTEMPATH\Controller.php(150): CodeIgniter\Validation\Validation->run()
 4 APPPATH\Controllers\Task.php(32): CodeIgniter\Controller->validate()
 5 SYSTEMPATH\CodeIgniter.php(919): App\Controllers\Task->addTask()
 6 SYSTEMPATH\CodeIgniter.php(494): CodeIgniter\CodeIgniter->runController()
 7 SYSTEMPATH\CodeIgniter.php(353): CodeIgniter\CodeIgniter->handleRequest()
 8 FCPATH\index.php(79): CodeIgniter\CodeIgniter->run()
 9 SYSTEMPATH\Commands\Server\rewrite.php(47): require_once('C:\\Users\\INFODIF\\Desktop\\GİT\\Task\\public\\index.php')
