ERROR - 2023-10-03 04:51:30 --> Error connecting to the database: mysqli_sql_exception: Hedef makine etkin olarak reddettiğinden bağlantı kurulamadı in C:\Users\INFODIF\Desktop\GİT\Task\system\Database\MySQLi\Connection.php:184
Stack trace:
#0 C:\Users\INFODIF\Desktop\GİT\Task\system\Database\MySQLi\Connection.php(184): mysqli->real_connect()
#1 C:\Users\INFODIF\Desktop\GİT\Task\system\Database\BaseConnection.php(391): CodeIgniter\Database\MySQLi\Connection->connect()
#2 C:\Users\INFODIF\Desktop\GİT\Task\system\Database\BaseConnection.php(574): CodeIgniter\Database\BaseConnection->initialize()
#3 C:\Users\INFODIF\Desktop\GİT\Task\system\Database\BaseBuilder.php(1615): CodeIgniter\Database\BaseConnection->query()
#4 C:\Users\INFODIF\Desktop\GİT\Task\system\Model.php(237): CodeIgniter\Database\BaseBuilder->get()
#5 C:\Users\INFODIF\Desktop\GİT\Task\system\BaseModel.php(624): CodeIgniter\Model->doFindAll()
#6 C:\Users\INFODIF\Desktop\GİT\Task\app\Controllers\Task.php(74): CodeIgniter\BaseModel->findAll()
#7 C:\Users\INFODIF\Desktop\GİT\Task\system\CodeIgniter.php(919): App\Controllers\Task->show()
#8 C:\Users\INFODIF\Desktop\GİT\Task\system\CodeIgniter.php(494): CodeIgniter\CodeIgniter->runController()
#9 C:\Users\INFODIF\Desktop\GİT\Task\system\CodeIgniter.php(353): CodeIgniter\CodeIgniter->handleRequest()
#10 C:\Users\INFODIF\Desktop\GİT\Task\public\index.php(79): CodeIgniter\CodeIgniter->run()
#11 C:\Users\INFODIF\Desktop\GİT\Task\system\Commands\Server\rewrite.php(47): require_once('...')
#12 {main}

Next CodeIgniter\Database\Exceptions\DatabaseException: Hedef makine etkin olarak reddettiğinden bağlantı kurulamadı in C:\Users\INFODIF\Desktop\GİT\Task\system\Database\MySQLi\Connection.php:229
Stack trace:
#0 C:\Users\INFODIF\Desktop\GİT\Task\system\Database\BaseConnection.php(391): CodeIgniter\Database\MySQLi\Connection->connect()
#1 C:\Users\INFODIF\Desktop\GİT\Task\system\Database\BaseConnection.php(574): CodeIgniter\Database\BaseConnection->initialize()
#2 C:\Users\INFODIF\Desktop\GİT\Task\system\Database\BaseBuilder.php(1615): CodeIgniter\Database\BaseConnection->query()
#3 C:\Users\INFODIF\Desktop\GİT\Task\system\Model.php(237): CodeIgniter\Database\BaseBuilder->get()
#4 C:\Users\INFODIF\Desktop\GİT\Task\system\BaseModel.php(624): CodeIgniter\Model->doFindAll()
#5 C:\Users\INFODIF\Desktop\GİT\Task\app\Controllers\Task.php(74): CodeIgniter\BaseModel->findAll()
#6 C:\Users\INFODIF\Desktop\GİT\Task\system\CodeIgniter.php(919): App\Controllers\Task->show()
#7 C:\Users\INFODIF\Desktop\GİT\Task\system\CodeIgniter.php(494): CodeIgniter\CodeIgniter->runController()
#8 C:\Users\INFODIF\Desktop\GİT\Task\system\CodeIgniter.php(353): CodeIgniter\CodeIgniter->handleRequest()
#9 C:\Users\INFODIF\Desktop\GİT\Task\public\index.php(79): CodeIgniter\CodeIgniter->run()
#10 C:\Users\INFODIF\Desktop\GİT\Task\system\Commands\Server\rewrite.php(47): require_once('...')
#11 {main}
CRITICAL - 2023-10-03 04:51:30 --> Unable to connect to the database.
Main connection [MySQLi]: Hedef makine etkin olarak reddettiğinden bağlantı kurulamadı
in SYSTEMPATH\Database\BaseConnection.php on line 427.
 1 SYSTEMPATH\Database\BaseConnection.php(574): CodeIgniter\Database\BaseConnection->initialize()
 2 SYSTEMPATH\Database\BaseBuilder.php(1615): CodeIgniter\Database\BaseConnection->query()
 3 SYSTEMPATH\Model.php(237): CodeIgniter\Database\BaseBuilder->get()
 4 SYSTEMPATH\BaseModel.php(624): CodeIgniter\Model->doFindAll()
 5 APPPATH\Controllers\Task.php(74): CodeIgniter\BaseModel->findAll()
 6 SYSTEMPATH\CodeIgniter.php(919): App\Controllers\Task->show()
 7 SYSTEMPATH\CodeIgniter.php(494): CodeIgniter\CodeIgniter->runController()
 8 SYSTEMPATH\CodeIgniter.php(353): CodeIgniter\CodeIgniter->handleRequest()
 9 FCPATH\index.php(79): CodeIgniter\CodeIgniter->run()
10 SYSTEMPATH\Commands\Server\rewrite.php(47): require_once('C:\\Users\\INFODIF\\Desktop\\GİT\\Task\\public\\index.php')
CRITICAL - 2023-10-03 05:53:38 --> Undefined variable $model
in APPPATH\Controllers\Task.php on line 51.
 1 APPPATH\Controllers\Task.php(51): CodeIgniter\Debug\Exceptions->errorHandler()
 2 SYSTEMPATH\CodeIgniter.php(919): App\Controllers\Task->addTask()
 3 SYSTEMPATH\CodeIgniter.php(494): CodeIgniter\CodeIgniter->runController()
 4 SYSTEMPATH\CodeIgniter.php(353): CodeIgniter\CodeIgniter->handleRequest()
 5 FCPATH\index.php(79): CodeIgniter\CodeIgniter->run()
 6 SYSTEMPATH\Commands\Server\rewrite.php(47): require_once('C:\\Users\\INFODIF\\Desktop\\GİT\\Task\\public\\index.php')
CRITICAL - 2023-10-03 05:58:17 --> Invalid file: "Home/index.html"
in SYSTEMPATH\Exceptions\FrameworkException.php on line 39.
 1 SYSTEMPATH\View\View.php(214): CodeIgniter\Exceptions\FrameworkException::forInvalidFile()
 2 SYSTEMPATH\Common.php(1188): CodeIgniter\View\View->render()
 3 APPPATH\Controllers\Home.php(9): view()
 4 SYSTEMPATH\CodeIgniter.php(919): App\Controllers\Home->index()
 5 SYSTEMPATH\CodeIgniter.php(494): CodeIgniter\CodeIgniter->runController()
 6 SYSTEMPATH\CodeIgniter.php(353): CodeIgniter\CodeIgniter->handleRequest()
 7 FCPATH\index.php(79): CodeIgniter\CodeIgniter->run()
 8 SYSTEMPATH\Commands\Server\rewrite.php(47): require_once('C:\\Users\\INFODIF\\Desktop\\GİT\\Task\\public\\index.php')
CRITICAL - 2023-10-03 05:58:21 --> Invalid file: "Home/index.html"
in SYSTEMPATH\Exceptions\FrameworkException.php on line 39.
 1 SYSTEMPATH\View\View.php(214): CodeIgniter\Exceptions\FrameworkException::forInvalidFile()
 2 SYSTEMPATH\Common.php(1188): CodeIgniter\View\View->render()
 3 APPPATH\Controllers\Home.php(9): view()
 4 SYSTEMPATH\CodeIgniter.php(919): App\Controllers\Home->index()
 5 SYSTEMPATH\CodeIgniter.php(494): CodeIgniter\CodeIgniter->runController()
 6 SYSTEMPATH\CodeIgniter.php(353): CodeIgniter\CodeIgniter->handleRequest()
 7 FCPATH\index.php(79): CodeIgniter\CodeIgniter->run()
 8 SYSTEMPATH\Commands\Server\rewrite.php(47): require_once('C:\\Users\\INFODIF\\Desktop\\GİT\\Task\\public\\index.php')
CRITICAL - 2023-10-03 05:58:25 --> Invalid file: "Home/index.html"
in SYSTEMPATH\Exceptions\FrameworkException.php on line 39.
 1 SYSTEMPATH\View\View.php(214): CodeIgniter\Exceptions\FrameworkException::forInvalidFile()
 2 SYSTEMPATH\Common.php(1188): CodeIgniter\View\View->render()
 3 APPPATH\Controllers\Home.php(9): view()
 4 SYSTEMPATH\CodeIgniter.php(919): App\Controllers\Home->index()
 5 SYSTEMPATH\CodeIgniter.php(494): CodeIgniter\CodeIgniter->runController()
 6 SYSTEMPATH\CodeIgniter.php(353): CodeIgniter\CodeIgniter->handleRequest()
 7 FCPATH\index.php(79): CodeIgniter\CodeIgniter->run()
 8 SYSTEMPATH\Commands\Server\rewrite.php(47): require_once('C:\\Users\\INFODIF\\Desktop\\GİT\\Task\\public\\index.php')
CRITICAL - 2023-10-03 05:59:21 --> Invalid file: "Home/index.html"
in SYSTEMPATH\Exceptions\FrameworkException.php on line 39.
 1 SYSTEMPATH\View\View.php(214): CodeIgniter\Exceptions\FrameworkException::forInvalidFile()
 2 SYSTEMPATH\Common.php(1188): CodeIgniter\View\View->render()
 3 APPPATH\Controllers\Home.php(9): view()
 4 SYSTEMPATH\CodeIgniter.php(919): App\Controllers\Home->index()
 5 SYSTEMPATH\CodeIgniter.php(494): CodeIgniter\CodeIgniter->runController()
 6 SYSTEMPATH\CodeIgniter.php(353): CodeIgniter\CodeIgniter->handleRequest()
 7 FCPATH\index.php(79): CodeIgniter\CodeIgniter->run()
 8 SYSTEMPATH\Commands\Server\rewrite.php(47): require_once('C:\\Users\\INFODIF\\Desktop\\GİT\\Task\\public\\index.php')
CRITICAL - 2023-10-03 07:00:03 --> Undefined array key "task_title"
in APPPATH\Views\Home\show.php on line 140.
 1 APPPATH\Views\Home\show.php(140): CodeIgniter\Debug\Exceptions->errorHandler()
 2 SYSTEMPATH\View\View.php(226): include('C:\\Users\\INFODIF\\Desktop\\GİT\\Task\\app\\Views\\Home\\show.php')
 3 SYSTEMPATH\View\View.php(229): CodeIgniter\View\View->CodeIgniter\View\{closure}()
 4 SYSTEMPATH\Common.php(1188): CodeIgniter\View\View->render()
 5 APPPATH\Controllers\Task.php(69): view()
 6 SYSTEMPATH\CodeIgniter.php(919): App\Controllers\Task->show()
 7 SYSTEMPATH\CodeIgniter.php(494): CodeIgniter\CodeIgniter->runController()
 8 SYSTEMPATH\CodeIgniter.php(353): CodeIgniter\CodeIgniter->handleRequest()
 9 FCPATH\index.php(79): CodeIgniter\CodeIgniter->run()
10 SYSTEMPATH\Commands\Server\rewrite.php(47): require_once('C:\\Users\\INFODIF\\Desktop\\GİT\\Task\\public\\index.php')
CRITICAL - 2023-10-03 07:00:12 --> Undefined array key "task_title"
in APPPATH\Views\Home\show.php on line 140.
 1 APPPATH\Views\Home\show.php(140): CodeIgniter\Debug\Exceptions->errorHandler()
 2 SYSTEMPATH\View\View.php(226): include('C:\\Users\\INFODIF\\Desktop\\GİT\\Task\\app\\Views\\Home\\show.php')
 3 SYSTEMPATH\View\View.php(229): CodeIgniter\View\View->CodeIgniter\View\{closure}()
 4 SYSTEMPATH\Common.php(1188): CodeIgniter\View\View->render()
 5 APPPATH\Controllers\Task.php(69): view()
 6 SYSTEMPATH\CodeIgniter.php(919): App\Controllers\Task->show()
 7 SYSTEMPATH\CodeIgniter.php(494): CodeIgniter\CodeIgniter->runController()
 8 SYSTEMPATH\CodeIgniter.php(353): CodeIgniter\CodeIgniter->handleRequest()
 9 FCPATH\index.php(79): CodeIgniter\CodeIgniter->run()
10 SYSTEMPATH\Commands\Server\rewrite.php(47): require_once('C:\\Users\\INFODIF\\Desktop\\GİT\\Task\\public\\index.php')
CRITICAL - 2023-10-03 07:09:35 --> Undefined array key "task_title"
in APPPATH\Views\Home\show.php on line 140.
 1 APPPATH\Views\Home\show.php(140): CodeIgniter\Debug\Exceptions->errorHandler()
 2 SYSTEMPATH\View\View.php(226): include('C:\\Users\\INFODIF\\Desktop\\GİT\\Task\\app\\Views\\Home\\show.php')
 3 SYSTEMPATH\View\View.php(229): CodeIgniter\View\View->CodeIgniter\View\{closure}()
 4 SYSTEMPATH\Common.php(1188): CodeIgniter\View\View->render()
 5 APPPATH\Controllers\Task.php(69): view()
 6 SYSTEMPATH\CodeIgniter.php(919): App\Controllers\Task->show()
 7 SYSTEMPATH\CodeIgniter.php(494): CodeIgniter\CodeIgniter->runController()
 8 SYSTEMPATH\CodeIgniter.php(353): CodeIgniter\CodeIgniter->handleRequest()
 9 FCPATH\index.php(79): CodeIgniter\CodeIgniter->run()
10 SYSTEMPATH\Commands\Server\rewrite.php(47): require_once('C:\\Users\\INFODIF\\Desktop\\GİT\\Task\\public\\index.php')
CRITICAL - 2023-10-03 07:10:21 --> syntax error, unexpected token ";"
in APPPATH\Views\Home\show.php on line 140.
 1 SYSTEMPATH\View\View.php(229): CodeIgniter\View\View->CodeIgniter\View\{closure}()
 2 SYSTEMPATH\Common.php(1188): CodeIgniter\View\View->render()
 3 APPPATH\Controllers\Task.php(69): view()
 4 SYSTEMPATH\CodeIgniter.php(919): App\Controllers\Task->show()
 5 SYSTEMPATH\CodeIgniter.php(494): CodeIgniter\CodeIgniter->runController()
 6 SYSTEMPATH\CodeIgniter.php(353): CodeIgniter\CodeIgniter->handleRequest()
 7 FCPATH\index.php(79): CodeIgniter\CodeIgniter->run()
 8 SYSTEMPATH\Commands\Server\rewrite.php(47): require_once('C:\\Users\\INFODIF\\Desktop\\GİT\\Task\\public\\index.php')
CRITICAL - 2023-10-03 11:21:57 --> Attempt to read property "task_title" on array
in APPPATH\Views\Home\show.php on line 140.
 1 APPPATH\Views\Home\show.php(140): CodeIgniter\Debug\Exceptions->errorHandler()
 2 SYSTEMPATH\View\View.php(226): include('C:\\Users\\INFODIF\\Desktop\\GİT\\Task\\app\\Views\\Home\\show.php')
 3 SYSTEMPATH\View\View.php(229): CodeIgniter\View\View->CodeIgniter\View\{closure}()
 4 SYSTEMPATH\Common.php(1188): CodeIgniter\View\View->render()
 5 APPPATH\Controllers\Task.php(69): view()
 6 SYSTEMPATH\CodeIgniter.php(919): App\Controllers\Task->show()
 7 SYSTEMPATH\CodeIgniter.php(494): CodeIgniter\CodeIgniter->runController()
 8 SYSTEMPATH\CodeIgniter.php(353): CodeIgniter\CodeIgniter->handleRequest()
 9 FCPATH\index.php(79): CodeIgniter\CodeIgniter->run()
10 SYSTEMPATH\Commands\Server\rewrite.php(47): require_once('C:\\Users\\INFODIF\\Desktop\\GİT\\Task\\public\\index.php')
CRITICAL - 2023-10-03 11:21:57 --> Attempt to read property "task_title" on array
in APPPATH\Views\Home\show.php on line 140.
 1 APPPATH\Views\Home\show.php(140): CodeIgniter\Debug\Exceptions->errorHandler()
 2 SYSTEMPATH\View\View.php(226): include('C:\\Users\\INFODIF\\Desktop\\GİT\\Task\\app\\Views\\Home\\show.php')
 3 SYSTEMPATH\View\View.php(229): CodeIgniter\View\View->CodeIgniter\View\{closure}()
 4 SYSTEMPATH\Common.php(1188): CodeIgniter\View\View->render()
 5 APPPATH\Controllers\Task.php(69): view()
 6 SYSTEMPATH\CodeIgniter.php(919): App\Controllers\Task->show()
 7 SYSTEMPATH\CodeIgniter.php(494): CodeIgniter\CodeIgniter->runController()
 8 SYSTEMPATH\CodeIgniter.php(353): CodeIgniter\CodeIgniter->handleRequest()
 9 FCPATH\index.php(79): CodeIgniter\CodeIgniter->run()
10 SYSTEMPATH\Commands\Server\rewrite.php(47): require_once('C:\\Users\\INFODIF\\Desktop\\GİT\\Task\\public\\index.php')
CRITICAL - 2023-10-03 13:24:30 --> Attempt to read property "task_title" on array
in APPPATH\Views\Home\show.php on line 140.
 1 APPPATH\Views\Home\show.php(140): CodeIgniter\Debug\Exceptions->errorHandler()
 2 SYSTEMPATH\View\View.php(226): include('C:\\Users\\INFODIF\\Desktop\\GİT\\Task\\app\\Views\\Home\\show.php')
 3 SYSTEMPATH\View\View.php(229): CodeIgniter\View\View->CodeIgniter\View\{closure}()
 4 SYSTEMPATH\Common.php(1188): CodeIgniter\View\View->render()
 5 APPPATH\Controllers\Task.php(69): view()
 6 SYSTEMPATH\CodeIgniter.php(919): App\Controllers\Task->show()
 7 SYSTEMPATH\CodeIgniter.php(494): CodeIgniter\CodeIgniter->runController()
 8 SYSTEMPATH\CodeIgniter.php(353): CodeIgniter\CodeIgniter->handleRequest()
 9 FCPATH\index.php(79): CodeIgniter\CodeIgniter->run()
10 SYSTEMPATH\Commands\Server\rewrite.php(47): require_once('C:\\Users\\INFODIF\\Desktop\\GİT\\Task\\public\\index.php')
CRITICAL - 2023-10-03 13:24:30 --> Attempt to read property "task_title" on array
in APPPATH\Views\Home\show.php on line 140.
 1 APPPATH\Views\Home\show.php(140): CodeIgniter\Debug\Exceptions->errorHandler()
 2 SYSTEMPATH\View\View.php(226): include('C:\\Users\\INFODIF\\Desktop\\GİT\\Task\\app\\Views\\Home\\show.php')
 3 SYSTEMPATH\View\View.php(229): CodeIgniter\View\View->CodeIgniter\View\{closure}()
 4 SYSTEMPATH\Common.php(1188): CodeIgniter\View\View->render()
 5 APPPATH\Controllers\Task.php(69): view()
 6 SYSTEMPATH\CodeIgniter.php(919): App\Controllers\Task->show()
 7 SYSTEMPATH\CodeIgniter.php(494): CodeIgniter\CodeIgniter->runController()
 8 SYSTEMPATH\CodeIgniter.php(353): CodeIgniter\CodeIgniter->handleRequest()
 9 FCPATH\index.php(79): CodeIgniter\CodeIgniter->run()
10 SYSTEMPATH\Commands\Server\rewrite.php(47): require_once('C:\\Users\\INFODIF\\Desktop\\GİT\\Task\\public\\index.php')
CRITICAL - 2023-10-03 13:24:30 --> Attempt to read property "task_title" on array
in APPPATH\Views\Home\show.php on line 140.
 1 APPPATH\Views\Home\show.php(140): CodeIgniter\Debug\Exceptions->errorHandler()
 2 SYSTEMPATH\View\View.php(226): include('C:\\Users\\INFODIF\\Desktop\\GİT\\Task\\app\\Views\\Home\\show.php')
 3 SYSTEMPATH\View\View.php(229): CodeIgniter\View\View->CodeIgniter\View\{closure}()
 4 SYSTEMPATH\Common.php(1188): CodeIgniter\View\View->render()
 5 APPPATH\Controllers\Task.php(69): view()
 6 SYSTEMPATH\CodeIgniter.php(919): App\Controllers\Task->show()
 7 SYSTEMPATH\CodeIgniter.php(494): CodeIgniter\CodeIgniter->runController()
 8 SYSTEMPATH\CodeIgniter.php(353): CodeIgniter\CodeIgniter->handleRequest()
 9 FCPATH\index.php(79): CodeIgniter\CodeIgniter->run()
10 SYSTEMPATH\Commands\Server\rewrite.php(47): require_once('C:\\Users\\INFODIF\\Desktop\\GİT\\Task\\public\\index.php')
CRITICAL - 2023-10-03 13:24:31 --> Attempt to read property "task_title" on array
in APPPATH\Views\Home\show.php on line 140.
 1 APPPATH\Views\Home\show.php(140): CodeIgniter\Debug\Exceptions->errorHandler()
 2 SYSTEMPATH\View\View.php(226): include('C:\\Users\\INFODIF\\Desktop\\GİT\\Task\\app\\Views\\Home\\show.php')
 3 SYSTEMPATH\View\View.php(229): CodeIgniter\View\View->CodeIgniter\View\{closure}()
 4 SYSTEMPATH\Common.php(1188): CodeIgniter\View\View->render()
 5 APPPATH\Controllers\Task.php(69): view()
 6 SYSTEMPATH\CodeIgniter.php(919): App\Controllers\Task->show()
 7 SYSTEMPATH\CodeIgniter.php(494): CodeIgniter\CodeIgniter->runController()
 8 SYSTEMPATH\CodeIgniter.php(353): CodeIgniter\CodeIgniter->handleRequest()
 9 FCPATH\index.php(79): CodeIgniter\CodeIgniter->run()
10 SYSTEMPATH\Commands\Server\rewrite.php(47): require_once('C:\\Users\\INFODIF\\Desktop\\GİT\\Task\\public\\index.php')
CRITICAL - 2023-10-03 13:24:31 --> Attempt to read property "task_title" on array
in APPPATH\Views\Home\show.php on line 140.
 1 APPPATH\Views\Home\show.php(140): CodeIgniter\Debug\Exceptions->errorHandler()
 2 SYSTEMPATH\View\View.php(226): include('C:\\Users\\INFODIF\\Desktop\\GİT\\Task\\app\\Views\\Home\\show.php')
 3 SYSTEMPATH\View\View.php(229): CodeIgniter\View\View->CodeIgniter\View\{closure}()
 4 SYSTEMPATH\Common.php(1188): CodeIgniter\View\View->render()
 5 APPPATH\Controllers\Task.php(69): view()
 6 SYSTEMPATH\CodeIgniter.php(919): App\Controllers\Task->show()
 7 SYSTEMPATH\CodeIgniter.php(494): CodeIgniter\CodeIgniter->runController()
 8 SYSTEMPATH\CodeIgniter.php(353): CodeIgniter\CodeIgniter->handleRequest()
 9 FCPATH\index.php(79): CodeIgniter\CodeIgniter->run()
10 SYSTEMPATH\Commands\Server\rewrite.php(47): require_once('C:\\Users\\INFODIF\\Desktop\\GİT\\Task\\public\\index.php')
CRITICAL - 2023-10-03 13:24:31 --> Attempt to read property "task_title" on array
in APPPATH\Views\Home\show.php on line 140.
 1 APPPATH\Views\Home\show.php(140): CodeIgniter\Debug\Exceptions->errorHandler()
 2 SYSTEMPATH\View\View.php(226): include('C:\\Users\\INFODIF\\Desktop\\GİT\\Task\\app\\Views\\Home\\show.php')
 3 SYSTEMPATH\View\View.php(229): CodeIgniter\View\View->CodeIgniter\View\{closure}()
 4 SYSTEMPATH\Common.php(1188): CodeIgniter\View\View->render()
 5 APPPATH\Controllers\Task.php(69): view()
 6 SYSTEMPATH\CodeIgniter.php(919): App\Controllers\Task->show()
 7 SYSTEMPATH\CodeIgniter.php(494): CodeIgniter\CodeIgniter->runController()
 8 SYSTEMPATH\CodeIgniter.php(353): CodeIgniter\CodeIgniter->handleRequest()
 9 FCPATH\index.php(79): CodeIgniter\CodeIgniter->run()
10 SYSTEMPATH\Commands\Server\rewrite.php(47): require_once('C:\\Users\\INFODIF\\Desktop\\GİT\\Task\\public\\index.php')
CRITICAL - 2023-10-03 13:24:31 --> Attempt to read property "task_title" on array
in APPPATH\Views\Home\show.php on line 140.
 1 APPPATH\Views\Home\show.php(140): CodeIgniter\Debug\Exceptions->errorHandler()
 2 SYSTEMPATH\View\View.php(226): include('C:\\Users\\INFODIF\\Desktop\\GİT\\Task\\app\\Views\\Home\\show.php')
 3 SYSTEMPATH\View\View.php(229): CodeIgniter\View\View->CodeIgniter\View\{closure}()
 4 SYSTEMPATH\Common.php(1188): CodeIgniter\View\View->render()
 5 APPPATH\Controllers\Task.php(69): view()
 6 SYSTEMPATH\CodeIgniter.php(919): App\Controllers\Task->show()
 7 SYSTEMPATH\CodeIgniter.php(494): CodeIgniter\CodeIgniter->runController()
 8 SYSTEMPATH\CodeIgniter.php(353): CodeIgniter\CodeIgniter->handleRequest()
 9 FCPATH\index.php(79): CodeIgniter\CodeIgniter->run()
10 SYSTEMPATH\Commands\Server\rewrite.php(47): require_once('C:\\Users\\INFODIF\\Desktop\\GİT\\Task\\public\\index.php')
CRITICAL - 2023-10-03 13:24:31 --> Attempt to read property "task_title" on array
in APPPATH\Views\Home\show.php on line 140.
 1 APPPATH\Views\Home\show.php(140): CodeIgniter\Debug\Exceptions->errorHandler()
 2 SYSTEMPATH\View\View.php(226): include('C:\\Users\\INFODIF\\Desktop\\GİT\\Task\\app\\Views\\Home\\show.php')
 3 SYSTEMPATH\View\View.php(229): CodeIgniter\View\View->CodeIgniter\View\{closure}()
 4 SYSTEMPATH\Common.php(1188): CodeIgniter\View\View->render()
 5 APPPATH\Controllers\Task.php(69): view()
 6 SYSTEMPATH\CodeIgniter.php(919): App\Controllers\Task->show()
 7 SYSTEMPATH\CodeIgniter.php(494): CodeIgniter\CodeIgniter->runController()
 8 SYSTEMPATH\CodeIgniter.php(353): CodeIgniter\CodeIgniter->handleRequest()
 9 FCPATH\index.php(79): CodeIgniter\CodeIgniter->run()
10 SYSTEMPATH\Commands\Server\rewrite.php(47): require_once('C:\\Users\\INFODIF\\Desktop\\GİT\\Task\\public\\index.php')
CRITICAL - 2023-10-03 13:24:31 --> Attempt to read property "task_title" on array
in APPPATH\Views\Home\show.php on line 140.
 1 APPPATH\Views\Home\show.php(140): CodeIgniter\Debug\Exceptions->errorHandler()
 2 SYSTEMPATH\View\View.php(226): include('C:\\Users\\INFODIF\\Desktop\\GİT\\Task\\app\\Views\\Home\\show.php')
 3 SYSTEMPATH\View\View.php(229): CodeIgniter\View\View->CodeIgniter\View\{closure}()
 4 SYSTEMPATH\Common.php(1188): CodeIgniter\View\View->render()
 5 APPPATH\Controllers\Task.php(69): view()
 6 SYSTEMPATH\CodeIgniter.php(919): App\Controllers\Task->show()
 7 SYSTEMPATH\CodeIgniter.php(494): CodeIgniter\CodeIgniter->runController()
 8 SYSTEMPATH\CodeIgniter.php(353): CodeIgniter\CodeIgniter->handleRequest()
 9 FCPATH\index.php(79): CodeIgniter\CodeIgniter->run()
10 SYSTEMPATH\Commands\Server\rewrite.php(47): require_once('C:\\Users\\INFODIF\\Desktop\\GİT\\Task\\public\\index.php')
CRITICAL - 2023-10-03 13:38:22 --> Invalid file: "Home/index.html"
in SYSTEMPATH\Exceptions\FrameworkException.php on line 39.
 1 SYSTEMPATH\View\View.php(214): CodeIgniter\Exceptions\FrameworkException::forInvalidFile()
 2 SYSTEMPATH\Common.php(1188): CodeIgniter\View\View->render()
 3 APPPATH\Controllers\Home.php(9): view()
 4 SYSTEMPATH\CodeIgniter.php(919): App\Controllers\Home->index()
 5 SYSTEMPATH\CodeIgniter.php(494): CodeIgniter\CodeIgniter->runController()
 6 SYSTEMPATH\CodeIgniter.php(353): CodeIgniter\CodeIgniter->handleRequest()
 7 FCPATH\index.php(79): CodeIgniter\CodeIgniter->run()
 8 SYSTEMPATH\Commands\Server\rewrite.php(47): require_once('C:\\Users\\INFODIF\\Desktop\\GİT\\Task\\public\\index.php')
CRITICAL - 2023-10-03 13:38:23 --> Invalid file: "Home/index.html"
in SYSTEMPATH\Exceptions\FrameworkException.php on line 39.
 1 SYSTEMPATH\View\View.php(214): CodeIgniter\Exceptions\FrameworkException::forInvalidFile()
 2 SYSTEMPATH\Common.php(1188): CodeIgniter\View\View->render()
 3 APPPATH\Controllers\Home.php(9): view()
 4 SYSTEMPATH\CodeIgniter.php(919): App\Controllers\Home->index()
 5 SYSTEMPATH\CodeIgniter.php(494): CodeIgniter\CodeIgniter->runController()
 6 SYSTEMPATH\CodeIgniter.php(353): CodeIgniter\CodeIgniter->handleRequest()
 7 FCPATH\index.php(79): CodeIgniter\CodeIgniter->run()
 8 SYSTEMPATH\Commands\Server\rewrite.php(47): require_once('C:\\Users\\INFODIF\\Desktop\\GİT\\Task\\public\\index.php')
CRITICAL - 2023-10-03 13:38:23 --> Invalid file: "Home/index.html"
in SYSTEMPATH\Exceptions\FrameworkException.php on line 39.
 1 SYSTEMPATH\View\View.php(214): CodeIgniter\Exceptions\FrameworkException::forInvalidFile()
 2 SYSTEMPATH\Common.php(1188): CodeIgniter\View\View->render()
 3 APPPATH\Controllers\Home.php(9): view()
 4 SYSTEMPATH\CodeIgniter.php(919): App\Controllers\Home->index()
 5 SYSTEMPATH\CodeIgniter.php(494): CodeIgniter\CodeIgniter->runController()
 6 SYSTEMPATH\CodeIgniter.php(353): CodeIgniter\CodeIgniter->handleRequest()
 7 FCPATH\index.php(79): CodeIgniter\CodeIgniter->run()
 8 SYSTEMPATH\Commands\Server\rewrite.php(47): require_once('C:\\Users\\INFODIF\\Desktop\\GİT\\Task\\public\\index.php')
CRITICAL - 2023-10-03 13:39:02 --> Invalid file: "Home/index.html"
in SYSTEMPATH\Exceptions\FrameworkException.php on line 39.
 1 SYSTEMPATH\View\View.php(214): CodeIgniter\Exceptions\FrameworkException::forInvalidFile()
 2 SYSTEMPATH\Common.php(1188): CodeIgniter\View\View->render()
 3 APPPATH\Controllers\Home.php(9): view()
 4 SYSTEMPATH\CodeIgniter.php(919): App\Controllers\Home->index()
 5 SYSTEMPATH\CodeIgniter.php(494): CodeIgniter\CodeIgniter->runController()
 6 SYSTEMPATH\CodeIgniter.php(353): CodeIgniter\CodeIgniter->handleRequest()
 7 FCPATH\index.php(79): CodeIgniter\CodeIgniter->run()
 8 SYSTEMPATH\Commands\Server\rewrite.php(47): require_once('C:\\Users\\INFODIF\\Desktop\\GİT\\Task\\public\\index.php')
CRITICAL - 2023-10-03 13:39:03 --> Invalid file: "Home/index.html"
in SYSTEMPATH\Exceptions\FrameworkException.php on line 39.
 1 SYSTEMPATH\View\View.php(214): CodeIgniter\Exceptions\FrameworkException::forInvalidFile()
 2 SYSTEMPATH\Common.php(1188): CodeIgniter\View\View->render()
 3 APPPATH\Controllers\Home.php(9): view()
 4 SYSTEMPATH\CodeIgniter.php(919): App\Controllers\Home->index()
 5 SYSTEMPATH\CodeIgniter.php(494): CodeIgniter\CodeIgniter->runController()
 6 SYSTEMPATH\CodeIgniter.php(353): CodeIgniter\CodeIgniter->handleRequest()
 7 FCPATH\index.php(79): CodeIgniter\CodeIgniter->run()
 8 SYSTEMPATH\Commands\Server\rewrite.php(47): require_once('C:\\Users\\INFODIF\\Desktop\\GİT\\Task\\public\\index.php')
CRITICAL - 2023-10-03 13:39:03 --> Invalid file: "Home/index.html"
in SYSTEMPATH\Exceptions\FrameworkException.php on line 39.
 1 SYSTEMPATH\View\View.php(214): CodeIgniter\Exceptions\FrameworkException::forInvalidFile()
 2 SYSTEMPATH\Common.php(1188): CodeIgniter\View\View->render()
 3 APPPATH\Controllers\Home.php(9): view()
 4 SYSTEMPATH\CodeIgniter.php(919): App\Controllers\Home->index()
 5 SYSTEMPATH\CodeIgniter.php(494): CodeIgniter\CodeIgniter->runController()
 6 SYSTEMPATH\CodeIgniter.php(353): CodeIgniter\CodeIgniter->handleRequest()
 7 FCPATH\index.php(79): CodeIgniter\CodeIgniter->run()
 8 SYSTEMPATH\Commands\Server\rewrite.php(47): require_once('C:\\Users\\INFODIF\\Desktop\\GİT\\Task\\public\\index.php')
CRITICAL - 2023-10-03 13:39:07 --> Invalid file: "Home/index.html"
in SYSTEMPATH\Exceptions\FrameworkException.php on line 39.
 1 SYSTEMPATH\View\View.php(214): CodeIgniter\Exceptions\FrameworkException::forInvalidFile()
 2 SYSTEMPATH\Common.php(1188): CodeIgniter\View\View->render()
 3 APPPATH\Controllers\Home.php(9): view()
 4 SYSTEMPATH\CodeIgniter.php(919): App\Controllers\Home->index()
 5 SYSTEMPATH\CodeIgniter.php(494): CodeIgniter\CodeIgniter->runController()
 6 SYSTEMPATH\CodeIgniter.php(353): CodeIgniter\CodeIgniter->handleRequest()
 7 FCPATH\index.php(79): CodeIgniter\CodeIgniter->run()
 8 SYSTEMPATH\Commands\Server\rewrite.php(47): require_once('C:\\Users\\INFODIF\\Desktop\\GİT\\Task\\public\\index.php')
CRITICAL - 2023-10-03 13:39:15 --> Invalid file: "Home/index.html"
in SYSTEMPATH\Exceptions\FrameworkException.php on line 39.
 1 SYSTEMPATH\View\View.php(214): CodeIgniter\Exceptions\FrameworkException::forInvalidFile()
 2 SYSTEMPATH\Common.php(1188): CodeIgniter\View\View->render()
 3 APPPATH\Controllers\Home.php(9): view()
 4 SYSTEMPATH\CodeIgniter.php(919): App\Controllers\Home->index()
 5 SYSTEMPATH\CodeIgniter.php(494): CodeIgniter\CodeIgniter->runController()
 6 SYSTEMPATH\CodeIgniter.php(353): CodeIgniter\CodeIgniter->handleRequest()
 7 FCPATH\index.php(79): CodeIgniter\CodeIgniter->run()
 8 SYSTEMPATH\Commands\Server\rewrite.php(47): require_once('C:\\Users\\INFODIF\\Desktop\\GİT\\Task\\public\\index.php')
CRITICAL - 2023-10-03 13:39:16 --> Invalid file: "Home/index.html"
in SYSTEMPATH\Exceptions\FrameworkException.php on line 39.
 1 SYSTEMPATH\View\View.php(214): CodeIgniter\Exceptions\FrameworkException::forInvalidFile()
 2 SYSTEMPATH\Common.php(1188): CodeIgniter\View\View->render()
 3 APPPATH\Controllers\Home.php(9): view()
 4 SYSTEMPATH\CodeIgniter.php(919): App\Controllers\Home->index()
 5 SYSTEMPATH\CodeIgniter.php(494): CodeIgniter\CodeIgniter->runController()
 6 SYSTEMPATH\CodeIgniter.php(353): CodeIgniter\CodeIgniter->handleRequest()
 7 FCPATH\index.php(79): CodeIgniter\CodeIgniter->run()
 8 SYSTEMPATH\Commands\Server\rewrite.php(47): require_once('C:\\Users\\INFODIF\\Desktop\\GİT\\Task\\public\\index.php')
CRITICAL - 2023-10-03 13:39:16 --> Invalid file: "Home/index.html"
in SYSTEMPATH\Exceptions\FrameworkException.php on line 39.
 1 SYSTEMPATH\View\View.php(214): CodeIgniter\Exceptions\FrameworkException::forInvalidFile()
 2 SYSTEMPATH\Common.php(1188): CodeIgniter\View\View->render()
 3 APPPATH\Controllers\Home.php(9): view()
 4 SYSTEMPATH\CodeIgniter.php(919): App\Controllers\Home->index()
 5 SYSTEMPATH\CodeIgniter.php(494): CodeIgniter\CodeIgniter->runController()
 6 SYSTEMPATH\CodeIgniter.php(353): CodeIgniter\CodeIgniter->handleRequest()
 7 FCPATH\index.php(79): CodeIgniter\CodeIgniter->run()
 8 SYSTEMPATH\Commands\Server\rewrite.php(47): require_once('C:\\Users\\INFODIF\\Desktop\\GİT\\Task\\public\\index.php')
CRITICAL - 2023-10-03 13:39:34 --> Invalid file: "Home/index.html"
in SYSTEMPATH\Exceptions\FrameworkException.php on line 39.
 1 SYSTEMPATH\View\View.php(214): CodeIgniter\Exceptions\FrameworkException::forInvalidFile()
 2 SYSTEMPATH\Common.php(1188): CodeIgniter\View\View->render()
 3 APPPATH\Controllers\Home.php(9): view()
 4 SYSTEMPATH\CodeIgniter.php(919): App\Controllers\Home->index()
 5 SYSTEMPATH\CodeIgniter.php(494): CodeIgniter\CodeIgniter->runController()
 6 SYSTEMPATH\CodeIgniter.php(353): CodeIgniter\CodeIgniter->handleRequest()
 7 FCPATH\index.php(79): CodeIgniter\CodeIgniter->run()
 8 SYSTEMPATH\Commands\Server\rewrite.php(47): require_once('C:\\Users\\INFODIF\\Desktop\\GİT\\Task\\public\\index.php')
CRITICAL - 2023-10-03 13:39:35 --> Invalid file: "Home/index.html"
in SYSTEMPATH\Exceptions\FrameworkException.php on line 39.
 1 SYSTEMPATH\View\View.php(214): CodeIgniter\Exceptions\FrameworkException::forInvalidFile()
 2 SYSTEMPATH\Common.php(1188): CodeIgniter\View\View->render()
 3 APPPATH\Controllers\Home.php(9): view()
 4 SYSTEMPATH\CodeIgniter.php(919): App\Controllers\Home->index()
 5 SYSTEMPATH\CodeIgniter.php(494): CodeIgniter\CodeIgniter->runController()
 6 SYSTEMPATH\CodeIgniter.php(353): CodeIgniter\CodeIgniter->handleRequest()
 7 FCPATH\index.php(79): CodeIgniter\CodeIgniter->run()
 8 SYSTEMPATH\Commands\Server\rewrite.php(47): require_once('C:\\Users\\INFODIF\\Desktop\\GİT\\Task\\public\\index.php')
CRITICAL - 2023-10-03 13:39:35 --> Invalid file: "Home/index.html"
in SYSTEMPATH\Exceptions\FrameworkException.php on line 39.
 1 SYSTEMPATH\View\View.php(214): CodeIgniter\Exceptions\FrameworkException::forInvalidFile()
 2 SYSTEMPATH\Common.php(1188): CodeIgniter\View\View->render()
 3 APPPATH\Controllers\Home.php(9): view()
 4 SYSTEMPATH\CodeIgniter.php(919): App\Controllers\Home->index()
 5 SYSTEMPATH\CodeIgniter.php(494): CodeIgniter\CodeIgniter->runController()
 6 SYSTEMPATH\CodeIgniter.php(353): CodeIgniter\CodeIgniter->handleRequest()
 7 FCPATH\index.php(79): CodeIgniter\CodeIgniter->run()
 8 SYSTEMPATH\Commands\Server\rewrite.php(47): require_once('C:\\Users\\INFODIF\\Desktop\\GİT\\Task\\public\\index.php')
CRITICAL - 2023-10-03 13:39:35 --> Invalid file: "Home/index.html"
in SYSTEMPATH\Exceptions\FrameworkException.php on line 39.
 1 SYSTEMPATH\View\View.php(214): CodeIgniter\Exceptions\FrameworkException::forInvalidFile()
 2 SYSTEMPATH\Common.php(1188): CodeIgniter\View\View->render()
 3 APPPATH\Controllers\Home.php(9): view()
 4 SYSTEMPATH\CodeIgniter.php(919): App\Controllers\Home->index()
 5 SYSTEMPATH\CodeIgniter.php(494): CodeIgniter\CodeIgniter->runController()
 6 SYSTEMPATH\CodeIgniter.php(353): CodeIgniter\CodeIgniter->handleRequest()
 7 FCPATH\index.php(79): CodeIgniter\CodeIgniter->run()
 8 SYSTEMPATH\Commands\Server\rewrite.php(47): require_once('C:\\Users\\INFODIF\\Desktop\\GİT\\Task\\public\\index.php')
CRITICAL - 2023-10-03 13:39:35 --> Invalid file: "Home/index.html"
in SYSTEMPATH\Exceptions\FrameworkException.php on line 39.
 1 SYSTEMPATH\View\View.php(214): CodeIgniter\Exceptions\FrameworkException::forInvalidFile()
 2 SYSTEMPATH\Common.php(1188): CodeIgniter\View\View->render()
 3 APPPATH\Controllers\Home.php(9): view()
 4 SYSTEMPATH\CodeIgniter.php(919): App\Controllers\Home->index()
 5 SYSTEMPATH\CodeIgniter.php(494): CodeIgniter\CodeIgniter->runController()
 6 SYSTEMPATH\CodeIgniter.php(353): CodeIgniter\CodeIgniter->handleRequest()
 7 FCPATH\index.php(79): CodeIgniter\CodeIgniter->run()
 8 SYSTEMPATH\Commands\Server\rewrite.php(47): require_once('C:\\Users\\INFODIF\\Desktop\\GİT\\Task\\public\\index.php')
CRITICAL - 2023-10-03 13:39:35 --> Invalid file: "Home/index.html"
in SYSTEMPATH\Exceptions\FrameworkException.php on line 39.
 1 SYSTEMPATH\View\View.php(214): CodeIgniter\Exceptions\FrameworkException::forInvalidFile()
 2 SYSTEMPATH\Common.php(1188): CodeIgniter\View\View->render()
 3 APPPATH\Controllers\Home.php(9): view()
 4 SYSTEMPATH\CodeIgniter.php(919): App\Controllers\Home->index()
 5 SYSTEMPATH\CodeIgniter.php(494): CodeIgniter\CodeIgniter->runController()
 6 SYSTEMPATH\CodeIgniter.php(353): CodeIgniter\CodeIgniter->handleRequest()
 7 FCPATH\index.php(79): CodeIgniter\CodeIgniter->run()
 8 SYSTEMPATH\Commands\Server\rewrite.php(47): require_once('C:\\Users\\INFODIF\\Desktop\\GİT\\Task\\public\\index.php')
CRITICAL - 2023-10-03 13:39:35 --> Invalid file: "Home/index.html"
in SYSTEMPATH\Exceptions\FrameworkException.php on line 39.
 1 SYSTEMPATH\View\View.php(214): CodeIgniter\Exceptions\FrameworkException::forInvalidFile()
 2 SYSTEMPATH\Common.php(1188): CodeIgniter\View\View->render()
 3 APPPATH\Controllers\Home.php(9): view()
 4 SYSTEMPATH\CodeIgniter.php(919): App\Controllers\Home->index()
 5 SYSTEMPATH\CodeIgniter.php(494): CodeIgniter\CodeIgniter->runController()
 6 SYSTEMPATH\CodeIgniter.php(353): CodeIgniter\CodeIgniter->handleRequest()
 7 FCPATH\index.php(79): CodeIgniter\CodeIgniter->run()
 8 SYSTEMPATH\Commands\Server\rewrite.php(47): require_once('C:\\Users\\INFODIF\\Desktop\\GİT\\Task\\public\\index.php')
CRITICAL - 2023-10-03 13:39:36 --> Invalid file: "Home/index.html"
in SYSTEMPATH\Exceptions\FrameworkException.php on line 39.
 1 SYSTEMPATH\View\View.php(214): CodeIgniter\Exceptions\FrameworkException::forInvalidFile()
 2 SYSTEMPATH\Common.php(1188): CodeIgniter\View\View->render()
 3 APPPATH\Controllers\Home.php(9): view()
 4 SYSTEMPATH\CodeIgniter.php(919): App\Controllers\Home->index()
 5 SYSTEMPATH\CodeIgniter.php(494): CodeIgniter\CodeIgniter->runController()
 6 SYSTEMPATH\CodeIgniter.php(353): CodeIgniter\CodeIgniter->handleRequest()
 7 FCPATH\index.php(79): CodeIgniter\CodeIgniter->run()
 8 SYSTEMPATH\Commands\Server\rewrite.php(47): require_once('C:\\Users\\INFODIF\\Desktop\\GİT\\Task\\public\\index.php')
CRITICAL - 2023-10-03 13:39:36 --> Invalid file: "Home/index.html"
in SYSTEMPATH\Exceptions\FrameworkException.php on line 39.
 1 SYSTEMPATH\View\View.php(214): CodeIgniter\Exceptions\FrameworkException::forInvalidFile()
 2 SYSTEMPATH\Common.php(1188): CodeIgniter\View\View->render()
 3 APPPATH\Controllers\Home.php(9): view()
 4 SYSTEMPATH\CodeIgniter.php(919): App\Controllers\Home->index()
 5 SYSTEMPATH\CodeIgniter.php(494): CodeIgniter\CodeIgniter->runController()
 6 SYSTEMPATH\CodeIgniter.php(353): CodeIgniter\CodeIgniter->handleRequest()
 7 FCPATH\index.php(79): CodeIgniter\CodeIgniter->run()
 8 SYSTEMPATH\Commands\Server\rewrite.php(47): require_once('C:\\Users\\INFODIF\\Desktop\\GİT\\Task\\public\\index.php')
CRITICAL - 2023-10-03 13:39:36 --> Invalid file: "Home/index.html"
in SYSTEMPATH\Exceptions\FrameworkException.php on line 39.
 1 SYSTEMPATH\View\View.php(214): CodeIgniter\Exceptions\FrameworkException::forInvalidFile()
 2 SYSTEMPATH\Common.php(1188): CodeIgniter\View\View->render()
 3 APPPATH\Controllers\Home.php(9): view()
 4 SYSTEMPATH\CodeIgniter.php(919): App\Controllers\Home->index()
 5 SYSTEMPATH\CodeIgniter.php(494): CodeIgniter\CodeIgniter->runController()
 6 SYSTEMPATH\CodeIgniter.php(353): CodeIgniter\CodeIgniter->handleRequest()
 7 FCPATH\index.php(79): CodeIgniter\CodeIgniter->run()
 8 SYSTEMPATH\Commands\Server\rewrite.php(47): require_once('C:\\Users\\INFODIF\\Desktop\\GİT\\Task\\public\\index.php')
CRITICAL - 2023-10-03 13:39:36 --> Invalid file: "Home/index.html"
in SYSTEMPATH\Exceptions\FrameworkException.php on line 39.
 1 SYSTEMPATH\View\View.php(214): CodeIgniter\Exceptions\FrameworkException::forInvalidFile()
 2 SYSTEMPATH\Common.php(1188): CodeIgniter\View\View->render()
 3 APPPATH\Controllers\Home.php(9): view()
 4 SYSTEMPATH\CodeIgniter.php(919): App\Controllers\Home->index()
 5 SYSTEMPATH\CodeIgniter.php(494): CodeIgniter\CodeIgniter->runController()
 6 SYSTEMPATH\CodeIgniter.php(353): CodeIgniter\CodeIgniter->handleRequest()
 7 FCPATH\index.php(79): CodeIgniter\CodeIgniter->run()
 8 SYSTEMPATH\Commands\Server\rewrite.php(47): require_once('C:\\Users\\INFODIF\\Desktop\\GİT\\Task\\public\\index.php')
CRITICAL - 2023-10-03 13:39:36 --> Invalid file: "Home/index.html"
in SYSTEMPATH\Exceptions\FrameworkException.php on line 39.
 1 SYSTEMPATH\View\View.php(214): CodeIgniter\Exceptions\FrameworkException::forInvalidFile()
 2 SYSTEMPATH\Common.php(1188): CodeIgniter\View\View->render()
 3 APPPATH\Controllers\Home.php(9): view()
 4 SYSTEMPATH\CodeIgniter.php(919): App\Controllers\Home->index()
 5 SYSTEMPATH\CodeIgniter.php(494): CodeIgniter\CodeIgniter->runController()
 6 SYSTEMPATH\CodeIgniter.php(353): CodeIgniter\CodeIgniter->handleRequest()
 7 FCPATH\index.php(79): CodeIgniter\CodeIgniter->run()
 8 SYSTEMPATH\Commands\Server\rewrite.php(47): require_once('C:\\Users\\INFODIF\\Desktop\\GİT\\Task\\public\\index.php')
CRITICAL - 2023-10-03 13:43:35 --> Attempt to read property "task_id" on array
in APPPATH\Views\Home\show.php on line 140.
 1 APPPATH\Views\Home\show.php(140): CodeIgniter\Debug\Exceptions->errorHandler()
 2 SYSTEMPATH\View\View.php(226): include('C:\\Users\\INFODIF\\Desktop\\GİT\\Task\\app\\Views\\Home\\show.php')
 3 SYSTEMPATH\View\View.php(229): CodeIgniter\View\View->CodeIgniter\View\{closure}()
 4 SYSTEMPATH\Common.php(1188): CodeIgniter\View\View->render()
 5 APPPATH\Controllers\Task.php(69): view()
 6 SYSTEMPATH\CodeIgniter.php(919): App\Controllers\Task->show()
 7 SYSTEMPATH\CodeIgniter.php(494): CodeIgniter\CodeIgniter->runController()
 8 SYSTEMPATH\CodeIgniter.php(353): CodeIgniter\CodeIgniter->handleRequest()
 9 FCPATH\index.php(79): CodeIgniter\CodeIgniter->run()
10 SYSTEMPATH\Commands\Server\rewrite.php(47): require_once('C:\\Users\\INFODIF\\Desktop\\GİT\\Task\\public\\index.php')
CRITICAL - 2023-10-03 13:46:16 --> Attempt to read property "task_id" on array
in APPPATH\Views\Home\show.php on line 140.
 1 APPPATH\Views\Home\show.php(140): CodeIgniter\Debug\Exceptions->errorHandler()
 2 SYSTEMPATH\View\View.php(226): include('C:\\Users\\INFODIF\\Desktop\\GİT\\Task\\app\\Views\\Home\\show.php')
 3 SYSTEMPATH\View\View.php(229): CodeIgniter\View\View->CodeIgniter\View\{closure}()
 4 SYSTEMPATH\Common.php(1188): CodeIgniter\View\View->render()
 5 APPPATH\Controllers\Task.php(69): view()
 6 SYSTEMPATH\CodeIgniter.php(919): App\Controllers\Task->show()
 7 SYSTEMPATH\CodeIgniter.php(494): CodeIgniter\CodeIgniter->runController()
 8 SYSTEMPATH\CodeIgniter.php(353): CodeIgniter\CodeIgniter->handleRequest()
 9 FCPATH\index.php(79): CodeIgniter\CodeIgniter->run()
10 SYSTEMPATH\Commands\Server\rewrite.php(47): require_once('C:\\Users\\INFODIF\\Desktop\\GİT\\Task\\public\\index.php')
CRITICAL - 2023-10-03 13:46:18 --> Attempt to read property "task_id" on array
in APPPATH\Views\Home\show.php on line 140.
 1 APPPATH\Views\Home\show.php(140): CodeIgniter\Debug\Exceptions->errorHandler()
 2 SYSTEMPATH\View\View.php(226): include('C:\\Users\\INFODIF\\Desktop\\GİT\\Task\\app\\Views\\Home\\show.php')
 3 SYSTEMPATH\View\View.php(229): CodeIgniter\View\View->CodeIgniter\View\{closure}()
 4 SYSTEMPATH\Common.php(1188): CodeIgniter\View\View->render()
 5 APPPATH\Controllers\Task.php(69): view()
 6 SYSTEMPATH\CodeIgniter.php(919): App\Controllers\Task->show()
 7 SYSTEMPATH\CodeIgniter.php(494): CodeIgniter\CodeIgniter->runController()
 8 SYSTEMPATH\CodeIgniter.php(353): CodeIgniter\CodeIgniter->handleRequest()
 9 FCPATH\index.php(79): CodeIgniter\CodeIgniter->run()
10 SYSTEMPATH\Commands\Server\rewrite.php(47): require_once('C:\\Users\\INFODIF\\Desktop\\GİT\\Task\\public\\index.php')
CRITICAL - 2023-10-03 13:46:45 --> Attempt to read property "task_title" on array
in APPPATH\Views\Home\show.php on line 140.
 1 APPPATH\Views\Home\show.php(140): CodeIgniter\Debug\Exceptions->errorHandler()
 2 SYSTEMPATH\View\View.php(226): include('C:\\Users\\INFODIF\\Desktop\\GİT\\Task\\app\\Views\\Home\\show.php')
 3 SYSTEMPATH\View\View.php(229): CodeIgniter\View\View->CodeIgniter\View\{closure}()
 4 SYSTEMPATH\Common.php(1188): CodeIgniter\View\View->render()
 5 APPPATH\Controllers\Task.php(69): view()
 6 SYSTEMPATH\CodeIgniter.php(919): App\Controllers\Task->show()
 7 SYSTEMPATH\CodeIgniter.php(494): CodeIgniter\CodeIgniter->runController()
 8 SYSTEMPATH\CodeIgniter.php(353): CodeIgniter\CodeIgniter->handleRequest()
 9 FCPATH\index.php(79): CodeIgniter\CodeIgniter->run()
10 SYSTEMPATH\Commands\Server\rewrite.php(47): require_once('C:\\Users\\INFODIF\\Desktop\\GİT\\Task\\public\\index.php')
CRITICAL - 2023-10-03 13:46:46 --> Attempt to read property "task_title" on array
in APPPATH\Views\Home\show.php on line 140.
 1 APPPATH\Views\Home\show.php(140): CodeIgniter\Debug\Exceptions->errorHandler()
 2 SYSTEMPATH\View\View.php(226): include('C:\\Users\\INFODIF\\Desktop\\GİT\\Task\\app\\Views\\Home\\show.php')
 3 SYSTEMPATH\View\View.php(229): CodeIgniter\View\View->CodeIgniter\View\{closure}()
 4 SYSTEMPATH\Common.php(1188): CodeIgniter\View\View->render()
 5 APPPATH\Controllers\Task.php(69): view()
 6 SYSTEMPATH\CodeIgniter.php(919): App\Controllers\Task->show()
 7 SYSTEMPATH\CodeIgniter.php(494): CodeIgniter\CodeIgniter->runController()
 8 SYSTEMPATH\CodeIgniter.php(353): CodeIgniter\CodeIgniter->handleRequest()
 9 FCPATH\index.php(79): CodeIgniter\CodeIgniter->run()
10 SYSTEMPATH\Commands\Server\rewrite.php(47): require_once('C:\\Users\\INFODIF\\Desktop\\GİT\\Task\\public\\index.php')
CRITICAL - 2023-10-03 13:46:46 --> Attempt to read property "task_title" on array
in APPPATH\Views\Home\show.php on line 140.
 1 APPPATH\Views\Home\show.php(140): CodeIgniter\Debug\Exceptions->errorHandler()
 2 SYSTEMPATH\View\View.php(226): include('C:\\Users\\INFODIF\\Desktop\\GİT\\Task\\app\\Views\\Home\\show.php')
 3 SYSTEMPATH\View\View.php(229): CodeIgniter\View\View->CodeIgniter\View\{closure}()
 4 SYSTEMPATH\Common.php(1188): CodeIgniter\View\View->render()
 5 APPPATH\Controllers\Task.php(69): view()
 6 SYSTEMPATH\CodeIgniter.php(919): App\Controllers\Task->show()
 7 SYSTEMPATH\CodeIgniter.php(494): CodeIgniter\CodeIgniter->runController()
 8 SYSTEMPATH\CodeIgniter.php(353): CodeIgniter\CodeIgniter->handleRequest()
 9 FCPATH\index.php(79): CodeIgniter\CodeIgniter->run()
10 SYSTEMPATH\Commands\Server\rewrite.php(47): require_once('C:\\Users\\INFODIF\\Desktop\\GİT\\Task\\public\\index.php')
CRITICAL - 2023-10-03 13:46:46 --> Attempt to read property "task_title" on array
in APPPATH\Views\Home\show.php on line 140.
 1 APPPATH\Views\Home\show.php(140): CodeIgniter\Debug\Exceptions->errorHandler()
 2 SYSTEMPATH\View\View.php(226): include('C:\\Users\\INFODIF\\Desktop\\GİT\\Task\\app\\Views\\Home\\show.php')
 3 SYSTEMPATH\View\View.php(229): CodeIgniter\View\View->CodeIgniter\View\{closure}()
 4 SYSTEMPATH\Common.php(1188): CodeIgniter\View\View->render()
 5 APPPATH\Controllers\Task.php(69): view()
 6 SYSTEMPATH\CodeIgniter.php(919): App\Controllers\Task->show()
 7 SYSTEMPATH\CodeIgniter.php(494): CodeIgniter\CodeIgniter->runController()
 8 SYSTEMPATH\CodeIgniter.php(353): CodeIgniter\CodeIgniter->handleRequest()
 9 FCPATH\index.php(79): CodeIgniter\CodeIgniter->run()
10 SYSTEMPATH\Commands\Server\rewrite.php(47): require_once('C:\\Users\\INFODIF\\Desktop\\GİT\\Task\\public\\index.php')
CRITICAL - 2023-10-03 13:46:46 --> Attempt to read property "task_title" on array
in APPPATH\Views\Home\show.php on line 140.
 1 APPPATH\Views\Home\show.php(140): CodeIgniter\Debug\Exceptions->errorHandler()
 2 SYSTEMPATH\View\View.php(226): include('C:\\Users\\INFODIF\\Desktop\\GİT\\Task\\app\\Views\\Home\\show.php')
 3 SYSTEMPATH\View\View.php(229): CodeIgniter\View\View->CodeIgniter\View\{closure}()
 4 SYSTEMPATH\Common.php(1188): CodeIgniter\View\View->render()
 5 APPPATH\Controllers\Task.php(69): view()
 6 SYSTEMPATH\CodeIgniter.php(919): App\Controllers\Task->show()
 7 SYSTEMPATH\CodeIgniter.php(494): CodeIgniter\CodeIgniter->runController()
 8 SYSTEMPATH\CodeIgniter.php(353): CodeIgniter\CodeIgniter->handleRequest()
 9 FCPATH\index.php(79): CodeIgniter\CodeIgniter->run()
10 SYSTEMPATH\Commands\Server\rewrite.php(47): require_once('C:\\Users\\INFODIF\\Desktop\\GİT\\Task\\public\\index.php')
CRITICAL - 2023-10-03 13:46:46 --> Attempt to read property "task_title" on array
in APPPATH\Views\Home\show.php on line 140.
 1 APPPATH\Views\Home\show.php(140): CodeIgniter\Debug\Exceptions->errorHandler()
 2 SYSTEMPATH\View\View.php(226): include('C:\\Users\\INFODIF\\Desktop\\GİT\\Task\\app\\Views\\Home\\show.php')
 3 SYSTEMPATH\View\View.php(229): CodeIgniter\View\View->CodeIgniter\View\{closure}()
 4 SYSTEMPATH\Common.php(1188): CodeIgniter\View\View->render()
 5 APPPATH\Controllers\Task.php(69): view()
 6 SYSTEMPATH\CodeIgniter.php(919): App\Controllers\Task->show()
 7 SYSTEMPATH\CodeIgniter.php(494): CodeIgniter\CodeIgniter->runController()
 8 SYSTEMPATH\CodeIgniter.php(353): CodeIgniter\CodeIgniter->handleRequest()
 9 FCPATH\index.php(79): CodeIgniter\CodeIgniter->run()
10 SYSTEMPATH\Commands\Server\rewrite.php(47): require_once('C:\\Users\\INFODIF\\Desktop\\GİT\\Task\\public\\index.php')
CRITICAL - 2023-10-03 13:46:47 --> Attempt to read property "task_title" on array
in APPPATH\Views\Home\show.php on line 140.
 1 APPPATH\Views\Home\show.php(140): CodeIgniter\Debug\Exceptions->errorHandler()
 2 SYSTEMPATH\View\View.php(226): include('C:\\Users\\INFODIF\\Desktop\\GİT\\Task\\app\\Views\\Home\\show.php')
 3 SYSTEMPATH\View\View.php(229): CodeIgniter\View\View->CodeIgniter\View\{closure}()
 4 SYSTEMPATH\Common.php(1188): CodeIgniter\View\View->render()
 5 APPPATH\Controllers\Task.php(69): view()
 6 SYSTEMPATH\CodeIgniter.php(919): App\Controllers\Task->show()
 7 SYSTEMPATH\CodeIgniter.php(494): CodeIgniter\CodeIgniter->runController()
 8 SYSTEMPATH\CodeIgniter.php(353): CodeIgniter\CodeIgniter->handleRequest()
 9 FCPATH\index.php(79): CodeIgniter\CodeIgniter->run()
10 SYSTEMPATH\Commands\Server\rewrite.php(47): require_once('C:\\Users\\INFODIF\\Desktop\\GİT\\Task\\public\\index.php')
CRITICAL - 2023-10-03 13:46:47 --> Attempt to read property "task_title" on array
in APPPATH\Views\Home\show.php on line 140.
 1 APPPATH\Views\Home\show.php(140): CodeIgniter\Debug\Exceptions->errorHandler()
 2 SYSTEMPATH\View\View.php(226): include('C:\\Users\\INFODIF\\Desktop\\GİT\\Task\\app\\Views\\Home\\show.php')
 3 SYSTEMPATH\View\View.php(229): CodeIgniter\View\View->CodeIgniter\View\{closure}()
 4 SYSTEMPATH\Common.php(1188): CodeIgniter\View\View->render()
 5 APPPATH\Controllers\Task.php(69): view()
 6 SYSTEMPATH\CodeIgniter.php(919): App\Controllers\Task->show()
 7 SYSTEMPATH\CodeIgniter.php(494): CodeIgniter\CodeIgniter->runController()
 8 SYSTEMPATH\CodeIgniter.php(353): CodeIgniter\CodeIgniter->handleRequest()
 9 FCPATH\index.php(79): CodeIgniter\CodeIgniter->run()
10 SYSTEMPATH\Commands\Server\rewrite.php(47): require_once('C:\\Users\\INFODIF\\Desktop\\GİT\\Task\\public\\index.php')
CRITICAL - 2023-10-03 13:46:47 --> Attempt to read property "task_title" on array
in APPPATH\Views\Home\show.php on line 140.
 1 APPPATH\Views\Home\show.php(140): CodeIgniter\Debug\Exceptions->errorHandler()
 2 SYSTEMPATH\View\View.php(226): include('C:\\Users\\INFODIF\\Desktop\\GİT\\Task\\app\\Views\\Home\\show.php')
 3 SYSTEMPATH\View\View.php(229): CodeIgniter\View\View->CodeIgniter\View\{closure}()
 4 SYSTEMPATH\Common.php(1188): CodeIgniter\View\View->render()
 5 APPPATH\Controllers\Task.php(69): view()
 6 SYSTEMPATH\CodeIgniter.php(919): App\Controllers\Task->show()
 7 SYSTEMPATH\CodeIgniter.php(494): CodeIgniter\CodeIgniter->runController()
 8 SYSTEMPATH\CodeIgniter.php(353): CodeIgniter\CodeIgniter->handleRequest()
 9 FCPATH\index.php(79): CodeIgniter\CodeIgniter->run()
10 SYSTEMPATH\Commands\Server\rewrite.php(47): require_once('C:\\Users\\INFODIF\\Desktop\\GİT\\Task\\public\\index.php')
CRITICAL - 2023-10-03 13:46:47 --> Attempt to read property "task_title" on array
in APPPATH\Views\Home\show.php on line 140.
 1 APPPATH\Views\Home\show.php(140): CodeIgniter\Debug\Exceptions->errorHandler()
 2 SYSTEMPATH\View\View.php(226): include('C:\\Users\\INFODIF\\Desktop\\GİT\\Task\\app\\Views\\Home\\show.php')
 3 SYSTEMPATH\View\View.php(229): CodeIgniter\View\View->CodeIgniter\View\{closure}()
 4 SYSTEMPATH\Common.php(1188): CodeIgniter\View\View->render()
 5 APPPATH\Controllers\Task.php(69): view()
 6 SYSTEMPATH\CodeIgniter.php(919): App\Controllers\Task->show()
 7 SYSTEMPATH\CodeIgniter.php(494): CodeIgniter\CodeIgniter->runController()
 8 SYSTEMPATH\CodeIgniter.php(353): CodeIgniter\CodeIgniter->handleRequest()
 9 FCPATH\index.php(79): CodeIgniter\CodeIgniter->run()
10 SYSTEMPATH\Commands\Server\rewrite.php(47): require_once('C:\\Users\\INFODIF\\Desktop\\GİT\\Task\\public\\index.php')
CRITICAL - 2023-10-03 13:46:47 --> Attempt to read property "task_title" on array
in APPPATH\Views\Home\show.php on line 140.
 1 APPPATH\Views\Home\show.php(140): CodeIgniter\Debug\Exceptions->errorHandler()
 2 SYSTEMPATH\View\View.php(226): include('C:\\Users\\INFODIF\\Desktop\\GİT\\Task\\app\\Views\\Home\\show.php')
 3 SYSTEMPATH\View\View.php(229): CodeIgniter\View\View->CodeIgniter\View\{closure}()
 4 SYSTEMPATH\Common.php(1188): CodeIgniter\View\View->render()
 5 APPPATH\Controllers\Task.php(69): view()
 6 SYSTEMPATH\CodeIgniter.php(919): App\Controllers\Task->show()
 7 SYSTEMPATH\CodeIgniter.php(494): CodeIgniter\CodeIgniter->runController()
 8 SYSTEMPATH\CodeIgniter.php(353): CodeIgniter\CodeIgniter->handleRequest()
 9 FCPATH\index.php(79): CodeIgniter\CodeIgniter->run()
10 SYSTEMPATH\Commands\Server\rewrite.php(47): require_once('C:\\Users\\INFODIF\\Desktop\\GİT\\Task\\public\\index.php')
CRITICAL - 2023-10-03 13:46:47 --> Attempt to read property "task_title" on array
in APPPATH\Views\Home\show.php on line 140.
 1 APPPATH\Views\Home\show.php(140): CodeIgniter\Debug\Exceptions->errorHandler()
 2 SYSTEMPATH\View\View.php(226): include('C:\\Users\\INFODIF\\Desktop\\GİT\\Task\\app\\Views\\Home\\show.php')
 3 SYSTEMPATH\View\View.php(229): CodeIgniter\View\View->CodeIgniter\View\{closure}()
 4 SYSTEMPATH\Common.php(1188): CodeIgniter\View\View->render()
 5 APPPATH\Controllers\Task.php(69): view()
 6 SYSTEMPATH\CodeIgniter.php(919): App\Controllers\Task->show()
 7 SYSTEMPATH\CodeIgniter.php(494): CodeIgniter\CodeIgniter->runController()
 8 SYSTEMPATH\CodeIgniter.php(353): CodeIgniter\CodeIgniter->handleRequest()
 9 FCPATH\index.php(79): CodeIgniter\CodeIgniter->run()
10 SYSTEMPATH\Commands\Server\rewrite.php(47): require_once('C:\\Users\\INFODIF\\Desktop\\GİT\\Task\\public\\index.php')
CRITICAL - 2023-10-03 13:46:48 --> Attempt to read property "task_title" on array
in APPPATH\Views\Home\show.php on line 140.
 1 APPPATH\Views\Home\show.php(140): CodeIgniter\Debug\Exceptions->errorHandler()
 2 SYSTEMPATH\View\View.php(226): include('C:\\Users\\INFODIF\\Desktop\\GİT\\Task\\app\\Views\\Home\\show.php')
 3 SYSTEMPATH\View\View.php(229): CodeIgniter\View\View->CodeIgniter\View\{closure}()
 4 SYSTEMPATH\Common.php(1188): CodeIgniter\View\View->render()
 5 APPPATH\Controllers\Task.php(69): view()
 6 SYSTEMPATH\CodeIgniter.php(919): App\Controllers\Task->show()
 7 SYSTEMPATH\CodeIgniter.php(494): CodeIgniter\CodeIgniter->runController()
 8 SYSTEMPATH\CodeIgniter.php(353): CodeIgniter\CodeIgniter->handleRequest()
 9 FCPATH\index.php(79): CodeIgniter\CodeIgniter->run()
10 SYSTEMPATH\Commands\Server\rewrite.php(47): require_once('C:\\Users\\INFODIF\\Desktop\\GİT\\Task\\public\\index.php')
CRITICAL - 2023-10-03 13:46:48 --> Attempt to read property "task_title" on array
in APPPATH\Views\Home\show.php on line 140.
 1 APPPATH\Views\Home\show.php(140): CodeIgniter\Debug\Exceptions->errorHandler()
 2 SYSTEMPATH\View\View.php(226): include('C:\\Users\\INFODIF\\Desktop\\GİT\\Task\\app\\Views\\Home\\show.php')
 3 SYSTEMPATH\View\View.php(229): CodeIgniter\View\View->CodeIgniter\View\{closure}()
 4 SYSTEMPATH\Common.php(1188): CodeIgniter\View\View->render()
 5 APPPATH\Controllers\Task.php(69): view()
 6 SYSTEMPATH\CodeIgniter.php(919): App\Controllers\Task->show()
 7 SYSTEMPATH\CodeIgniter.php(494): CodeIgniter\CodeIgniter->runController()
 8 SYSTEMPATH\CodeIgniter.php(353): CodeIgniter\CodeIgniter->handleRequest()
 9 FCPATH\index.php(79): CodeIgniter\CodeIgniter->run()
10 SYSTEMPATH\Commands\Server\rewrite.php(47): require_once('C:\\Users\\INFODIF\\Desktop\\GİT\\Task\\public\\index.php')
CRITICAL - 2023-10-03 13:46:48 --> Attempt to read property "task_title" on array
in APPPATH\Views\Home\show.php on line 140.
 1 APPPATH\Views\Home\show.php(140): CodeIgniter\Debug\Exceptions->errorHandler()
 2 SYSTEMPATH\View\View.php(226): include('C:\\Users\\INFODIF\\Desktop\\GİT\\Task\\app\\Views\\Home\\show.php')
 3 SYSTEMPATH\View\View.php(229): CodeIgniter\View\View->CodeIgniter\View\{closure}()
 4 SYSTEMPATH\Common.php(1188): CodeIgniter\View\View->render()
 5 APPPATH\Controllers\Task.php(69): view()
 6 SYSTEMPATH\CodeIgniter.php(919): App\Controllers\Task->show()
 7 SYSTEMPATH\CodeIgniter.php(494): CodeIgniter\CodeIgniter->runController()
 8 SYSTEMPATH\CodeIgniter.php(353): CodeIgniter\CodeIgniter->handleRequest()
 9 FCPATH\index.php(79): CodeIgniter\CodeIgniter->run()
10 SYSTEMPATH\Commands\Server\rewrite.php(47): require_once('C:\\Users\\INFODIF\\Desktop\\GİT\\Task\\public\\index.php')
CRITICAL - 2023-10-03 13:47:18 --> Attempt to read property "task_title" on array
in APPPATH\Views\Home\show.php on line 140.
 1 APPPATH\Views\Home\show.php(140): CodeIgniter\Debug\Exceptions->errorHandler()
 2 SYSTEMPATH\View\View.php(226): include('C:\\Users\\INFODIF\\Desktop\\GİT\\Task\\app\\Views\\Home\\show.php')
 3 SYSTEMPATH\View\View.php(229): CodeIgniter\View\View->CodeIgniter\View\{closure}()
 4 SYSTEMPATH\Common.php(1188): CodeIgniter\View\View->render()
 5 APPPATH\Controllers\Task.php(69): view()
 6 SYSTEMPATH\CodeIgniter.php(919): App\Controllers\Task->show()
 7 SYSTEMPATH\CodeIgniter.php(494): CodeIgniter\CodeIgniter->runController()
 8 SYSTEMPATH\CodeIgniter.php(353): CodeIgniter\CodeIgniter->handleRequest()
 9 FCPATH\index.php(79): CodeIgniter\CodeIgniter->run()
10 SYSTEMPATH\Commands\Server\rewrite.php(47): require_once('C:\\Users\\INFODIF\\Desktop\\GİT\\Task\\public\\index.php')
CRITICAL - 2023-10-03 13:47:19 --> Attempt to read property "task_title" on array
in APPPATH\Views\Home\show.php on line 140.
 1 APPPATH\Views\Home\show.php(140): CodeIgniter\Debug\Exceptions->errorHandler()
 2 SYSTEMPATH\View\View.php(226): include('C:\\Users\\INFODIF\\Desktop\\GİT\\Task\\app\\Views\\Home\\show.php')
 3 SYSTEMPATH\View\View.php(229): CodeIgniter\View\View->CodeIgniter\View\{closure}()
 4 SYSTEMPATH\Common.php(1188): CodeIgniter\View\View->render()
 5 APPPATH\Controllers\Task.php(69): view()
 6 SYSTEMPATH\CodeIgniter.php(919): App\Controllers\Task->show()
 7 SYSTEMPATH\CodeIgniter.php(494): CodeIgniter\CodeIgniter->runController()
 8 SYSTEMPATH\CodeIgniter.php(353): CodeIgniter\CodeIgniter->handleRequest()
 9 FCPATH\index.php(79): CodeIgniter\CodeIgniter->run()
10 SYSTEMPATH\Commands\Server\rewrite.php(47): require_once('C:\\Users\\INFODIF\\Desktop\\GİT\\Task\\public\\index.php')
CRITICAL - 2023-10-03 13:47:20 --> Attempt to read property "task_title" on array
in APPPATH\Views\Home\show.php on line 140.
 1 APPPATH\Views\Home\show.php(140): CodeIgniter\Debug\Exceptions->errorHandler()
 2 SYSTEMPATH\View\View.php(226): include('C:\\Users\\INFODIF\\Desktop\\GİT\\Task\\app\\Views\\Home\\show.php')
 3 SYSTEMPATH\View\View.php(229): CodeIgniter\View\View->CodeIgniter\View\{closure}()
 4 SYSTEMPATH\Common.php(1188): CodeIgniter\View\View->render()
 5 APPPATH\Controllers\Task.php(69): view()
 6 SYSTEMPATH\CodeIgniter.php(919): App\Controllers\Task->show()
 7 SYSTEMPATH\CodeIgniter.php(494): CodeIgniter\CodeIgniter->runController()
 8 SYSTEMPATH\CodeIgniter.php(353): CodeIgniter\CodeIgniter->handleRequest()
 9 FCPATH\index.php(79): CodeIgniter\CodeIgniter->run()
10 SYSTEMPATH\Commands\Server\rewrite.php(47): require_once('C:\\Users\\INFODIF\\Desktop\\GİT\\Task\\public\\index.php')
CRITICAL - 2023-10-03 13:47:20 --> Attempt to read property "task_title" on array
in APPPATH\Views\Home\show.php on line 140.
 1 APPPATH\Views\Home\show.php(140): CodeIgniter\Debug\Exceptions->errorHandler()
 2 SYSTEMPATH\View\View.php(226): include('C:\\Users\\INFODIF\\Desktop\\GİT\\Task\\app\\Views\\Home\\show.php')
 3 SYSTEMPATH\View\View.php(229): CodeIgniter\View\View->CodeIgniter\View\{closure}()
 4 SYSTEMPATH\Common.php(1188): CodeIgniter\View\View->render()
 5 APPPATH\Controllers\Task.php(69): view()
 6 SYSTEMPATH\CodeIgniter.php(919): App\Controllers\Task->show()
 7 SYSTEMPATH\CodeIgniter.php(494): CodeIgniter\CodeIgniter->runController()
 8 SYSTEMPATH\CodeIgniter.php(353): CodeIgniter\CodeIgniter->handleRequest()
 9 FCPATH\index.php(79): CodeIgniter\CodeIgniter->run()
10 SYSTEMPATH\Commands\Server\rewrite.php(47): require_once('C:\\Users\\INFODIF\\Desktop\\GİT\\Task\\public\\index.php')
CRITICAL - 2023-10-03 13:48:48 --> Attempt to read property "task_title" on array
in APPPATH\Views\Home\show.php on line 140.
 1 APPPATH\Views\Home\show.php(140): CodeIgniter\Debug\Exceptions->errorHandler()
 2 SYSTEMPATH\View\View.php(226): include('C:\\Users\\INFODIF\\Desktop\\GİT\\Task\\app\\Views\\Home\\show.php')
 3 SYSTEMPATH\View\View.php(229): CodeIgniter\View\View->CodeIgniter\View\{closure}()
 4 SYSTEMPATH\Common.php(1188): CodeIgniter\View\View->render()
 5 APPPATH\Controllers\Task.php(69): view()
 6 SYSTEMPATH\CodeIgniter.php(919): App\Controllers\Task->show()
 7 SYSTEMPATH\CodeIgniter.php(494): CodeIgniter\CodeIgniter->runController()
 8 SYSTEMPATH\CodeIgniter.php(353): CodeIgniter\CodeIgniter->handleRequest()
 9 FCPATH\index.php(79): CodeIgniter\CodeIgniter->run()
10 SYSTEMPATH\Commands\Server\rewrite.php(47): require_once('C:\\Users\\INFODIF\\Desktop\\GİT\\Task\\public\\index.php')
CRITICAL - 2023-10-03 13:48:48 --> Attempt to read property "task_title" on array
in APPPATH\Views\Home\show.php on line 140.
 1 APPPATH\Views\Home\show.php(140): CodeIgniter\Debug\Exceptions->errorHandler()
 2 SYSTEMPATH\View\View.php(226): include('C:\\Users\\INFODIF\\Desktop\\GİT\\Task\\app\\Views\\Home\\show.php')
 3 SYSTEMPATH\View\View.php(229): CodeIgniter\View\View->CodeIgniter\View\{closure}()
 4 SYSTEMPATH\Common.php(1188): CodeIgniter\View\View->render()
 5 APPPATH\Controllers\Task.php(69): view()
 6 SYSTEMPATH\CodeIgniter.php(919): App\Controllers\Task->show()
 7 SYSTEMPATH\CodeIgniter.php(494): CodeIgniter\CodeIgniter->runController()
 8 SYSTEMPATH\CodeIgniter.php(353): CodeIgniter\CodeIgniter->handleRequest()
 9 FCPATH\index.php(79): CodeIgniter\CodeIgniter->run()
10 SYSTEMPATH\Commands\Server\rewrite.php(47): require_once('C:\\Users\\INFODIF\\Desktop\\GİT\\Task\\public\\index.php')
CRITICAL - 2023-10-03 13:48:49 --> Attempt to read property "task_title" on array
in APPPATH\Views\Home\show.php on line 140.
 1 APPPATH\Views\Home\show.php(140): CodeIgniter\Debug\Exceptions->errorHandler()
 2 SYSTEMPATH\View\View.php(226): include('C:\\Users\\INFODIF\\Desktop\\GİT\\Task\\app\\Views\\Home\\show.php')
 3 SYSTEMPATH\View\View.php(229): CodeIgniter\View\View->CodeIgniter\View\{closure}()
 4 SYSTEMPATH\Common.php(1188): CodeIgniter\View\View->render()
 5 APPPATH\Controllers\Task.php(69): view()
 6 SYSTEMPATH\CodeIgniter.php(919): App\Controllers\Task->show()
 7 SYSTEMPATH\CodeIgniter.php(494): CodeIgniter\CodeIgniter->runController()
 8 SYSTEMPATH\CodeIgniter.php(353): CodeIgniter\CodeIgniter->handleRequest()
 9 FCPATH\index.php(79): CodeIgniter\CodeIgniter->run()
10 SYSTEMPATH\Commands\Server\rewrite.php(47): require_once('C:\\Users\\INFODIF\\Desktop\\GİT\\Task\\public\\index.php')
CRITICAL - 2023-10-03 13:48:49 --> Attempt to read property "task_title" on array
in APPPATH\Views\Home\show.php on line 140.
 1 APPPATH\Views\Home\show.php(140): CodeIgniter\Debug\Exceptions->errorHandler()
 2 SYSTEMPATH\View\View.php(226): include('C:\\Users\\INFODIF\\Desktop\\GİT\\Task\\app\\Views\\Home\\show.php')
 3 SYSTEMPATH\View\View.php(229): CodeIgniter\View\View->CodeIgniter\View\{closure}()
 4 SYSTEMPATH\Common.php(1188): CodeIgniter\View\View->render()
 5 APPPATH\Controllers\Task.php(69): view()
 6 SYSTEMPATH\CodeIgniter.php(919): App\Controllers\Task->show()
 7 SYSTEMPATH\CodeIgniter.php(494): CodeIgniter\CodeIgniter->runController()
 8 SYSTEMPATH\CodeIgniter.php(353): CodeIgniter\CodeIgniter->handleRequest()
 9 FCPATH\index.php(79): CodeIgniter\CodeIgniter->run()
10 SYSTEMPATH\Commands\Server\rewrite.php(47): require_once('C:\\Users\\INFODIF\\Desktop\\GİT\\Task\\public\\index.php')
CRITICAL - 2023-10-03 13:48:49 --> Attempt to read property "task_title" on array
in APPPATH\Views\Home\show.php on line 140.
 1 APPPATH\Views\Home\show.php(140): CodeIgniter\Debug\Exceptions->errorHandler()
 2 SYSTEMPATH\View\View.php(226): include('C:\\Users\\INFODIF\\Desktop\\GİT\\Task\\app\\Views\\Home\\show.php')
 3 SYSTEMPATH\View\View.php(229): CodeIgniter\View\View->CodeIgniter\View\{closure}()
 4 SYSTEMPATH\Common.php(1188): CodeIgniter\View\View->render()
 5 APPPATH\Controllers\Task.php(69): view()
 6 SYSTEMPATH\CodeIgniter.php(919): App\Controllers\Task->show()
 7 SYSTEMPATH\CodeIgniter.php(494): CodeIgniter\CodeIgniter->runController()
 8 SYSTEMPATH\CodeIgniter.php(353): CodeIgniter\CodeIgniter->handleRequest()
 9 FCPATH\index.php(79): CodeIgniter\CodeIgniter->run()
10 SYSTEMPATH\Commands\Server\rewrite.php(47): require_once('C:\\Users\\INFODIF\\Desktop\\GİT\\Task\\public\\index.php')
CRITICAL - 2023-10-03 13:48:49 --> Attempt to read property "task_title" on array
in APPPATH\Views\Home\show.php on line 140.
 1 APPPATH\Views\Home\show.php(140): CodeIgniter\Debug\Exceptions->errorHandler()
 2 SYSTEMPATH\View\View.php(226): include('C:\\Users\\INFODIF\\Desktop\\GİT\\Task\\app\\Views\\Home\\show.php')
 3 SYSTEMPATH\View\View.php(229): CodeIgniter\View\View->CodeIgniter\View\{closure}()
 4 SYSTEMPATH\Common.php(1188): CodeIgniter\View\View->render()
 5 APPPATH\Controllers\Task.php(69): view()
 6 SYSTEMPATH\CodeIgniter.php(919): App\Controllers\Task->show()
 7 SYSTEMPATH\CodeIgniter.php(494): CodeIgniter\CodeIgniter->runController()
 8 SYSTEMPATH\CodeIgniter.php(353): CodeIgniter\CodeIgniter->handleRequest()
 9 FCPATH\index.php(79): CodeIgniter\CodeIgniter->run()
10 SYSTEMPATH\Commands\Server\rewrite.php(47): require_once('C:\\Users\\INFODIF\\Desktop\\GİT\\Task\\public\\index.php')
CRITICAL - 2023-10-03 13:48:49 --> Attempt to read property "task_title" on array
in APPPATH\Views\Home\show.php on line 140.
 1 APPPATH\Views\Home\show.php(140): CodeIgniter\Debug\Exceptions->errorHandler()
 2 SYSTEMPATH\View\View.php(226): include('C:\\Users\\INFODIF\\Desktop\\GİT\\Task\\app\\Views\\Home\\show.php')
 3 SYSTEMPATH\View\View.php(229): CodeIgniter\View\View->CodeIgniter\View\{closure}()
 4 SYSTEMPATH\Common.php(1188): CodeIgniter\View\View->render()
 5 APPPATH\Controllers\Task.php(69): view()
 6 SYSTEMPATH\CodeIgniter.php(919): App\Controllers\Task->show()
 7 SYSTEMPATH\CodeIgniter.php(494): CodeIgniter\CodeIgniter->runController()
 8 SYSTEMPATH\CodeIgniter.php(353): CodeIgniter\CodeIgniter->handleRequest()
 9 FCPATH\index.php(79): CodeIgniter\CodeIgniter->run()
10 SYSTEMPATH\Commands\Server\rewrite.php(47): require_once('C:\\Users\\INFODIF\\Desktop\\GİT\\Task\\public\\index.php')
CRITICAL - 2023-10-03 13:48:49 --> Attempt to read property "task_title" on array
in APPPATH\Views\Home\show.php on line 140.
 1 APPPATH\Views\Home\show.php(140): CodeIgniter\Debug\Exceptions->errorHandler()
 2 SYSTEMPATH\View\View.php(226): include('C:\\Users\\INFODIF\\Desktop\\GİT\\Task\\app\\Views\\Home\\show.php')
 3 SYSTEMPATH\View\View.php(229): CodeIgniter\View\View->CodeIgniter\View\{closure}()
 4 SYSTEMPATH\Common.php(1188): CodeIgniter\View\View->render()
 5 APPPATH\Controllers\Task.php(69): view()
 6 SYSTEMPATH\CodeIgniter.php(919): App\Controllers\Task->show()
 7 SYSTEMPATH\CodeIgniter.php(494): CodeIgniter\CodeIgniter->runController()
 8 SYSTEMPATH\CodeIgniter.php(353): CodeIgniter\CodeIgniter->handleRequest()
 9 FCPATH\index.php(79): CodeIgniter\CodeIgniter->run()
10 SYSTEMPATH\Commands\Server\rewrite.php(47): require_once('C:\\Users\\INFODIF\\Desktop\\GİT\\Task\\public\\index.php')
CRITICAL - 2023-10-03 13:48:50 --> Attempt to read property "task_title" on array
in APPPATH\Views\Home\show.php on line 140.
 1 APPPATH\Views\Home\show.php(140): CodeIgniter\Debug\Exceptions->errorHandler()
 2 SYSTEMPATH\View\View.php(226): include('C:\\Users\\INFODIF\\Desktop\\GİT\\Task\\app\\Views\\Home\\show.php')
 3 SYSTEMPATH\View\View.php(229): CodeIgniter\View\View->CodeIgniter\View\{closure}()
 4 SYSTEMPATH\Common.php(1188): CodeIgniter\View\View->render()
 5 APPPATH\Controllers\Task.php(69): view()
 6 SYSTEMPATH\CodeIgniter.php(919): App\Controllers\Task->show()
 7 SYSTEMPATH\CodeIgniter.php(494): CodeIgniter\CodeIgniter->runController()
 8 SYSTEMPATH\CodeIgniter.php(353): CodeIgniter\CodeIgniter->handleRequest()
 9 FCPATH\index.php(79): CodeIgniter\CodeIgniter->run()
10 SYSTEMPATH\Commands\Server\rewrite.php(47): require_once('C:\\Users\\INFODIF\\Desktop\\GİT\\Task\\public\\index.php')
CRITICAL - 2023-10-03 13:50:08 --> Attempt to read property "task_title" on array
in APPPATH\Views\Home\show.php on line 140.
 1 APPPATH\Views\Home\show.php(140): CodeIgniter\Debug\Exceptions->errorHandler()
 2 SYSTEMPATH\View\View.php(226): include('C:\\Users\\INFODIF\\Desktop\\GİT\\Task\\app\\Views\\Home\\show.php')
 3 SYSTEMPATH\View\View.php(229): CodeIgniter\View\View->CodeIgniter\View\{closure}()
 4 SYSTEMPATH\Common.php(1188): CodeIgniter\View\View->render()
 5 APPPATH\Controllers\Task.php(69): view()
 6 SYSTEMPATH\CodeIgniter.php(919): App\Controllers\Task->show()
 7 SYSTEMPATH\CodeIgniter.php(494): CodeIgniter\CodeIgniter->runController()
 8 SYSTEMPATH\CodeIgniter.php(353): CodeIgniter\CodeIgniter->handleRequest()
 9 FCPATH\index.php(79): CodeIgniter\CodeIgniter->run()
10 SYSTEMPATH\Commands\Server\rewrite.php(47): require_once('C:\\Users\\INFODIF\\Desktop\\GİT\\Task\\public\\index.php')
CRITICAL - 2023-10-03 13:55:38 --> Undefined variable $task_id
in APPPATH\Views\Home\show.php on line 140.
 1 APPPATH\Views\Home\show.php(140): CodeIgniter\Debug\Exceptions->errorHandler()
 2 SYSTEMPATH\View\View.php(226): include('C:\\Users\\INFODIF\\Desktop\\GİT\\Task\\app\\Views\\Home\\show.php')
 3 SYSTEMPATH\View\View.php(229): CodeIgniter\View\View->CodeIgniter\View\{closure}()
 4 SYSTEMPATH\Common.php(1188): CodeIgniter\View\View->render()
 5 APPPATH\Controllers\Task.php(69): view()
 6 SYSTEMPATH\CodeIgniter.php(919): App\Controllers\Task->show()
 7 SYSTEMPATH\CodeIgniter.php(494): CodeIgniter\CodeIgniter->runController()
 8 SYSTEMPATH\CodeIgniter.php(353): CodeIgniter\CodeIgniter->handleRequest()
 9 FCPATH\index.php(79): CodeIgniter\CodeIgniter->run()
10 SYSTEMPATH\Commands\Server\rewrite.php(47): require_once('C:\\Users\\INFODIF\\Desktop\\GİT\\Task\\public\\index.php')
CRITICAL - 2023-10-03 13:55:38 --> Undefined variable $task_id
in APPPATH\Views\Home\show.php on line 140.
 1 APPPATH\Views\Home\show.php(140): CodeIgniter\Debug\Exceptions->errorHandler()
 2 SYSTEMPATH\View\View.php(226): include('C:\\Users\\INFODIF\\Desktop\\GİT\\Task\\app\\Views\\Home\\show.php')
 3 SYSTEMPATH\View\View.php(229): CodeIgniter\View\View->CodeIgniter\View\{closure}()
 4 SYSTEMPATH\Common.php(1188): CodeIgniter\View\View->render()
 5 APPPATH\Controllers\Task.php(69): view()
 6 SYSTEMPATH\CodeIgniter.php(919): App\Controllers\Task->show()
 7 SYSTEMPATH\CodeIgniter.php(494): CodeIgniter\CodeIgniter->runController()
 8 SYSTEMPATH\CodeIgniter.php(353): CodeIgniter\CodeIgniter->handleRequest()
 9 FCPATH\index.php(79): CodeIgniter\CodeIgniter->run()
10 SYSTEMPATH\Commands\Server\rewrite.php(47): require_once('C:\\Users\\INFODIF\\Desktop\\GİT\\Task\\public\\index.php')
CRITICAL - 2023-10-03 13:55:39 --> Undefined variable $task_id
in APPPATH\Views\Home\show.php on line 140.
 1 APPPATH\Views\Home\show.php(140): CodeIgniter\Debug\Exceptions->errorHandler()
 2 SYSTEMPATH\View\View.php(226): include('C:\\Users\\INFODIF\\Desktop\\GİT\\Task\\app\\Views\\Home\\show.php')
 3 SYSTEMPATH\View\View.php(229): CodeIgniter\View\View->CodeIgniter\View\{closure}()
 4 SYSTEMPATH\Common.php(1188): CodeIgniter\View\View->render()
 5 APPPATH\Controllers\Task.php(69): view()
 6 SYSTEMPATH\CodeIgniter.php(919): App\Controllers\Task->show()
 7 SYSTEMPATH\CodeIgniter.php(494): CodeIgniter\CodeIgniter->runController()
 8 SYSTEMPATH\CodeIgniter.php(353): CodeIgniter\CodeIgniter->handleRequest()
 9 FCPATH\index.php(79): CodeIgniter\CodeIgniter->run()
10 SYSTEMPATH\Commands\Server\rewrite.php(47): require_once('C:\\Users\\INFODIF\\Desktop\\GİT\\Task\\public\\index.php')
CRITICAL - 2023-10-03 13:57:24 --> Undefined variable $task_id
in APPPATH\Views\Home\show.php on line 140.
 1 APPPATH\Views\Home\show.php(140): CodeIgniter\Debug\Exceptions->errorHandler()
 2 SYSTEMPATH\View\View.php(226): include('C:\\Users\\INFODIF\\Desktop\\GİT\\Task\\app\\Views\\Home\\show.php')
 3 SYSTEMPATH\View\View.php(229): CodeIgniter\View\View->CodeIgniter\View\{closure}()
 4 SYSTEMPATH\Common.php(1188): CodeIgniter\View\View->render()
 5 APPPATH\Controllers\Task.php(69): view()
 6 SYSTEMPATH\CodeIgniter.php(919): App\Controllers\Task->show()
 7 SYSTEMPATH\CodeIgniter.php(494): CodeIgniter\CodeIgniter->runController()
 8 SYSTEMPATH\CodeIgniter.php(353): CodeIgniter\CodeIgniter->handleRequest()
 9 FCPATH\index.php(79): CodeIgniter\CodeIgniter->run()
10 SYSTEMPATH\Commands\Server\rewrite.php(47): require_once('C:\\Users\\INFODIF\\Desktop\\GİT\\Task\\public\\index.php')
CRITICAL - 2023-10-03 13:57:25 --> Undefined variable $task_id
in APPPATH\Views\Home\show.php on line 140.
 1 APPPATH\Views\Home\show.php(140): CodeIgniter\Debug\Exceptions->errorHandler()
 2 SYSTEMPATH\View\View.php(226): include('C:\\Users\\INFODIF\\Desktop\\GİT\\Task\\app\\Views\\Home\\show.php')
 3 SYSTEMPATH\View\View.php(229): CodeIgniter\View\View->CodeIgniter\View\{closure}()
 4 SYSTEMPATH\Common.php(1188): CodeIgniter\View\View->render()
 5 APPPATH\Controllers\Task.php(69): view()
 6 SYSTEMPATH\CodeIgniter.php(919): App\Controllers\Task->show()
 7 SYSTEMPATH\CodeIgniter.php(494): CodeIgniter\CodeIgniter->runController()
 8 SYSTEMPATH\CodeIgniter.php(353): CodeIgniter\CodeIgniter->handleRequest()
 9 FCPATH\index.php(79): CodeIgniter\CodeIgniter->run()
10 SYSTEMPATH\Commands\Server\rewrite.php(47): require_once('C:\\Users\\INFODIF\\Desktop\\GİT\\Task\\public\\index.php')
CRITICAL - 2023-10-03 13:58:42 --> CodeIgniter\BaseModel::findAll(): Argument #1 ($limit) must be of type int, null given, called in C:\Users\INFODIF\Desktop\GİT\Task\app\Controllers\Task.php on line 74
in SYSTEMPATH\BaseModel.php on line 607.
 1 APPPATH\Controllers\Task.php(74): CodeIgniter\BaseModel->findAll()
 2 SYSTEMPATH\CodeIgniter.php(919): App\Controllers\Task->update()
 3 SYSTEMPATH\CodeIgniter.php(494): CodeIgniter\CodeIgniter->runController()
 4 SYSTEMPATH\CodeIgniter.php(353): CodeIgniter\CodeIgniter->handleRequest()
 5 FCPATH\index.php(79): CodeIgniter\CodeIgniter->run()
 6 SYSTEMPATH\Commands\Server\rewrite.php(47): require_once('C:\\Users\\INFODIF\\Desktop\\GİT\\Task\\public\\index.php')
CRITICAL - 2023-10-03 13:59:14 --> CodeIgniter\BaseModel::findAll(): Argument #1 ($limit) must be of type int, null given, called in C:\Users\INFODIF\Desktop\GİT\Task\app\Controllers\Task.php on line 74
in SYSTEMPATH\BaseModel.php on line 607.
 1 APPPATH\Controllers\Task.php(74): CodeIgniter\BaseModel->findAll()
 2 SYSTEMPATH\CodeIgniter.php(919): App\Controllers\Task->update()
 3 SYSTEMPATH\CodeIgniter.php(494): CodeIgniter\CodeIgniter->runController()
 4 SYSTEMPATH\CodeIgniter.php(353): CodeIgniter\CodeIgniter->handleRequest()
 5 FCPATH\index.php(79): CodeIgniter\CodeIgniter->run()
 6 SYSTEMPATH\Commands\Server\rewrite.php(47): require_once('C:\\Users\\INFODIF\\Desktop\\GİT\\Task\\public\\index.php')
CRITICAL - 2023-10-03 13:59:30 --> CodeIgniter\BaseModel::findAll(): Argument #1 ($limit) must be of type int, null given, called in C:\Users\INFODIF\Desktop\GİT\Task\app\Controllers\Task.php on line 74
in SYSTEMPATH\BaseModel.php on line 607.
 1 APPPATH\Controllers\Task.php(74): CodeIgniter\BaseModel->findAll()
 2 SYSTEMPATH\CodeIgniter.php(919): App\Controllers\Task->update()
 3 SYSTEMPATH\CodeIgniter.php(494): CodeIgniter\CodeIgniter->runController()
 4 SYSTEMPATH\CodeIgniter.php(353): CodeIgniter\CodeIgniter->handleRequest()
 5 FCPATH\index.php(79): CodeIgniter\CodeIgniter->run()
 6 SYSTEMPATH\Commands\Server\rewrite.php(47): require_once('C:\\Users\\INFODIF\\Desktop\\GİT\\Task\\public\\index.php')
CRITICAL - 2023-10-03 14:00:53 --> CodeIgniter\BaseModel::findAll(): Argument #1 ($limit) must be of type int, null given, called in C:\Users\INFODIF\Desktop\GİT\Task\app\Controllers\Task.php on line 74
in SYSTEMPATH\BaseModel.php on line 607.
 1 APPPATH\Controllers\Task.php(74): CodeIgniter\BaseModel->findAll()
 2 SYSTEMPATH\CodeIgniter.php(919): App\Controllers\Task->update()
 3 SYSTEMPATH\CodeIgniter.php(494): CodeIgniter\CodeIgniter->runController()
 4 SYSTEMPATH\CodeIgniter.php(353): CodeIgniter\CodeIgniter->handleRequest()
 5 FCPATH\index.php(79): CodeIgniter\CodeIgniter->run()
 6 SYSTEMPATH\Commands\Server\rewrite.php(47): require_once('C:\\Users\\INFODIF\\Desktop\\GİT\\Task\\public\\index.php')
CRITICAL - 2023-10-03 14:01:34 --> CodeIgniter\BaseModel::findAll(): Argument #1 ($limit) must be of type int, null given, called in C:\Users\INFODIF\Desktop\GİT\Task\app\Controllers\Task.php on line 74
in SYSTEMPATH\BaseModel.php on line 607.
 1 APPPATH\Controllers\Task.php(74): CodeIgniter\BaseModel->findAll()
 2 SYSTEMPATH\CodeIgniter.php(919): App\Controllers\Task->update()
 3 SYSTEMPATH\CodeIgniter.php(494): CodeIgniter\CodeIgniter->runController()
 4 SYSTEMPATH\CodeIgniter.php(353): CodeIgniter\CodeIgniter->handleRequest()
 5 FCPATH\index.php(79): CodeIgniter\CodeIgniter->run()
 6 SYSTEMPATH\Commands\Server\rewrite.php(47): require_once('C:\\Users\\INFODIF\\Desktop\\GİT\\Task\\public\\index.php')
