CRITICAL - 2023-10-04 05:35:41 --> CodeIgniter\BaseModel::findAll(): Argument #1 ($limit) must be of type int, null given, called in C:\Users\INFODIF\Desktop\GİT\Task\app\Controllers\Task.php on line 74
in SYSTEMPATH\BaseModel.php on line 607.
 1 APPPATH\Controllers\Task.php(74): CodeIgniter\BaseModel->findAll()
 2 SYSTEMPATH\CodeIgniter.php(919): App\Controllers\Task->update()
 3 SYSTEMPATH\CodeIgniter.php(494): CodeIgniter\CodeIgniter->runController()
 4 SYSTEMPATH\CodeIgniter.php(353): CodeIgniter\CodeIgniter->handleRequest()
 5 FCPATH\index.php(79): CodeIgniter\CodeIgniter->run()
 6 SYSTEMPATH\Commands\Server\rewrite.php(47): require_once('C:\\Users\\INFODIF\\Desktop\\GİT\\Task\\public\\index.php')
CRITICAL - 2023-10-04 05:55:22 --> Updates are not allowed unless they contain a "where" or "like" clause.
in SYSTEMPATH\Model.php on line 380.
 1 SYSTEMPATH\BaseModel.php(949): CodeIgniter\Model->doUpdate()
 2 SYSTEMPATH\Model.php(776): CodeIgniter\BaseModel->update()
 3 APPPATH\Controllers\Task.php(81): CodeIgniter\Model->update()
 4 SYSTEMPATH\CodeIgniter.php(919): App\Controllers\Task->update()
 5 SYSTEMPATH\CodeIgniter.php(494): CodeIgniter\CodeIgniter->runController()
 6 SYSTEMPATH\CodeIgniter.php(353): CodeIgniter\CodeIgniter->handleRequest()
 7 FCPATH\index.php(79): CodeIgniter\CodeIgniter->run()
 8 SYSTEMPATH\Commands\Server\rewrite.php(47): require_once('C:\\Users\\INFODIF\\Desktop\\GİT\\Task\\public\\index.php')
CRITICAL - 2023-10-04 05:56:40 --> Undefined array key "task_title"
in APPPATH\Views\Home\show.php on line 140.
 1 APPPATH\Views\Home\show.php(140): CodeIgniter\Debug\Exceptions->errorHandler()
 2 SYSTEMPATH\View\View.php(226): include('C:\\Users\\INFODIF\\Desktop\\GİT\\Task\\app\\Views\\Home\\show.php')
 3 SYSTEMPATH\View\View.php(229): CodeIgniter\View\View->CodeIgniter\View\{closure}()
 4 SYSTEMPATH\Common.php(1188): CodeIgniter\View\View->render()
 5 APPPATH\Controllers\Task.php(69): view()
 6 SYSTEMPATH\CodeIgniter.php(919): App\Controllers\Task->show()
 7 SYSTEMPATH\CodeIgniter.php(494): CodeIgniter\CodeIgniter->runController()
 8 SYSTEMPATH\CodeIgniter.php(353): CodeIgniter\CodeIgniter->handleRequest()
 9 FCPATH\index.php(79): CodeIgniter\CodeIgniter->run()
10 SYSTEMPATH\Commands\Server\rewrite.php(47): require_once('C:\\Users\\INFODIF\\Desktop\\GİT\\Task\\public\\index.php')
CRITICAL - 2023-10-04 05:57:15 --> Attempt to read property "task_title" on array
in APPPATH\Views\Home\show.php on line 140.
 1 APPPATH\Views\Home\show.php(140): CodeIgniter\Debug\Exceptions->errorHandler()
 2 SYSTEMPATH\View\View.php(226): include('C:\\Users\\INFODIF\\Desktop\\GİT\\Task\\app\\Views\\Home\\show.php')
 3 SYSTEMPATH\View\View.php(229): CodeIgniter\View\View->CodeIgniter\View\{closure}()
 4 SYSTEMPATH\Common.php(1188): CodeIgniter\View\View->render()
 5 APPPATH\Controllers\Task.php(69): view()
 6 SYSTEMPATH\CodeIgniter.php(919): App\Controllers\Task->show()
 7 SYSTEMPATH\CodeIgniter.php(494): CodeIgniter\CodeIgniter->runController()
 8 SYSTEMPATH\CodeIgniter.php(353): CodeIgniter\CodeIgniter->handleRequest()
 9 FCPATH\index.php(79): CodeIgniter\CodeIgniter->run()
10 SYSTEMPATH\Commands\Server\rewrite.php(47): require_once('C:\\Users\\INFODIF\\Desktop\\GİT\\Task\\public\\index.php')
CRITICAL - 2023-10-04 05:57:17 --> Attempt to read property "task_title" on array
in APPPATH\Views\Home\show.php on line 140.
 1 APPPATH\Views\Home\show.php(140): CodeIgniter\Debug\Exceptions->errorHandler()
 2 SYSTEMPATH\View\View.php(226): include('C:\\Users\\INFODIF\\Desktop\\GİT\\Task\\app\\Views\\Home\\show.php')
 3 SYSTEMPATH\View\View.php(229): CodeIgniter\View\View->CodeIgniter\View\{closure}()
 4 SYSTEMPATH\Common.php(1188): CodeIgniter\View\View->render()
 5 APPPATH\Controllers\Task.php(69): view()
 6 SYSTEMPATH\CodeIgniter.php(919): App\Controllers\Task->show()
 7 SYSTEMPATH\CodeIgniter.php(494): CodeIgniter\CodeIgniter->runController()
 8 SYSTEMPATH\CodeIgniter.php(353): CodeIgniter\CodeIgniter->handleRequest()
 9 FCPATH\index.php(79): CodeIgniter\CodeIgniter->run()
10 SYSTEMPATH\Commands\Server\rewrite.php(47): require_once('C:\\Users\\INFODIF\\Desktop\\GİT\\Task\\public\\index.php')
CRITICAL - 2023-10-04 05:57:43 --> Attempt to read property "task_title" on array
in APPPATH\Views\Home\show.php on line 140.
 1 APPPATH\Views\Home\show.php(140): CodeIgniter\Debug\Exceptions->errorHandler()
 2 SYSTEMPATH\View\View.php(226): include('C:\\Users\\INFODIF\\Desktop\\GİT\\Task\\app\\Views\\Home\\show.php')
 3 SYSTEMPATH\View\View.php(229): CodeIgniter\View\View->CodeIgniter\View\{closure}()
 4 SYSTEMPATH\Common.php(1188): CodeIgniter\View\View->render()
 5 APPPATH\Controllers\Task.php(69): view()
 6 SYSTEMPATH\CodeIgniter.php(919): App\Controllers\Task->show()
 7 SYSTEMPATH\CodeIgniter.php(494): CodeIgniter\CodeIgniter->runController()
 8 SYSTEMPATH\CodeIgniter.php(353): CodeIgniter\CodeIgniter->handleRequest()
 9 FCPATH\index.php(79): CodeIgniter\CodeIgniter->run()
10 SYSTEMPATH\Commands\Server\rewrite.php(47): require_once('C:\\Users\\INFODIF\\Desktop\\GİT\\Task\\public\\index.php')
CRITICAL - 2023-10-04 05:57:44 --> Attempt to read property "task_title" on array
in APPPATH\Views\Home\show.php on line 140.
 1 APPPATH\Views\Home\show.php(140): CodeIgniter\Debug\Exceptions->errorHandler()
 2 SYSTEMPATH\View\View.php(226): include('C:\\Users\\INFODIF\\Desktop\\GİT\\Task\\app\\Views\\Home\\show.php')
 3 SYSTEMPATH\View\View.php(229): CodeIgniter\View\View->CodeIgniter\View\{closure}()
 4 SYSTEMPATH\Common.php(1188): CodeIgniter\View\View->render()
 5 APPPATH\Controllers\Task.php(69): view()
 6 SYSTEMPATH\CodeIgniter.php(919): App\Controllers\Task->show()
 7 SYSTEMPATH\CodeIgniter.php(494): CodeIgniter\CodeIgniter->runController()
 8 SYSTEMPATH\CodeIgniter.php(353): CodeIgniter\CodeIgniter->handleRequest()
 9 FCPATH\index.php(79): CodeIgniter\CodeIgniter->run()
10 SYSTEMPATH\Commands\Server\rewrite.php(47): require_once('C:\\Users\\INFODIF\\Desktop\\GİT\\Task\\public\\index.php')
CRITICAL - 2023-10-04 05:57:44 --> Attempt to read property "task_title" on array
in APPPATH\Views\Home\show.php on line 140.
 1 APPPATH\Views\Home\show.php(140): CodeIgniter\Debug\Exceptions->errorHandler()
 2 SYSTEMPATH\View\View.php(226): include('C:\\Users\\INFODIF\\Desktop\\GİT\\Task\\app\\Views\\Home\\show.php')
 3 SYSTEMPATH\View\View.php(229): CodeIgniter\View\View->CodeIgniter\View\{closure}()
 4 SYSTEMPATH\Common.php(1188): CodeIgniter\View\View->render()
 5 APPPATH\Controllers\Task.php(69): view()
 6 SYSTEMPATH\CodeIgniter.php(919): App\Controllers\Task->show()
 7 SYSTEMPATH\CodeIgniter.php(494): CodeIgniter\CodeIgniter->runController()
 8 SYSTEMPATH\CodeIgniter.php(353): CodeIgniter\CodeIgniter->handleRequest()
 9 FCPATH\index.php(79): CodeIgniter\CodeIgniter->run()
10 SYSTEMPATH\Commands\Server\rewrite.php(47): require_once('C:\\Users\\INFODIF\\Desktop\\GİT\\Task\\public\\index.php')
CRITICAL - 2023-10-04 05:57:44 --> Attempt to read property "task_title" on array
in APPPATH\Views\Home\show.php on line 140.
 1 APPPATH\Views\Home\show.php(140): CodeIgniter\Debug\Exceptions->errorHandler()
 2 SYSTEMPATH\View\View.php(226): include('C:\\Users\\INFODIF\\Desktop\\GİT\\Task\\app\\Views\\Home\\show.php')
 3 SYSTEMPATH\View\View.php(229): CodeIgniter\View\View->CodeIgniter\View\{closure}()
 4 SYSTEMPATH\Common.php(1188): CodeIgniter\View\View->render()
 5 APPPATH\Controllers\Task.php(69): view()
 6 SYSTEMPATH\CodeIgniter.php(919): App\Controllers\Task->show()
 7 SYSTEMPATH\CodeIgniter.php(494): CodeIgniter\CodeIgniter->runController()
 8 SYSTEMPATH\CodeIgniter.php(353): CodeIgniter\CodeIgniter->handleRequest()
 9 FCPATH\index.php(79): CodeIgniter\CodeIgniter->run()
10 SYSTEMPATH\Commands\Server\rewrite.php(47): require_once('C:\\Users\\INFODIF\\Desktop\\GİT\\Task\\public\\index.php')
CRITICAL - 2023-10-04 05:57:44 --> Attempt to read property "task_title" on array
in APPPATH\Views\Home\show.php on line 140.
 1 APPPATH\Views\Home\show.php(140): CodeIgniter\Debug\Exceptions->errorHandler()
 2 SYSTEMPATH\View\View.php(226): include('C:\\Users\\INFODIF\\Desktop\\GİT\\Task\\app\\Views\\Home\\show.php')
 3 SYSTEMPATH\View\View.php(229): CodeIgniter\View\View->CodeIgniter\View\{closure}()
 4 SYSTEMPATH\Common.php(1188): CodeIgniter\View\View->render()
 5 APPPATH\Controllers\Task.php(69): view()
 6 SYSTEMPATH\CodeIgniter.php(919): App\Controllers\Task->show()
 7 SYSTEMPATH\CodeIgniter.php(494): CodeIgniter\CodeIgniter->runController()
 8 SYSTEMPATH\CodeIgniter.php(353): CodeIgniter\CodeIgniter->handleRequest()
 9 FCPATH\index.php(79): CodeIgniter\CodeIgniter->run()
10 SYSTEMPATH\Commands\Server\rewrite.php(47): require_once('C:\\Users\\INFODIF\\Desktop\\GİT\\Task\\public\\index.php')
CRITICAL - 2023-10-04 05:57:44 --> Attempt to read property "task_title" on array
in APPPATH\Views\Home\show.php on line 140.
 1 APPPATH\Views\Home\show.php(140): CodeIgniter\Debug\Exceptions->errorHandler()
 2 SYSTEMPATH\View\View.php(226): include('C:\\Users\\INFODIF\\Desktop\\GİT\\Task\\app\\Views\\Home\\show.php')
 3 SYSTEMPATH\View\View.php(229): CodeIgniter\View\View->CodeIgniter\View\{closure}()
 4 SYSTEMPATH\Common.php(1188): CodeIgniter\View\View->render()
 5 APPPATH\Controllers\Task.php(69): view()
 6 SYSTEMPATH\CodeIgniter.php(919): App\Controllers\Task->show()
 7 SYSTEMPATH\CodeIgniter.php(494): CodeIgniter\CodeIgniter->runController()
 8 SYSTEMPATH\CodeIgniter.php(353): CodeIgniter\CodeIgniter->handleRequest()
 9 FCPATH\index.php(79): CodeIgniter\CodeIgniter->run()
10 SYSTEMPATH\Commands\Server\rewrite.php(47): require_once('C:\\Users\\INFODIF\\Desktop\\GİT\\Task\\public\\index.php')
CRITICAL - 2023-10-04 05:57:44 --> Attempt to read property "task_title" on array
in APPPATH\Views\Home\show.php on line 140.
 1 APPPATH\Views\Home\show.php(140): CodeIgniter\Debug\Exceptions->errorHandler()
 2 SYSTEMPATH\View\View.php(226): include('C:\\Users\\INFODIF\\Desktop\\GİT\\Task\\app\\Views\\Home\\show.php')
 3 SYSTEMPATH\View\View.php(229): CodeIgniter\View\View->CodeIgniter\View\{closure}()
 4 SYSTEMPATH\Common.php(1188): CodeIgniter\View\View->render()
 5 APPPATH\Controllers\Task.php(69): view()
 6 SYSTEMPATH\CodeIgniter.php(919): App\Controllers\Task->show()
 7 SYSTEMPATH\CodeIgniter.php(494): CodeIgniter\CodeIgniter->runController()
 8 SYSTEMPATH\CodeIgniter.php(353): CodeIgniter\CodeIgniter->handleRequest()
 9 FCPATH\index.php(79): CodeIgniter\CodeIgniter->run()
10 SYSTEMPATH\Commands\Server\rewrite.php(47): require_once('C:\\Users\\INFODIF\\Desktop\\GİT\\Task\\public\\index.php')
CRITICAL - 2023-10-04 06:09:46 --> Undefined array key "task_title"
in APPPATH\Views\Home\show.php on line 140.
 1 APPPATH\Views\Home\show.php(140): CodeIgniter\Debug\Exceptions->errorHandler()
 2 SYSTEMPATH\View\View.php(226): include('C:\\Users\\INFODIF\\Desktop\\GİT\\Task\\app\\Views\\Home\\show.php')
 3 SYSTEMPATH\View\View.php(229): CodeIgniter\View\View->CodeIgniter\View\{closure}()
 4 SYSTEMPATH\Common.php(1188): CodeIgniter\View\View->render()
 5 APPPATH\Controllers\Task.php(69): view()
 6 SYSTEMPATH\CodeIgniter.php(919): App\Controllers\Task->show()
 7 SYSTEMPATH\CodeIgniter.php(494): CodeIgniter\CodeIgniter->runController()
 8 SYSTEMPATH\CodeIgniter.php(353): CodeIgniter\CodeIgniter->handleRequest()
 9 FCPATH\index.php(79): CodeIgniter\CodeIgniter->run()
10 SYSTEMPATH\Commands\Server\rewrite.php(47): require_once('C:\\Users\\INFODIF\\Desktop\\GİT\\Task\\public\\index.php')
CRITICAL - 2023-10-04 06:11:07 --> Undefined array key "task_title"
in APPPATH\Views\Home\show.php on line 140.
 1 APPPATH\Views\Home\show.php(140): CodeIgniter\Debug\Exceptions->errorHandler()
 2 SYSTEMPATH\View\View.php(226): include('C:\\Users\\INFODIF\\Desktop\\GİT\\Task\\app\\Views\\Home\\show.php')
 3 SYSTEMPATH\View\View.php(229): CodeIgniter\View\View->CodeIgniter\View\{closure}()
 4 SYSTEMPATH\Common.php(1188): CodeIgniter\View\View->render()
 5 APPPATH\Controllers\Task.php(69): view()
 6 SYSTEMPATH\CodeIgniter.php(919): App\Controllers\Task->show()
 7 SYSTEMPATH\CodeIgniter.php(494): CodeIgniter\CodeIgniter->runController()
 8 SYSTEMPATH\CodeIgniter.php(353): CodeIgniter\CodeIgniter->handleRequest()
 9 FCPATH\index.php(79): CodeIgniter\CodeIgniter->run()
10 SYSTEMPATH\Commands\Server\rewrite.php(47): require_once('C:\\Users\\INFODIF\\Desktop\\GİT\\Task\\public\\index.php')
CRITICAL - 2023-10-04 06:11:07 --> Undefined array key "task_title"
in APPPATH\Views\Home\show.php on line 140.
 1 APPPATH\Views\Home\show.php(140): CodeIgniter\Debug\Exceptions->errorHandler()
 2 SYSTEMPATH\View\View.php(226): include('C:\\Users\\INFODIF\\Desktop\\GİT\\Task\\app\\Views\\Home\\show.php')
 3 SYSTEMPATH\View\View.php(229): CodeIgniter\View\View->CodeIgniter\View\{closure}()
 4 SYSTEMPATH\Common.php(1188): CodeIgniter\View\View->render()
 5 APPPATH\Controllers\Task.php(69): view()
 6 SYSTEMPATH\CodeIgniter.php(919): App\Controllers\Task->show()
 7 SYSTEMPATH\CodeIgniter.php(494): CodeIgniter\CodeIgniter->runController()
 8 SYSTEMPATH\CodeIgniter.php(353): CodeIgniter\CodeIgniter->handleRequest()
 9 FCPATH\index.php(79): CodeIgniter\CodeIgniter->run()
10 SYSTEMPATH\Commands\Server\rewrite.php(47): require_once('C:\\Users\\INFODIF\\Desktop\\GİT\\Task\\public\\index.php')
CRITICAL - 2023-10-04 06:11:13 --> Undefined array key "task_title"
in APPPATH\Views\Home\show.php on line 140.
 1 APPPATH\Views\Home\show.php(140): CodeIgniter\Debug\Exceptions->errorHandler()
 2 SYSTEMPATH\View\View.php(226): include('C:\\Users\\INFODIF\\Desktop\\GİT\\Task\\app\\Views\\Home\\show.php')
 3 SYSTEMPATH\View\View.php(229): CodeIgniter\View\View->CodeIgniter\View\{closure}()
 4 SYSTEMPATH\Common.php(1188): CodeIgniter\View\View->render()
 5 APPPATH\Controllers\Task.php(69): view()
 6 SYSTEMPATH\CodeIgniter.php(919): App\Controllers\Task->show()
 7 SYSTEMPATH\CodeIgniter.php(494): CodeIgniter\CodeIgniter->runController()
 8 SYSTEMPATH\CodeIgniter.php(353): CodeIgniter\CodeIgniter->handleRequest()
 9 FCPATH\index.php(79): CodeIgniter\CodeIgniter->run()
10 SYSTEMPATH\Commands\Server\rewrite.php(47): require_once('C:\\Users\\INFODIF\\Desktop\\GİT\\Task\\public\\index.php')
CRITICAL - 2023-10-04 06:11:49 --> Undefined array key "task_title"
in APPPATH\Views\Home\show.php on line 140.
 1 APPPATH\Views\Home\show.php(140): CodeIgniter\Debug\Exceptions->errorHandler()
 2 SYSTEMPATH\View\View.php(226): include('C:\\Users\\INFODIF\\Desktop\\GİT\\Task\\app\\Views\\Home\\show.php')
 3 SYSTEMPATH\View\View.php(229): CodeIgniter\View\View->CodeIgniter\View\{closure}()
 4 SYSTEMPATH\Common.php(1188): CodeIgniter\View\View->render()
 5 APPPATH\Controllers\Task.php(69): view()
 6 SYSTEMPATH\CodeIgniter.php(919): App\Controllers\Task->show()
 7 SYSTEMPATH\CodeIgniter.php(494): CodeIgniter\CodeIgniter->runController()
 8 SYSTEMPATH\CodeIgniter.php(353): CodeIgniter\CodeIgniter->handleRequest()
 9 FCPATH\index.php(79): CodeIgniter\CodeIgniter->run()
10 SYSTEMPATH\Commands\Server\rewrite.php(47): require_once('C:\\Users\\INFODIF\\Desktop\\GİT\\Task\\public\\index.php')
CRITICAL - 2023-10-04 06:11:49 --> Undefined array key "task_title"
in APPPATH\Views\Home\show.php on line 140.
 1 APPPATH\Views\Home\show.php(140): CodeIgniter\Debug\Exceptions->errorHandler()
 2 SYSTEMPATH\View\View.php(226): include('C:\\Users\\INFODIF\\Desktop\\GİT\\Task\\app\\Views\\Home\\show.php')
 3 SYSTEMPATH\View\View.php(229): CodeIgniter\View\View->CodeIgniter\View\{closure}()
 4 SYSTEMPATH\Common.php(1188): CodeIgniter\View\View->render()
 5 APPPATH\Controllers\Task.php(69): view()
 6 SYSTEMPATH\CodeIgniter.php(919): App\Controllers\Task->show()
 7 SYSTEMPATH\CodeIgniter.php(494): CodeIgniter\CodeIgniter->runController()
 8 SYSTEMPATH\CodeIgniter.php(353): CodeIgniter\CodeIgniter->handleRequest()
 9 FCPATH\index.php(79): CodeIgniter\CodeIgniter->run()
10 SYSTEMPATH\Commands\Server\rewrite.php(47): require_once('C:\\Users\\INFODIF\\Desktop\\GİT\\Task\\public\\index.php')
CRITICAL - 2023-10-04 06:11:50 --> Undefined array key "task_title"
in APPPATH\Views\Home\show.php on line 140.
 1 APPPATH\Views\Home\show.php(140): CodeIgniter\Debug\Exceptions->errorHandler()
 2 SYSTEMPATH\View\View.php(226): include('C:\\Users\\INFODIF\\Desktop\\GİT\\Task\\app\\Views\\Home\\show.php')
 3 SYSTEMPATH\View\View.php(229): CodeIgniter\View\View->CodeIgniter\View\{closure}()
 4 SYSTEMPATH\Common.php(1188): CodeIgniter\View\View->render()
 5 APPPATH\Controllers\Task.php(69): view()
 6 SYSTEMPATH\CodeIgniter.php(919): App\Controllers\Task->show()
 7 SYSTEMPATH\CodeIgniter.php(494): CodeIgniter\CodeIgniter->runController()
 8 SYSTEMPATH\CodeIgniter.php(353): CodeIgniter\CodeIgniter->handleRequest()
 9 FCPATH\index.php(79): CodeIgniter\CodeIgniter->run()
10 SYSTEMPATH\Commands\Server\rewrite.php(47): require_once('C:\\Users\\INFODIF\\Desktop\\GİT\\Task\\public\\index.php')
CRITICAL - 2023-10-04 06:11:50 --> Undefined array key "task_title"
in APPPATH\Views\Home\show.php on line 140.
 1 APPPATH\Views\Home\show.php(140): CodeIgniter\Debug\Exceptions->errorHandler()
 2 SYSTEMPATH\View\View.php(226): include('C:\\Users\\INFODIF\\Desktop\\GİT\\Task\\app\\Views\\Home\\show.php')
 3 SYSTEMPATH\View\View.php(229): CodeIgniter\View\View->CodeIgniter\View\{closure}()
 4 SYSTEMPATH\Common.php(1188): CodeIgniter\View\View->render()
 5 APPPATH\Controllers\Task.php(69): view()
 6 SYSTEMPATH\CodeIgniter.php(919): App\Controllers\Task->show()
 7 SYSTEMPATH\CodeIgniter.php(494): CodeIgniter\CodeIgniter->runController()
 8 SYSTEMPATH\CodeIgniter.php(353): CodeIgniter\CodeIgniter->handleRequest()
 9 FCPATH\index.php(79): CodeIgniter\CodeIgniter->run()
10 SYSTEMPATH\Commands\Server\rewrite.php(47): require_once('C:\\Users\\INFODIF\\Desktop\\GİT\\Task\\public\\index.php')
CRITICAL - 2023-10-04 06:13:18 --> Attempt to read property "task_title" on array
in APPPATH\Views\Home\show.php on line 140.
 1 APPPATH\Views\Home\show.php(140): CodeIgniter\Debug\Exceptions->errorHandler()
 2 SYSTEMPATH\View\View.php(226): include('C:\\Users\\INFODIF\\Desktop\\GİT\\Task\\app\\Views\\Home\\show.php')
 3 SYSTEMPATH\View\View.php(229): CodeIgniter\View\View->CodeIgniter\View\{closure}()
 4 SYSTEMPATH\Common.php(1188): CodeIgniter\View\View->render()
 5 APPPATH\Controllers\Task.php(69): view()
 6 SYSTEMPATH\CodeIgniter.php(919): App\Controllers\Task->show()
 7 SYSTEMPATH\CodeIgniter.php(494): CodeIgniter\CodeIgniter->runController()
 8 SYSTEMPATH\CodeIgniter.php(353): CodeIgniter\CodeIgniter->handleRequest()
 9 FCPATH\index.php(79): CodeIgniter\CodeIgniter->run()
10 SYSTEMPATH\Commands\Server\rewrite.php(47): require_once('C:\\Users\\INFODIF\\Desktop\\GİT\\Task\\public\\index.php')
CRITICAL - 2023-10-04 06:16:07 --> Attempt to read property "task_title" on array
in APPPATH\Views\Home\show.php on line 140.
 1 APPPATH\Views\Home\show.php(140): CodeIgniter\Debug\Exceptions->errorHandler()
 2 SYSTEMPATH\View\View.php(226): include('C:\\Users\\INFODIF\\Desktop\\GİT\\Task\\app\\Views\\Home\\show.php')
 3 SYSTEMPATH\View\View.php(229): CodeIgniter\View\View->CodeIgniter\View\{closure}()
 4 SYSTEMPATH\Common.php(1188): CodeIgniter\View\View->render()
 5 APPPATH\Controllers\Task.php(69): view()
 6 SYSTEMPATH\CodeIgniter.php(919): App\Controllers\Task->show()
 7 SYSTEMPATH\CodeIgniter.php(494): CodeIgniter\CodeIgniter->runController()
 8 SYSTEMPATH\CodeIgniter.php(353): CodeIgniter\CodeIgniter->handleRequest()
 9 FCPATH\index.php(79): CodeIgniter\CodeIgniter->run()
10 SYSTEMPATH\Commands\Server\rewrite.php(47): require_once('C:\\Users\\INFODIF\\Desktop\\GİT\\Task\\public\\index.php')
CRITICAL - 2023-10-04 06:16:08 --> Attempt to read property "task_title" on array
in APPPATH\Views\Home\show.php on line 140.
 1 APPPATH\Views\Home\show.php(140): CodeIgniter\Debug\Exceptions->errorHandler()
 2 SYSTEMPATH\View\View.php(226): include('C:\\Users\\INFODIF\\Desktop\\GİT\\Task\\app\\Views\\Home\\show.php')
 3 SYSTEMPATH\View\View.php(229): CodeIgniter\View\View->CodeIgniter\View\{closure}()
 4 SYSTEMPATH\Common.php(1188): CodeIgniter\View\View->render()
 5 APPPATH\Controllers\Task.php(69): view()
 6 SYSTEMPATH\CodeIgniter.php(919): App\Controllers\Task->show()
 7 SYSTEMPATH\CodeIgniter.php(494): CodeIgniter\CodeIgniter->runController()
 8 SYSTEMPATH\CodeIgniter.php(353): CodeIgniter\CodeIgniter->handleRequest()
 9 FCPATH\index.php(79): CodeIgniter\CodeIgniter->run()
10 SYSTEMPATH\Commands\Server\rewrite.php(47): require_once('C:\\Users\\INFODIF\\Desktop\\GİT\\Task\\public\\index.php')
CRITICAL - 2023-10-04 06:17:45 --> Undefined array key "task_title"
in APPPATH\Views\Home\show.php on line 140.
 1 APPPATH\Views\Home\show.php(140): CodeIgniter\Debug\Exceptions->errorHandler()
 2 SYSTEMPATH\View\View.php(226): include('C:\\Users\\INFODIF\\Desktop\\GİT\\Task\\app\\Views\\Home\\show.php')
 3 SYSTEMPATH\View\View.php(229): CodeIgniter\View\View->CodeIgniter\View\{closure}()
 4 SYSTEMPATH\Common.php(1188): CodeIgniter\View\View->render()
 5 APPPATH\Controllers\Task.php(69): view()
 6 SYSTEMPATH\CodeIgniter.php(919): App\Controllers\Task->show()
 7 SYSTEMPATH\CodeIgniter.php(494): CodeIgniter\CodeIgniter->runController()
 8 SYSTEMPATH\CodeIgniter.php(353): CodeIgniter\CodeIgniter->handleRequest()
 9 FCPATH\index.php(79): CodeIgniter\CodeIgniter->run()
10 SYSTEMPATH\Commands\Server\rewrite.php(47): require_once('C:\\Users\\INFODIF\\Desktop\\GİT\\Task\\public\\index.php')
CRITICAL - 2023-10-04 06:22:47 --> Undefined array key "task_title"
in APPPATH\Views\Home\show.php on line 140.
 1 APPPATH\Views\Home\show.php(140): CodeIgniter\Debug\Exceptions->errorHandler()
 2 SYSTEMPATH\View\View.php(226): include('C:\\Users\\INFODIF\\Desktop\\GİT\\Task\\app\\Views\\Home\\show.php')
 3 SYSTEMPATH\View\View.php(229): CodeIgniter\View\View->CodeIgniter\View\{closure}()
 4 SYSTEMPATH\Common.php(1188): CodeIgniter\View\View->render()
 5 APPPATH\Controllers\Task.php(69): view()
 6 SYSTEMPATH\CodeIgniter.php(919): App\Controllers\Task->show()
 7 SYSTEMPATH\CodeIgniter.php(494): CodeIgniter\CodeIgniter->runController()
 8 SYSTEMPATH\CodeIgniter.php(353): CodeIgniter\CodeIgniter->handleRequest()
 9 FCPATH\index.php(79): CodeIgniter\CodeIgniter->run()
10 SYSTEMPATH\Commands\Server\rewrite.php(47): require_once('C:\\Users\\INFODIF\\Desktop\\GİT\\Task\\public\\index.php')
CRITICAL - 2023-10-04 06:23:04 --> Undefined array key "task_title"
in APPPATH\Views\Home\show.php on line 140.
 1 APPPATH\Views\Home\show.php(140): CodeIgniter\Debug\Exceptions->errorHandler()
 2 SYSTEMPATH\View\View.php(226): include('C:\\Users\\INFODIF\\Desktop\\GİT\\Task\\app\\Views\\Home\\show.php')
 3 SYSTEMPATH\View\View.php(229): CodeIgniter\View\View->CodeIgniter\View\{closure}()
 4 SYSTEMPATH\Common.php(1188): CodeIgniter\View\View->render()
 5 APPPATH\Controllers\Task.php(69): view()
 6 SYSTEMPATH\CodeIgniter.php(919): App\Controllers\Task->show()
 7 SYSTEMPATH\CodeIgniter.php(494): CodeIgniter\CodeIgniter->runController()
 8 SYSTEMPATH\CodeIgniter.php(353): CodeIgniter\CodeIgniter->handleRequest()
 9 FCPATH\index.php(79): CodeIgniter\CodeIgniter->run()
10 SYSTEMPATH\Commands\Server\rewrite.php(47): require_once('C:\\Users\\INFODIF\\Desktop\\GİT\\Task\\public\\index.php')
CRITICAL - 2023-10-04 06:23:05 --> Undefined array key "task_title"
in APPPATH\Views\Home\show.php on line 140.
 1 APPPATH\Views\Home\show.php(140): CodeIgniter\Debug\Exceptions->errorHandler()
 2 SYSTEMPATH\View\View.php(226): include('C:\\Users\\INFODIF\\Desktop\\GİT\\Task\\app\\Views\\Home\\show.php')
 3 SYSTEMPATH\View\View.php(229): CodeIgniter\View\View->CodeIgniter\View\{closure}()
 4 SYSTEMPATH\Common.php(1188): CodeIgniter\View\View->render()
 5 APPPATH\Controllers\Task.php(69): view()
 6 SYSTEMPATH\CodeIgniter.php(919): App\Controllers\Task->show()
 7 SYSTEMPATH\CodeIgniter.php(494): CodeIgniter\CodeIgniter->runController()
 8 SYSTEMPATH\CodeIgniter.php(353): CodeIgniter\CodeIgniter->handleRequest()
 9 FCPATH\index.php(79): CodeIgniter\CodeIgniter->run()
10 SYSTEMPATH\Commands\Server\rewrite.php(47): require_once('C:\\Users\\INFODIF\\Desktop\\GİT\\Task\\public\\index.php')
CRITICAL - 2023-10-04 06:23:05 --> Undefined array key "task_title"
in APPPATH\Views\Home\show.php on line 140.
 1 APPPATH\Views\Home\show.php(140): CodeIgniter\Debug\Exceptions->errorHandler()
 2 SYSTEMPATH\View\View.php(226): include('C:\\Users\\INFODIF\\Desktop\\GİT\\Task\\app\\Views\\Home\\show.php')
 3 SYSTEMPATH\View\View.php(229): CodeIgniter\View\View->CodeIgniter\View\{closure}()
 4 SYSTEMPATH\Common.php(1188): CodeIgniter\View\View->render()
 5 APPPATH\Controllers\Task.php(69): view()
 6 SYSTEMPATH\CodeIgniter.php(919): App\Controllers\Task->show()
 7 SYSTEMPATH\CodeIgniter.php(494): CodeIgniter\CodeIgniter->runController()
 8 SYSTEMPATH\CodeIgniter.php(353): CodeIgniter\CodeIgniter->handleRequest()
 9 FCPATH\index.php(79): CodeIgniter\CodeIgniter->run()
10 SYSTEMPATH\Commands\Server\rewrite.php(47): require_once('C:\\Users\\INFODIF\\Desktop\\GİT\\Task\\public\\index.php')
CRITICAL - 2023-10-04 06:23:05 --> Undefined array key "task_title"
in APPPATH\Views\Home\show.php on line 140.
 1 APPPATH\Views\Home\show.php(140): CodeIgniter\Debug\Exceptions->errorHandler()
 2 SYSTEMPATH\View\View.php(226): include('C:\\Users\\INFODIF\\Desktop\\GİT\\Task\\app\\Views\\Home\\show.php')
 3 SYSTEMPATH\View\View.php(229): CodeIgniter\View\View->CodeIgniter\View\{closure}()
 4 SYSTEMPATH\Common.php(1188): CodeIgniter\View\View->render()
 5 APPPATH\Controllers\Task.php(69): view()
 6 SYSTEMPATH\CodeIgniter.php(919): App\Controllers\Task->show()
 7 SYSTEMPATH\CodeIgniter.php(494): CodeIgniter\CodeIgniter->runController()
 8 SYSTEMPATH\CodeIgniter.php(353): CodeIgniter\CodeIgniter->handleRequest()
 9 FCPATH\index.php(79): CodeIgniter\CodeIgniter->run()
10 SYSTEMPATH\Commands\Server\rewrite.php(47): require_once('C:\\Users\\INFODIF\\Desktop\\GİT\\Task\\public\\index.php')
CRITICAL - 2023-10-04 06:31:33 --> Attempt to read property "task_title" on array
in APPPATH\Views\Home\show.php on line 140.
 1 APPPATH\Views\Home\show.php(140): CodeIgniter\Debug\Exceptions->errorHandler()
 2 SYSTEMPATH\View\View.php(226): include('C:\\Users\\INFODIF\\Desktop\\GİT\\Task\\app\\Views\\Home\\show.php')
 3 SYSTEMPATH\View\View.php(229): CodeIgniter\View\View->CodeIgniter\View\{closure}()
 4 SYSTEMPATH\Common.php(1188): CodeIgniter\View\View->render()
 5 APPPATH\Controllers\Task.php(69): view()
 6 SYSTEMPATH\CodeIgniter.php(919): App\Controllers\Task->show()
 7 SYSTEMPATH\CodeIgniter.php(494): CodeIgniter\CodeIgniter->runController()
 8 SYSTEMPATH\CodeIgniter.php(353): CodeIgniter\CodeIgniter->handleRequest()
 9 FCPATH\index.php(79): CodeIgniter\CodeIgniter->run()
10 SYSTEMPATH\Commands\Server\rewrite.php(47): require_once('C:\\Users\\INFODIF\\Desktop\\GİT\\Task\\public\\index.php')
CRITICAL - 2023-10-04 06:31:34 --> Attempt to read property "task_title" on array
in APPPATH\Views\Home\show.php on line 140.
 1 APPPATH\Views\Home\show.php(140): CodeIgniter\Debug\Exceptions->errorHandler()
 2 SYSTEMPATH\View\View.php(226): include('C:\\Users\\INFODIF\\Desktop\\GİT\\Task\\app\\Views\\Home\\show.php')
 3 SYSTEMPATH\View\View.php(229): CodeIgniter\View\View->CodeIgniter\View\{closure}()
 4 SYSTEMPATH\Common.php(1188): CodeIgniter\View\View->render()
 5 APPPATH\Controllers\Task.php(69): view()
 6 SYSTEMPATH\CodeIgniter.php(919): App\Controllers\Task->show()
 7 SYSTEMPATH\CodeIgniter.php(494): CodeIgniter\CodeIgniter->runController()
 8 SYSTEMPATH\CodeIgniter.php(353): CodeIgniter\CodeIgniter->handleRequest()
 9 FCPATH\index.php(79): CodeIgniter\CodeIgniter->run()
10 SYSTEMPATH\Commands\Server\rewrite.php(47): require_once('C:\\Users\\INFODIF\\Desktop\\GİT\\Task\\public\\index.php')
CRITICAL - 2023-10-04 06:31:35 --> Attempt to read property "task_title" on array
in APPPATH\Views\Home\show.php on line 140.
 1 APPPATH\Views\Home\show.php(140): CodeIgniter\Debug\Exceptions->errorHandler()
 2 SYSTEMPATH\View\View.php(226): include('C:\\Users\\INFODIF\\Desktop\\GİT\\Task\\app\\Views\\Home\\show.php')
 3 SYSTEMPATH\View\View.php(229): CodeIgniter\View\View->CodeIgniter\View\{closure}()
 4 SYSTEMPATH\Common.php(1188): CodeIgniter\View\View->render()
 5 APPPATH\Controllers\Task.php(69): view()
 6 SYSTEMPATH\CodeIgniter.php(919): App\Controllers\Task->show()
 7 SYSTEMPATH\CodeIgniter.php(494): CodeIgniter\CodeIgniter->runController()
 8 SYSTEMPATH\CodeIgniter.php(353): CodeIgniter\CodeIgniter->handleRequest()
 9 FCPATH\index.php(79): CodeIgniter\CodeIgniter->run()
10 SYSTEMPATH\Commands\Server\rewrite.php(47): require_once('C:\\Users\\INFODIF\\Desktop\\GİT\\Task\\public\\index.php')
CRITICAL - 2023-10-04 06:31:35 --> Attempt to read property "task_title" on array
in APPPATH\Views\Home\show.php on line 140.
 1 APPPATH\Views\Home\show.php(140): CodeIgniter\Debug\Exceptions->errorHandler()
 2 SYSTEMPATH\View\View.php(226): include('C:\\Users\\INFODIF\\Desktop\\GİT\\Task\\app\\Views\\Home\\show.php')
 3 SYSTEMPATH\View\View.php(229): CodeIgniter\View\View->CodeIgniter\View\{closure}()
 4 SYSTEMPATH\Common.php(1188): CodeIgniter\View\View->render()
 5 APPPATH\Controllers\Task.php(69): view()
 6 SYSTEMPATH\CodeIgniter.php(919): App\Controllers\Task->show()
 7 SYSTEMPATH\CodeIgniter.php(494): CodeIgniter\CodeIgniter->runController()
 8 SYSTEMPATH\CodeIgniter.php(353): CodeIgniter\CodeIgniter->handleRequest()
 9 FCPATH\index.php(79): CodeIgniter\CodeIgniter->run()
10 SYSTEMPATH\Commands\Server\rewrite.php(47): require_once('C:\\Users\\INFODIF\\Desktop\\GİT\\Task\\public\\index.php')
CRITICAL - 2023-10-04 06:31:35 --> Attempt to read property "task_title" on array
in APPPATH\Views\Home\show.php on line 140.
 1 APPPATH\Views\Home\show.php(140): CodeIgniter\Debug\Exceptions->errorHandler()
 2 SYSTEMPATH\View\View.php(226): include('C:\\Users\\INFODIF\\Desktop\\GİT\\Task\\app\\Views\\Home\\show.php')
 3 SYSTEMPATH\View\View.php(229): CodeIgniter\View\View->CodeIgniter\View\{closure}()
 4 SYSTEMPATH\Common.php(1188): CodeIgniter\View\View->render()
 5 APPPATH\Controllers\Task.php(69): view()
 6 SYSTEMPATH\CodeIgniter.php(919): App\Controllers\Task->show()
 7 SYSTEMPATH\CodeIgniter.php(494): CodeIgniter\CodeIgniter->runController()
 8 SYSTEMPATH\CodeIgniter.php(353): CodeIgniter\CodeIgniter->handleRequest()
 9 FCPATH\index.php(79): CodeIgniter\CodeIgniter->run()
10 SYSTEMPATH\Commands\Server\rewrite.php(47): require_once('C:\\Users\\INFODIF\\Desktop\\GİT\\Task\\public\\index.php')
CRITICAL - 2023-10-04 06:31:36 --> Attempt to read property "task_title" on array
in APPPATH\Views\Home\show.php on line 140.
 1 APPPATH\Views\Home\show.php(140): CodeIgniter\Debug\Exceptions->errorHandler()
 2 SYSTEMPATH\View\View.php(226): include('C:\\Users\\INFODIF\\Desktop\\GİT\\Task\\app\\Views\\Home\\show.php')
 3 SYSTEMPATH\View\View.php(229): CodeIgniter\View\View->CodeIgniter\View\{closure}()
 4 SYSTEMPATH\Common.php(1188): CodeIgniter\View\View->render()
 5 APPPATH\Controllers\Task.php(69): view()
 6 SYSTEMPATH\CodeIgniter.php(919): App\Controllers\Task->show()
 7 SYSTEMPATH\CodeIgniter.php(494): CodeIgniter\CodeIgniter->runController()
 8 SYSTEMPATH\CodeIgniter.php(353): CodeIgniter\CodeIgniter->handleRequest()
 9 FCPATH\index.php(79): CodeIgniter\CodeIgniter->run()
10 SYSTEMPATH\Commands\Server\rewrite.php(47): require_once('C:\\Users\\INFODIF\\Desktop\\GİT\\Task\\public\\index.php')
INFO - 2023-10-04 06:31:54 --> Session: Class initialized using 'CodeIgniter\Session\Handlers\FileHandler' driver.
CRITICAL - 2023-10-04 06:31:54 --> Array to string conversion
in APPPATH\Views\Home\show.php on line 140.
 1 APPPATH\Views\Home\show.php(140): CodeIgniter\Debug\Exceptions->errorHandler()
 2 SYSTEMPATH\View\View.php(226): include('C:\\Users\\INFODIF\\Desktop\\GİT\\Task\\app\\Views\\Home\\show.php')
 3 SYSTEMPATH\View\View.php(229): CodeIgniter\View\View->CodeIgniter\View\{closure}()
 4 SYSTEMPATH\Common.php(1188): CodeIgniter\View\View->render()
 5 APPPATH\Controllers\Task.php(69): view()
 6 SYSTEMPATH\CodeIgniter.php(919): App\Controllers\Task->show()
 7 SYSTEMPATH\CodeIgniter.php(494): CodeIgniter\CodeIgniter->runController()
 8 SYSTEMPATH\CodeIgniter.php(353): CodeIgniter\CodeIgniter->handleRequest()
 9 FCPATH\index.php(79): CodeIgniter\CodeIgniter->run()
10 SYSTEMPATH\Commands\Server\rewrite.php(47): require_once('C:\\Users\\INFODIF\\Desktop\\GİT\\Task\\public\\index.php')
INFO - 2023-10-04 06:32:27 --> Session: Class initialized using 'CodeIgniter\Session\Handlers\FileHandler' driver.
CRITICAL - 2023-10-04 06:32:27 --> Array to string conversion
in APPPATH\Views\Home\show.php on line 140.
 1 APPPATH\Views\Home\show.php(140): CodeIgniter\Debug\Exceptions->errorHandler()
 2 SYSTEMPATH\View\View.php(226): include('C:\\Users\\INFODIF\\Desktop\\GİT\\Task\\app\\Views\\Home\\show.php')
 3 SYSTEMPATH\View\View.php(229): CodeIgniter\View\View->CodeIgniter\View\{closure}()
 4 SYSTEMPATH\Common.php(1188): CodeIgniter\View\View->render()
 5 APPPATH\Controllers\Task.php(69): view()
 6 SYSTEMPATH\CodeIgniter.php(919): App\Controllers\Task->show()
 7 SYSTEMPATH\CodeIgniter.php(494): CodeIgniter\CodeIgniter->runController()
 8 SYSTEMPATH\CodeIgniter.php(353): CodeIgniter\CodeIgniter->handleRequest()
 9 FCPATH\index.php(79): CodeIgniter\CodeIgniter->run()
10 SYSTEMPATH\Commands\Server\rewrite.php(47): require_once('C:\\Users\\INFODIF\\Desktop\\GİT\\Task\\public\\index.php')
CRITICAL - 2023-10-04 06:32:44 --> Array to string conversion
in APPPATH\Views\Home\show.php on line 140.
 1 APPPATH\Views\Home\show.php(140): CodeIgniter\Debug\Exceptions->errorHandler()
 2 SYSTEMPATH\View\View.php(226): include('C:\\Users\\INFODIF\\Desktop\\GİT\\Task\\app\\Views\\Home\\show.php')
 3 SYSTEMPATH\View\View.php(229): CodeIgniter\View\View->CodeIgniter\View\{closure}()
 4 SYSTEMPATH\Common.php(1188): CodeIgniter\View\View->render()
 5 APPPATH\Controllers\Task.php(69): view()
 6 SYSTEMPATH\CodeIgniter.php(919): App\Controllers\Task->show()
 7 SYSTEMPATH\CodeIgniter.php(494): CodeIgniter\CodeIgniter->runController()
 8 SYSTEMPATH\CodeIgniter.php(353): CodeIgniter\CodeIgniter->handleRequest()
 9 FCPATH\index.php(79): CodeIgniter\CodeIgniter->run()
10 SYSTEMPATH\Commands\Server\rewrite.php(47): require_once('C:\\Users\\INFODIF\\Desktop\\GİT\\Task\\public\\index.php')
CRITICAL - 2023-10-04 06:33:00 --> Array to string conversion
in APPPATH\Views\Home\show.php on line 140.
 1 APPPATH\Views\Home\show.php(140): CodeIgniter\Debug\Exceptions->errorHandler()
 2 SYSTEMPATH\View\View.php(226): include('C:\\Users\\INFODIF\\Desktop\\GİT\\Task\\app\\Views\\Home\\show.php')
 3 SYSTEMPATH\View\View.php(229): CodeIgniter\View\View->CodeIgniter\View\{closure}()
 4 SYSTEMPATH\Common.php(1188): CodeIgniter\View\View->render()
 5 APPPATH\Controllers\Task.php(69): view()
 6 SYSTEMPATH\CodeIgniter.php(919): App\Controllers\Task->show()
 7 SYSTEMPATH\CodeIgniter.php(494): CodeIgniter\CodeIgniter->runController()
 8 SYSTEMPATH\CodeIgniter.php(353): CodeIgniter\CodeIgniter->handleRequest()
 9 FCPATH\index.php(79): CodeIgniter\CodeIgniter->run()
10 SYSTEMPATH\Commands\Server\rewrite.php(47): require_once('C:\\Users\\INFODIF\\Desktop\\GİT\\Task\\public\\index.php')
CRITICAL - 2023-10-04 06:33:01 --> Array to string conversion
in APPPATH\Views\Home\show.php on line 140.
 1 APPPATH\Views\Home\show.php(140): CodeIgniter\Debug\Exceptions->errorHandler()
 2 SYSTEMPATH\View\View.php(226): include('C:\\Users\\INFODIF\\Desktop\\GİT\\Task\\app\\Views\\Home\\show.php')
 3 SYSTEMPATH\View\View.php(229): CodeIgniter\View\View->CodeIgniter\View\{closure}()
 4 SYSTEMPATH\Common.php(1188): CodeIgniter\View\View->render()
 5 APPPATH\Controllers\Task.php(69): view()
 6 SYSTEMPATH\CodeIgniter.php(919): App\Controllers\Task->show()
 7 SYSTEMPATH\CodeIgniter.php(494): CodeIgniter\CodeIgniter->runController()
 8 SYSTEMPATH\CodeIgniter.php(353): CodeIgniter\CodeIgniter->handleRequest()
 9 FCPATH\index.php(79): CodeIgniter\CodeIgniter->run()
10 SYSTEMPATH\Commands\Server\rewrite.php(47): require_once('C:\\Users\\INFODIF\\Desktop\\GİT\\Task\\public\\index.php')
CRITICAL - 2023-10-04 06:33:01 --> Array to string conversion
in APPPATH\Views\Home\show.php on line 140.
 1 APPPATH\Views\Home\show.php(140): CodeIgniter\Debug\Exceptions->errorHandler()
 2 SYSTEMPATH\View\View.php(226): include('C:\\Users\\INFODIF\\Desktop\\GİT\\Task\\app\\Views\\Home\\show.php')
 3 SYSTEMPATH\View\View.php(229): CodeIgniter\View\View->CodeIgniter\View\{closure}()
 4 SYSTEMPATH\Common.php(1188): CodeIgniter\View\View->render()
 5 APPPATH\Controllers\Task.php(69): view()
 6 SYSTEMPATH\CodeIgniter.php(919): App\Controllers\Task->show()
 7 SYSTEMPATH\CodeIgniter.php(494): CodeIgniter\CodeIgniter->runController()
 8 SYSTEMPATH\CodeIgniter.php(353): CodeIgniter\CodeIgniter->handleRequest()
 9 FCPATH\index.php(79): CodeIgniter\CodeIgniter->run()
10 SYSTEMPATH\Commands\Server\rewrite.php(47): require_once('C:\\Users\\INFODIF\\Desktop\\GİT\\Task\\public\\index.php')
CRITICAL - 2023-10-04 06:33:01 --> Array to string conversion
in APPPATH\Views\Home\show.php on line 140.
 1 APPPATH\Views\Home\show.php(140): CodeIgniter\Debug\Exceptions->errorHandler()
 2 SYSTEMPATH\View\View.php(226): include('C:\\Users\\INFODIF\\Desktop\\GİT\\Task\\app\\Views\\Home\\show.php')
 3 SYSTEMPATH\View\View.php(229): CodeIgniter\View\View->CodeIgniter\View\{closure}()
 4 SYSTEMPATH\Common.php(1188): CodeIgniter\View\View->render()
 5 APPPATH\Controllers\Task.php(69): view()
 6 SYSTEMPATH\CodeIgniter.php(919): App\Controllers\Task->show()
 7 SYSTEMPATH\CodeIgniter.php(494): CodeIgniter\CodeIgniter->runController()
 8 SYSTEMPATH\CodeIgniter.php(353): CodeIgniter\CodeIgniter->handleRequest()
 9 FCPATH\index.php(79): CodeIgniter\CodeIgniter->run()
10 SYSTEMPATH\Commands\Server\rewrite.php(47): require_once('C:\\Users\\INFODIF\\Desktop\\GİT\\Task\\public\\index.php')
CRITICAL - 2023-10-04 06:33:01 --> Array to string conversion
in APPPATH\Views\Home\show.php on line 140.
 1 APPPATH\Views\Home\show.php(140): CodeIgniter\Debug\Exceptions->errorHandler()
 2 SYSTEMPATH\View\View.php(226): include('C:\\Users\\INFODIF\\Desktop\\GİT\\Task\\app\\Views\\Home\\show.php')
 3 SYSTEMPATH\View\View.php(229): CodeIgniter\View\View->CodeIgniter\View\{closure}()
 4 SYSTEMPATH\Common.php(1188): CodeIgniter\View\View->render()
 5 APPPATH\Controllers\Task.php(69): view()
 6 SYSTEMPATH\CodeIgniter.php(919): App\Controllers\Task->show()
 7 SYSTEMPATH\CodeIgniter.php(494): CodeIgniter\CodeIgniter->runController()
 8 SYSTEMPATH\CodeIgniter.php(353): CodeIgniter\CodeIgniter->handleRequest()
 9 FCPATH\index.php(79): CodeIgniter\CodeIgniter->run()
10 SYSTEMPATH\Commands\Server\rewrite.php(47): require_once('C:\\Users\\INFODIF\\Desktop\\GİT\\Task\\public\\index.php')
CRITICAL - 2023-10-04 06:34:32 --> Array to string conversion
in APPPATH\Views\Home\show.php on line 140.
 1 APPPATH\Views\Home\show.php(140): CodeIgniter\Debug\Exceptions->errorHandler()
 2 SYSTEMPATH\View\View.php(226): include('C:\\Users\\INFODIF\\Desktop\\GİT\\Task\\app\\Views\\Home\\show.php')
 3 SYSTEMPATH\View\View.php(229): CodeIgniter\View\View->CodeIgniter\View\{closure}()
 4 SYSTEMPATH\Common.php(1188): CodeIgniter\View\View->render()
 5 APPPATH\Controllers\Task.php(69): view()
 6 SYSTEMPATH\CodeIgniter.php(919): App\Controllers\Task->show()
 7 SYSTEMPATH\CodeIgniter.php(494): CodeIgniter\CodeIgniter->runController()
 8 SYSTEMPATH\CodeIgniter.php(353): CodeIgniter\CodeIgniter->handleRequest()
 9 FCPATH\index.php(79): CodeIgniter\CodeIgniter->run()
10 SYSTEMPATH\Commands\Server\rewrite.php(47): require_once('C:\\Users\\INFODIF\\Desktop\\GİT\\Task\\public\\index.php')
CRITICAL - 2023-10-04 06:34:33 --> Array to string conversion
in APPPATH\Views\Home\show.php on line 140.
 1 APPPATH\Views\Home\show.php(140): CodeIgniter\Debug\Exceptions->errorHandler()
 2 SYSTEMPATH\View\View.php(226): include('C:\\Users\\INFODIF\\Desktop\\GİT\\Task\\app\\Views\\Home\\show.php')
 3 SYSTEMPATH\View\View.php(229): CodeIgniter\View\View->CodeIgniter\View\{closure}()
 4 SYSTEMPATH\Common.php(1188): CodeIgniter\View\View->render()
 5 APPPATH\Controllers\Task.php(69): view()
 6 SYSTEMPATH\CodeIgniter.php(919): App\Controllers\Task->show()
 7 SYSTEMPATH\CodeIgniter.php(494): CodeIgniter\CodeIgniter->runController()
 8 SYSTEMPATH\CodeIgniter.php(353): CodeIgniter\CodeIgniter->handleRequest()
 9 FCPATH\index.php(79): CodeIgniter\CodeIgniter->run()
10 SYSTEMPATH\Commands\Server\rewrite.php(47): require_once('C:\\Users\\INFODIF\\Desktop\\GİT\\Task\\public\\index.php')
CRITICAL - 2023-10-04 06:34:33 --> Array to string conversion
in APPPATH\Views\Home\show.php on line 140.
 1 APPPATH\Views\Home\show.php(140): CodeIgniter\Debug\Exceptions->errorHandler()
 2 SYSTEMPATH\View\View.php(226): include('C:\\Users\\INFODIF\\Desktop\\GİT\\Task\\app\\Views\\Home\\show.php')
 3 SYSTEMPATH\View\View.php(229): CodeIgniter\View\View->CodeIgniter\View\{closure}()
 4 SYSTEMPATH\Common.php(1188): CodeIgniter\View\View->render()
 5 APPPATH\Controllers\Task.php(69): view()
 6 SYSTEMPATH\CodeIgniter.php(919): App\Controllers\Task->show()
 7 SYSTEMPATH\CodeIgniter.php(494): CodeIgniter\CodeIgniter->runController()
 8 SYSTEMPATH\CodeIgniter.php(353): CodeIgniter\CodeIgniter->handleRequest()
 9 FCPATH\index.php(79): CodeIgniter\CodeIgniter->run()
10 SYSTEMPATH\Commands\Server\rewrite.php(47): require_once('C:\\Users\\INFODIF\\Desktop\\GİT\\Task\\public\\index.php')
CRITICAL - 2023-10-04 06:34:33 --> Array to string conversion
in APPPATH\Views\Home\show.php on line 140.
 1 APPPATH\Views\Home\show.php(140): CodeIgniter\Debug\Exceptions->errorHandler()
 2 SYSTEMPATH\View\View.php(226): include('C:\\Users\\INFODIF\\Desktop\\GİT\\Task\\app\\Views\\Home\\show.php')
 3 SYSTEMPATH\View\View.php(229): CodeIgniter\View\View->CodeIgniter\View\{closure}()
 4 SYSTEMPATH\Common.php(1188): CodeIgniter\View\View->render()
 5 APPPATH\Controllers\Task.php(69): view()
 6 SYSTEMPATH\CodeIgniter.php(919): App\Controllers\Task->show()
 7 SYSTEMPATH\CodeIgniter.php(494): CodeIgniter\CodeIgniter->runController()
 8 SYSTEMPATH\CodeIgniter.php(353): CodeIgniter\CodeIgniter->handleRequest()
 9 FCPATH\index.php(79): CodeIgniter\CodeIgniter->run()
10 SYSTEMPATH\Commands\Server\rewrite.php(47): require_once('C:\\Users\\INFODIF\\Desktop\\GİT\\Task\\public\\index.php')
CRITICAL - 2023-10-04 06:34:33 --> Array to string conversion
in APPPATH\Views\Home\show.php on line 140.
 1 APPPATH\Views\Home\show.php(140): CodeIgniter\Debug\Exceptions->errorHandler()
 2 SYSTEMPATH\View\View.php(226): include('C:\\Users\\INFODIF\\Desktop\\GİT\\Task\\app\\Views\\Home\\show.php')
 3 SYSTEMPATH\View\View.php(229): CodeIgniter\View\View->CodeIgniter\View\{closure}()
 4 SYSTEMPATH\Common.php(1188): CodeIgniter\View\View->render()
 5 APPPATH\Controllers\Task.php(69): view()
 6 SYSTEMPATH\CodeIgniter.php(919): App\Controllers\Task->show()
 7 SYSTEMPATH\CodeIgniter.php(494): CodeIgniter\CodeIgniter->runController()
 8 SYSTEMPATH\CodeIgniter.php(353): CodeIgniter\CodeIgniter->handleRequest()
 9 FCPATH\index.php(79): CodeIgniter\CodeIgniter->run()
10 SYSTEMPATH\Commands\Server\rewrite.php(47): require_once('C:\\Users\\INFODIF\\Desktop\\GİT\\Task\\public\\index.php')
CRITICAL - 2023-10-04 06:34:33 --> Array to string conversion
in APPPATH\Views\Home\show.php on line 140.
 1 APPPATH\Views\Home\show.php(140): CodeIgniter\Debug\Exceptions->errorHandler()
 2 SYSTEMPATH\View\View.php(226): include('C:\\Users\\INFODIF\\Desktop\\GİT\\Task\\app\\Views\\Home\\show.php')
 3 SYSTEMPATH\View\View.php(229): CodeIgniter\View\View->CodeIgniter\View\{closure}()
 4 SYSTEMPATH\Common.php(1188): CodeIgniter\View\View->render()
 5 APPPATH\Controllers\Task.php(69): view()
 6 SYSTEMPATH\CodeIgniter.php(919): App\Controllers\Task->show()
 7 SYSTEMPATH\CodeIgniter.php(494): CodeIgniter\CodeIgniter->runController()
 8 SYSTEMPATH\CodeIgniter.php(353): CodeIgniter\CodeIgniter->handleRequest()
 9 FCPATH\index.php(79): CodeIgniter\CodeIgniter->run()
10 SYSTEMPATH\Commands\Server\rewrite.php(47): require_once('C:\\Users\\INFODIF\\Desktop\\GİT\\Task\\public\\index.php')
CRITICAL - 2023-10-04 06:34:34 --> Array to string conversion
in APPPATH\Views\Home\show.php on line 140.
 1 APPPATH\Views\Home\show.php(140): CodeIgniter\Debug\Exceptions->errorHandler()
 2 SYSTEMPATH\View\View.php(226): include('C:\\Users\\INFODIF\\Desktop\\GİT\\Task\\app\\Views\\Home\\show.php')
 3 SYSTEMPATH\View\View.php(229): CodeIgniter\View\View->CodeIgniter\View\{closure}()
 4 SYSTEMPATH\Common.php(1188): CodeIgniter\View\View->render()
 5 APPPATH\Controllers\Task.php(69): view()
 6 SYSTEMPATH\CodeIgniter.php(919): App\Controllers\Task->show()
 7 SYSTEMPATH\CodeIgniter.php(494): CodeIgniter\CodeIgniter->runController()
 8 SYSTEMPATH\CodeIgniter.php(353): CodeIgniter\CodeIgniter->handleRequest()
 9 FCPATH\index.php(79): CodeIgniter\CodeIgniter->run()
10 SYSTEMPATH\Commands\Server\rewrite.php(47): require_once('C:\\Users\\INFODIF\\Desktop\\GİT\\Task\\public\\index.php')
CRITICAL - 2023-10-04 06:37:31 --> Undefined array key "task_title"
in APPPATH\Views\Home\show.php on line 140.
 1 APPPATH\Views\Home\show.php(140): CodeIgniter\Debug\Exceptions->errorHandler()
 2 SYSTEMPATH\View\View.php(226): include('C:\\Users\\INFODIF\\Desktop\\GİT\\Task\\app\\Views\\Home\\show.php')
 3 SYSTEMPATH\View\View.php(229): CodeIgniter\View\View->CodeIgniter\View\{closure}()
 4 SYSTEMPATH\Common.php(1188): CodeIgniter\View\View->render()
 5 APPPATH\Controllers\Task.php(69): view()
 6 SYSTEMPATH\CodeIgniter.php(919): App\Controllers\Task->show()
 7 SYSTEMPATH\CodeIgniter.php(494): CodeIgniter\CodeIgniter->runController()
 8 SYSTEMPATH\CodeIgniter.php(353): CodeIgniter\CodeIgniter->handleRequest()
 9 FCPATH\index.php(79): CodeIgniter\CodeIgniter->run()
10 SYSTEMPATH\Commands\Server\rewrite.php(47): require_once('C:\\Users\\INFODIF\\Desktop\\GİT\\Task\\public\\index.php')
CRITICAL - 2023-10-04 06:39:50 --> Updates are not allowed unless they contain a "where" or "like" clause.
in SYSTEMPATH\Model.php on line 380.
 1 SYSTEMPATH\BaseModel.php(949): CodeIgniter\Model->doUpdate()
 2 SYSTEMPATH\Model.php(776): CodeIgniter\BaseModel->update()
 3 APPPATH\Controllers\Task.php(81): CodeIgniter\Model->update()
 4 SYSTEMPATH\CodeIgniter.php(919): App\Controllers\Task->update()
 5 SYSTEMPATH\CodeIgniter.php(494): CodeIgniter\CodeIgniter->runController()
 6 SYSTEMPATH\CodeIgniter.php(353): CodeIgniter\CodeIgniter->handleRequest()
 7 FCPATH\index.php(79): CodeIgniter\CodeIgniter->run()
 8 SYSTEMPATH\Commands\Server\rewrite.php(47): require_once('C:\\Users\\INFODIF\\Desktop\\GİT\\Task\\public\\index.php')
CRITICAL - 2023-10-04 06:42:36 --> Undefined array key "task_title"
in APPPATH\Views\Home\show.php on line 140.
 1 APPPATH\Views\Home\show.php(140): CodeIgniter\Debug\Exceptions->errorHandler()
 2 SYSTEMPATH\View\View.php(226): include('C:\\Users\\INFODIF\\Desktop\\GİT\\Task\\app\\Views\\Home\\show.php')
 3 SYSTEMPATH\View\View.php(229): CodeIgniter\View\View->CodeIgniter\View\{closure}()
 4 SYSTEMPATH\Common.php(1188): CodeIgniter\View\View->render()
 5 APPPATH\Controllers\Task.php(69): view()
 6 SYSTEMPATH\CodeIgniter.php(919): App\Controllers\Task->show()
 7 SYSTEMPATH\CodeIgniter.php(494): CodeIgniter\CodeIgniter->runController()
 8 SYSTEMPATH\CodeIgniter.php(353): CodeIgniter\CodeIgniter->handleRequest()
 9 FCPATH\index.php(79): CodeIgniter\CodeIgniter->run()
10 SYSTEMPATH\Commands\Server\rewrite.php(47): require_once('C:\\Users\\INFODIF\\Desktop\\GİT\\Task\\public\\index.php')
CRITICAL - 2023-10-04 07:04:08 --> Updates are not allowed unless they contain a "where" or "like" clause.
in SYSTEMPATH\Model.php on line 380.
 1 SYSTEMPATH\BaseModel.php(949): CodeIgniter\Model->doUpdate()
 2 SYSTEMPATH\Model.php(776): CodeIgniter\BaseModel->update()
 3 APPPATH\Controllers\Task.php(81): CodeIgniter\Model->update()
 4 SYSTEMPATH\CodeIgniter.php(919): App\Controllers\Task->update()
 5 SYSTEMPATH\CodeIgniter.php(494): CodeIgniter\CodeIgniter->runController()
 6 SYSTEMPATH\CodeIgniter.php(353): CodeIgniter\CodeIgniter->handleRequest()
 7 FCPATH\index.php(79): CodeIgniter\CodeIgniter->run()
 8 SYSTEMPATH\Commands\Server\rewrite.php(47): require_once('C:\\Users\\INFODIF\\Desktop\\GİT\\Task\\public\\index.php')
CRITICAL - 2023-10-04 07:36:49 --> Updates are not allowed unless they contain a "where" or "like" clause.
in SYSTEMPATH\Model.php on line 380.
 1 SYSTEMPATH\BaseModel.php(949): CodeIgniter\Model->doUpdate()
 2 SYSTEMPATH\Model.php(776): CodeIgniter\BaseModel->update()
 3 APPPATH\Controllers\Task.php(81): CodeIgniter\Model->update()
 4 SYSTEMPATH\CodeIgniter.php(919): App\Controllers\Task->update()
 5 SYSTEMPATH\CodeIgniter.php(494): CodeIgniter\CodeIgniter->runController()
 6 SYSTEMPATH\CodeIgniter.php(353): CodeIgniter\CodeIgniter->handleRequest()
 7 FCPATH\index.php(79): CodeIgniter\CodeIgniter->run()
 8 SYSTEMPATH\Commands\Server\rewrite.php(47): require_once('C:\\Users\\INFODIF\\Desktop\\GİT\\Task\\public\\index.php')
CRITICAL - 2023-10-04 11:29:42 --> Undefined variable $row
in APPPATH\Views\Home\show.php on line 37.
 1 APPPATH\Views\Home\show.php(37): CodeIgniter\Debug\Exceptions->errorHandler()
 2 SYSTEMPATH\View\View.php(226): include('C:\\Users\\INFODIF\\Desktop\\GİT\\Task\\app\\Views\\Home\\show.php')
 3 SYSTEMPATH\View\View.php(229): CodeIgniter\View\View->CodeIgniter\View\{closure}()
 4 SYSTEMPATH\Common.php(1188): CodeIgniter\View\View->render()
 5 APPPATH\Controllers\Task.php(69): view()
 6 SYSTEMPATH\CodeIgniter.php(919): App\Controllers\Task->show()
 7 SYSTEMPATH\CodeIgniter.php(494): CodeIgniter\CodeIgniter->runController()
 8 SYSTEMPATH\CodeIgniter.php(353): CodeIgniter\CodeIgniter->handleRequest()
 9 FCPATH\index.php(79): CodeIgniter\CodeIgniter->run()
10 SYSTEMPATH\Commands\Server\rewrite.php(47): require_once('C:\\Users\\INFODIF\\Desktop\\GİT\\Task\\public\\index.php')
CRITICAL - 2023-10-04 11:29:57 --> Undefined array key "task_title"
in APPPATH\Views\Home\show.php on line 140.
 1 APPPATH\Views\Home\show.php(140): CodeIgniter\Debug\Exceptions->errorHandler()
 2 SYSTEMPATH\View\View.php(226): include('C:\\Users\\INFODIF\\Desktop\\GİT\\Task\\app\\Views\\Home\\show.php')
 3 SYSTEMPATH\View\View.php(229): CodeIgniter\View\View->CodeIgniter\View\{closure}()
 4 SYSTEMPATH\Common.php(1188): CodeIgniter\View\View->render()
 5 APPPATH\Controllers\Task.php(69): view()
 6 SYSTEMPATH\CodeIgniter.php(919): App\Controllers\Task->show()
 7 SYSTEMPATH\CodeIgniter.php(494): CodeIgniter\CodeIgniter->runController()
 8 SYSTEMPATH\CodeIgniter.php(353): CodeIgniter\CodeIgniter->handleRequest()
 9 FCPATH\index.php(79): CodeIgniter\CodeIgniter->run()
10 SYSTEMPATH\Commands\Server\rewrite.php(47): require_once('C:\\Users\\INFODIF\\Desktop\\GİT\\Task\\public\\index.php')
CRITICAL - 2023-10-04 11:29:58 --> Undefined array key "task_title"
in APPPATH\Views\Home\show.php on line 140.
 1 APPPATH\Views\Home\show.php(140): CodeIgniter\Debug\Exceptions->errorHandler()
 2 SYSTEMPATH\View\View.php(226): include('C:\\Users\\INFODIF\\Desktop\\GİT\\Task\\app\\Views\\Home\\show.php')
 3 SYSTEMPATH\View\View.php(229): CodeIgniter\View\View->CodeIgniter\View\{closure}()
 4 SYSTEMPATH\Common.php(1188): CodeIgniter\View\View->render()
 5 APPPATH\Controllers\Task.php(69): view()
 6 SYSTEMPATH\CodeIgniter.php(919): App\Controllers\Task->show()
 7 SYSTEMPATH\CodeIgniter.php(494): CodeIgniter\CodeIgniter->runController()
 8 SYSTEMPATH\CodeIgniter.php(353): CodeIgniter\CodeIgniter->handleRequest()
 9 FCPATH\index.php(79): CodeIgniter\CodeIgniter->run()
10 SYSTEMPATH\Commands\Server\rewrite.php(47): require_once('C:\\Users\\INFODIF\\Desktop\\GİT\\Task\\public\\index.php')
CRITICAL - 2023-10-04 11:54:34 --> Undefined array key "task_id"
in APPPATH\Views\Home\show.php on line 43.
 1 APPPATH\Views\Home\show.php(43): CodeIgniter\Debug\Exceptions->errorHandler()
 2 SYSTEMPATH\View\View.php(226): include('C:\\Users\\INFODIF\\Desktop\\GİT\\Task\\app\\Views\\Home\\show.php')
 3 SYSTEMPATH\View\View.php(229): CodeIgniter\View\View->CodeIgniter\View\{closure}()
 4 SYSTEMPATH\Common.php(1188): CodeIgniter\View\View->render()
 5 APPPATH\Controllers\Task.php(69): view()
 6 SYSTEMPATH\CodeIgniter.php(919): App\Controllers\Task->show()
 7 SYSTEMPATH\CodeIgniter.php(494): CodeIgniter\CodeIgniter->runController()
 8 SYSTEMPATH\CodeIgniter.php(353): CodeIgniter\CodeIgniter->handleRequest()
 9 FCPATH\index.php(79): CodeIgniter\CodeIgniter->run()
10 SYSTEMPATH\Commands\Server\rewrite.php(47): require_once('C:\\Users\\INFODIF\\Desktop\\GİT\\Task\\public\\index.php')
CRITICAL - 2023-10-04 11:55:41 --> Undefined array key "task_id"
in APPPATH\Views\Home\show.php on line 43.
 1 APPPATH\Views\Home\show.php(43): CodeIgniter\Debug\Exceptions->errorHandler()
 2 SYSTEMPATH\View\View.php(226): include('C:\\Users\\INFODIF\\Desktop\\GİT\\Task\\app\\Views\\Home\\show.php')
 3 SYSTEMPATH\View\View.php(229): CodeIgniter\View\View->CodeIgniter\View\{closure}()
 4 SYSTEMPATH\Common.php(1188): CodeIgniter\View\View->render()
 5 APPPATH\Controllers\Task.php(69): view()
 6 SYSTEMPATH\CodeIgniter.php(919): App\Controllers\Task->show()
 7 SYSTEMPATH\CodeIgniter.php(494): CodeIgniter\CodeIgniter->runController()
 8 SYSTEMPATH\CodeIgniter.php(353): CodeIgniter\CodeIgniter->handleRequest()
 9 FCPATH\index.php(79): CodeIgniter\CodeIgniter->run()
10 SYSTEMPATH\Commands\Server\rewrite.php(47): require_once('C:\\Users\\INFODIF\\Desktop\\GİT\\Task\\public\\index.php')
CRITICAL - 2023-10-04 11:55:42 --> Undefined array key "task_id"
in APPPATH\Views\Home\show.php on line 43.
 1 APPPATH\Views\Home\show.php(43): CodeIgniter\Debug\Exceptions->errorHandler()
 2 SYSTEMPATH\View\View.php(226): include('C:\\Users\\INFODIF\\Desktop\\GİT\\Task\\app\\Views\\Home\\show.php')
 3 SYSTEMPATH\View\View.php(229): CodeIgniter\View\View->CodeIgniter\View\{closure}()
 4 SYSTEMPATH\Common.php(1188): CodeIgniter\View\View->render()
 5 APPPATH\Controllers\Task.php(69): view()
 6 SYSTEMPATH\CodeIgniter.php(919): App\Controllers\Task->show()
 7 SYSTEMPATH\CodeIgniter.php(494): CodeIgniter\CodeIgniter->runController()
 8 SYSTEMPATH\CodeIgniter.php(353): CodeIgniter\CodeIgniter->handleRequest()
 9 FCPATH\index.php(79): CodeIgniter\CodeIgniter->run()
10 SYSTEMPATH\Commands\Server\rewrite.php(47): require_once('C:\\Users\\INFODIF\\Desktop\\GİT\\Task\\public\\index.php')
CRITICAL - 2023-10-04 11:55:42 --> Undefined array key "task_id"
in APPPATH\Views\Home\show.php on line 43.
 1 APPPATH\Views\Home\show.php(43): CodeIgniter\Debug\Exceptions->errorHandler()
 2 SYSTEMPATH\View\View.php(226): include('C:\\Users\\INFODIF\\Desktop\\GİT\\Task\\app\\Views\\Home\\show.php')
 3 SYSTEMPATH\View\View.php(229): CodeIgniter\View\View->CodeIgniter\View\{closure}()
 4 SYSTEMPATH\Common.php(1188): CodeIgniter\View\View->render()
 5 APPPATH\Controllers\Task.php(69): view()
 6 SYSTEMPATH\CodeIgniter.php(919): App\Controllers\Task->show()
 7 SYSTEMPATH\CodeIgniter.php(494): CodeIgniter\CodeIgniter->runController()
 8 SYSTEMPATH\CodeIgniter.php(353): CodeIgniter\CodeIgniter->handleRequest()
 9 FCPATH\index.php(79): CodeIgniter\CodeIgniter->run()
10 SYSTEMPATH\Commands\Server\rewrite.php(47): require_once('C:\\Users\\INFODIF\\Desktop\\GİT\\Task\\public\\index.php')
CRITICAL - 2023-10-04 11:55:42 --> Undefined array key "task_id"
in APPPATH\Views\Home\show.php on line 43.
 1 APPPATH\Views\Home\show.php(43): CodeIgniter\Debug\Exceptions->errorHandler()
 2 SYSTEMPATH\View\View.php(226): include('C:\\Users\\INFODIF\\Desktop\\GİT\\Task\\app\\Views\\Home\\show.php')
 3 SYSTEMPATH\View\View.php(229): CodeIgniter\View\View->CodeIgniter\View\{closure}()
 4 SYSTEMPATH\Common.php(1188): CodeIgniter\View\View->render()
 5 APPPATH\Controllers\Task.php(69): view()
 6 SYSTEMPATH\CodeIgniter.php(919): App\Controllers\Task->show()
 7 SYSTEMPATH\CodeIgniter.php(494): CodeIgniter\CodeIgniter->runController()
 8 SYSTEMPATH\CodeIgniter.php(353): CodeIgniter\CodeIgniter->handleRequest()
 9 FCPATH\index.php(79): CodeIgniter\CodeIgniter->run()
10 SYSTEMPATH\Commands\Server\rewrite.php(47): require_once('C:\\Users\\INFODIF\\Desktop\\GİT\\Task\\public\\index.php')
CRITICAL - 2023-10-04 12:05:31 --> Undefined variable $user
in APPPATH\Views\Home\show.php on line 140.
 1 APPPATH\Views\Home\show.php(140): CodeIgniter\Debug\Exceptions->errorHandler()
 2 SYSTEMPATH\View\View.php(226): include('C:\\Users\\INFODIF\\Desktop\\GİT\\Task\\app\\Views\\Home\\show.php')
 3 SYSTEMPATH\View\View.php(229): CodeIgniter\View\View->CodeIgniter\View\{closure}()
 4 SYSTEMPATH\Common.php(1188): CodeIgniter\View\View->render()
 5 APPPATH\Controllers\Task.php(69): view()
 6 SYSTEMPATH\CodeIgniter.php(919): App\Controllers\Task->show()
 7 SYSTEMPATH\CodeIgniter.php(494): CodeIgniter\CodeIgniter->runController()
 8 SYSTEMPATH\CodeIgniter.php(353): CodeIgniter\CodeIgniter->handleRequest()
 9 FCPATH\index.php(79): CodeIgniter\CodeIgniter->run()
10 SYSTEMPATH\Commands\Server\rewrite.php(47): require_once('C:\\Users\\INFODIF\\Desktop\\GİT\\Task\\public\\index.php')
CRITICAL - 2023-10-04 12:05:40 --> Undefined array key "task_id"
in APPPATH\Views\Home\show.php on line 140.
 1 APPPATH\Views\Home\show.php(140): CodeIgniter\Debug\Exceptions->errorHandler()
 2 SYSTEMPATH\View\View.php(226): include('C:\\Users\\INFODIF\\Desktop\\GİT\\Task\\app\\Views\\Home\\show.php')
 3 SYSTEMPATH\View\View.php(229): CodeIgniter\View\View->CodeIgniter\View\{closure}()
 4 SYSTEMPATH\Common.php(1188): CodeIgniter\View\View->render()
 5 APPPATH\Controllers\Task.php(69): view()
 6 SYSTEMPATH\CodeIgniter.php(919): App\Controllers\Task->show()
 7 SYSTEMPATH\CodeIgniter.php(494): CodeIgniter\CodeIgniter->runController()
 8 SYSTEMPATH\CodeIgniter.php(353): CodeIgniter\CodeIgniter->handleRequest()
 9 FCPATH\index.php(79): CodeIgniter\CodeIgniter->run()
10 SYSTEMPATH\Commands\Server\rewrite.php(47): require_once('C:\\Users\\INFODIF\\Desktop\\GİT\\Task\\public\\index.php')
CRITICAL - 2023-10-04 12:15:05 --> Undefined array key "task_id"
in APPPATH\Views\Home\show.php on line 140.
 1 APPPATH\Views\Home\show.php(140): CodeIgniter\Debug\Exceptions->errorHandler()
 2 SYSTEMPATH\View\View.php(226): include('C:\\Users\\INFODIF\\Desktop\\GİT\\Task\\app\\Views\\Home\\show.php')
 3 SYSTEMPATH\View\View.php(229): CodeIgniter\View\View->CodeIgniter\View\{closure}()
 4 SYSTEMPATH\Common.php(1188): CodeIgniter\View\View->render()
 5 APPPATH\Controllers\Task.php(69): view()
 6 SYSTEMPATH\CodeIgniter.php(919): App\Controllers\Task->show()
 7 SYSTEMPATH\CodeIgniter.php(494): CodeIgniter\CodeIgniter->runController()
 8 SYSTEMPATH\CodeIgniter.php(353): CodeIgniter\CodeIgniter->handleRequest()
 9 FCPATH\index.php(79): CodeIgniter\CodeIgniter->run()
10 SYSTEMPATH\Commands\Server\rewrite.php(47): require_once('C:\\Users\\INFODIF\\Desktop\\GİT\\Task\\public\\index.php')
CRITICAL - 2023-10-04 12:15:05 --> Undefined array key "task_id"
in APPPATH\Views\Home\show.php on line 140.
 1 APPPATH\Views\Home\show.php(140): CodeIgniter\Debug\Exceptions->errorHandler()
 2 SYSTEMPATH\View\View.php(226): include('C:\\Users\\INFODIF\\Desktop\\GİT\\Task\\app\\Views\\Home\\show.php')
 3 SYSTEMPATH\View\View.php(229): CodeIgniter\View\View->CodeIgniter\View\{closure}()
 4 SYSTEMPATH\Common.php(1188): CodeIgniter\View\View->render()
 5 APPPATH\Controllers\Task.php(69): view()
 6 SYSTEMPATH\CodeIgniter.php(919): App\Controllers\Task->show()
 7 SYSTEMPATH\CodeIgniter.php(494): CodeIgniter\CodeIgniter->runController()
 8 SYSTEMPATH\CodeIgniter.php(353): CodeIgniter\CodeIgniter->handleRequest()
 9 FCPATH\index.php(79): CodeIgniter\CodeIgniter->run()
10 SYSTEMPATH\Commands\Server\rewrite.php(47): require_once('C:\\Users\\INFODIF\\Desktop\\GİT\\Task\\public\\index.php')
CRITICAL - 2023-10-04 12:15:05 --> Undefined array key "task_id"
in APPPATH\Views\Home\show.php on line 140.
 1 APPPATH\Views\Home\show.php(140): CodeIgniter\Debug\Exceptions->errorHandler()
 2 SYSTEMPATH\View\View.php(226): include('C:\\Users\\INFODIF\\Desktop\\GİT\\Task\\app\\Views\\Home\\show.php')
 3 SYSTEMPATH\View\View.php(229): CodeIgniter\View\View->CodeIgniter\View\{closure}()
 4 SYSTEMPATH\Common.php(1188): CodeIgniter\View\View->render()
 5 APPPATH\Controllers\Task.php(69): view()
 6 SYSTEMPATH\CodeIgniter.php(919): App\Controllers\Task->show()
 7 SYSTEMPATH\CodeIgniter.php(494): CodeIgniter\CodeIgniter->runController()
 8 SYSTEMPATH\CodeIgniter.php(353): CodeIgniter\CodeIgniter->handleRequest()
 9 FCPATH\index.php(79): CodeIgniter\CodeIgniter->run()
10 SYSTEMPATH\Commands\Server\rewrite.php(47): require_once('C:\\Users\\INFODIF\\Desktop\\GİT\\Task\\public\\index.php')
CRITICAL - 2023-10-04 12:15:05 --> Undefined array key "task_id"
in APPPATH\Views\Home\show.php on line 140.
 1 APPPATH\Views\Home\show.php(140): CodeIgniter\Debug\Exceptions->errorHandler()
 2 SYSTEMPATH\View\View.php(226): include('C:\\Users\\INFODIF\\Desktop\\GİT\\Task\\app\\Views\\Home\\show.php')
 3 SYSTEMPATH\View\View.php(229): CodeIgniter\View\View->CodeIgniter\View\{closure}()
 4 SYSTEMPATH\Common.php(1188): CodeIgniter\View\View->render()
 5 APPPATH\Controllers\Task.php(69): view()
 6 SYSTEMPATH\CodeIgniter.php(919): App\Controllers\Task->show()
 7 SYSTEMPATH\CodeIgniter.php(494): CodeIgniter\CodeIgniter->runController()
 8 SYSTEMPATH\CodeIgniter.php(353): CodeIgniter\CodeIgniter->handleRequest()
 9 FCPATH\index.php(79): CodeIgniter\CodeIgniter->run()
10 SYSTEMPATH\Commands\Server\rewrite.php(47): require_once('C:\\Users\\INFODIF\\Desktop\\GİT\\Task\\public\\index.php')
CRITICAL - 2023-10-04 12:15:06 --> Undefined array key "task_id"
in APPPATH\Views\Home\show.php on line 140.
 1 APPPATH\Views\Home\show.php(140): CodeIgniter\Debug\Exceptions->errorHandler()
 2 SYSTEMPATH\View\View.php(226): include('C:\\Users\\INFODIF\\Desktop\\GİT\\Task\\app\\Views\\Home\\show.php')
 3 SYSTEMPATH\View\View.php(229): CodeIgniter\View\View->CodeIgniter\View\{closure}()
 4 SYSTEMPATH\Common.php(1188): CodeIgniter\View\View->render()
 5 APPPATH\Controllers\Task.php(69): view()
 6 SYSTEMPATH\CodeIgniter.php(919): App\Controllers\Task->show()
 7 SYSTEMPATH\CodeIgniter.php(494): CodeIgniter\CodeIgniter->runController()
 8 SYSTEMPATH\CodeIgniter.php(353): CodeIgniter\CodeIgniter->handleRequest()
 9 FCPATH\index.php(79): CodeIgniter\CodeIgniter->run()
10 SYSTEMPATH\Commands\Server\rewrite.php(47): require_once('C:\\Users\\INFODIF\\Desktop\\GİT\\Task\\public\\index.php')
CRITICAL - 2023-10-04 12:17:54 --> Undefined array key "task_title"
in APPPATH\Views\Home\show.php on line 140.
 1 APPPATH\Views\Home\show.php(140): CodeIgniter\Debug\Exceptions->errorHandler()
 2 SYSTEMPATH\View\View.php(226): include('C:\\Users\\INFODIF\\Desktop\\GİT\\Task\\app\\Views\\Home\\show.php')
 3 SYSTEMPATH\View\View.php(229): CodeIgniter\View\View->CodeIgniter\View\{closure}()
 4 SYSTEMPATH\Common.php(1188): CodeIgniter\View\View->render()
 5 APPPATH\Controllers\Task.php(69): view()
 6 SYSTEMPATH\CodeIgniter.php(919): App\Controllers\Task->show()
 7 SYSTEMPATH\CodeIgniter.php(494): CodeIgniter\CodeIgniter->runController()
 8 SYSTEMPATH\CodeIgniter.php(353): CodeIgniter\CodeIgniter->handleRequest()
 9 FCPATH\index.php(79): CodeIgniter\CodeIgniter->run()
10 SYSTEMPATH\Commands\Server\rewrite.php(47): require_once('C:\\Users\\INFODIF\\Desktop\\GİT\\Task\\public\\index.php')
