ERROR - 2023-10-12 05:53:52 --> Error connecting to the database: mysqli_sql_exception: Hedef makine etkin olarak reddettiğinden bağlantı kurulamadı in C:\Users\INFODIF\Desktop\GİT\Task\system\Database\MySQLi\Connection.php:184
Stack trace:
#0 C:\Users\INFODIF\Desktop\GİT\Task\system\Database\MySQLi\Connection.php(184): mysqli->real_connect()
#1 C:\Users\INFODIF\Desktop\GİT\Task\system\Database\BaseConnection.php(391): CodeIgniter\Database\MySQLi\Connection->connect()
#2 C:\Users\INFODIF\Desktop\GİT\Task\system\Database\BaseConnection.php(574): CodeIgniter\Database\BaseConnection->initialize()
#3 C:\Users\INFODIF\Desktop\GİT\Task\system\Database\BaseBuilder.php(1615): CodeIgniter\Database\BaseConnection->query()
#4 C:\Users\INFODIF\Desktop\GİT\Task\system\Model.php(237): CodeIgniter\Database\BaseBuilder->get()
#5 C:\Users\INFODIF\Desktop\GİT\Task\system\BaseModel.php(624): CodeIgniter\Model->doFindAll()
#6 C:\Users\INFODIF\Desktop\GİT\Task\app\Controllers\Task.php(68): CodeIgniter\BaseModel->findAll()
#7 C:\Users\INFODIF\Desktop\GİT\Task\system\CodeIgniter.php(919): App\Controllers\Task->show()
#8 C:\Users\INFODIF\Desktop\GİT\Task\system\CodeIgniter.php(494): CodeIgniter\CodeIgniter->runController()
#9 C:\Users\INFODIF\Desktop\GİT\Task\system\CodeIgniter.php(353): CodeIgniter\CodeIgniter->handleRequest()
#10 C:\Users\INFODIF\Desktop\GİT\Task\public\index.php(79): CodeIgniter\CodeIgniter->run()
#11 C:\Users\INFODIF\Desktop\GİT\Task\system\Commands\Server\rewrite.php(47): require_once('...')
#12 {main}

Next CodeIgniter\Database\Exceptions\DatabaseException: Hedef makine etkin olarak reddettiğinden bağlantı kurulamadı in C:\Users\INFODIF\Desktop\GİT\Task\system\Database\MySQLi\Connection.php:229
Stack trace:
#0 C:\Users\INFODIF\Desktop\GİT\Task\system\Database\BaseConnection.php(391): CodeIgniter\Database\MySQLi\Connection->connect()
#1 C:\Users\INFODIF\Desktop\GİT\Task\system\Database\BaseConnection.php(574): CodeIgniter\Database\BaseConnection->initialize()
#2 C:\Users\INFODIF\Desktop\GİT\Task\system\Database\BaseBuilder.php(1615): CodeIgniter\Database\BaseConnection->query()
#3 C:\Users\INFODIF\Desktop\GİT\Task\system\Model.php(237): CodeIgniter\Database\BaseBuilder->get()
#4 C:\Users\INFODIF\Desktop\GİT\Task\system\BaseModel.php(624): CodeIgniter\Model->doFindAll()
#5 C:\Users\INFODIF\Desktop\GİT\Task\app\Controllers\Task.php(68): CodeIgniter\BaseModel->findAll()
#6 C:\Users\INFODIF\Desktop\GİT\Task\system\CodeIgniter.php(919): App\Controllers\Task->show()
#7 C:\Users\INFODIF\Desktop\GİT\Task\system\CodeIgniter.php(494): CodeIgniter\CodeIgniter->runController()
#8 C:\Users\INFODIF\Desktop\GİT\Task\system\CodeIgniter.php(353): CodeIgniter\CodeIgniter->handleRequest()
#9 C:\Users\INFODIF\Desktop\GİT\Task\public\index.php(79): CodeIgniter\CodeIgniter->run()
#10 C:\Users\INFODIF\Desktop\GİT\Task\system\Commands\Server\rewrite.php(47): require_once('...')
#11 {main}
CRITICAL - 2023-10-12 05:53:52 --> Unable to connect to the database.
Main connection [MySQLi]: Hedef makine etkin olarak reddettiğinden bağlantı kurulamadı
in SYSTEMPATH\Database\BaseConnection.php on line 427.
 1 SYSTEMPATH\Database\BaseConnection.php(574): CodeIgniter\Database\BaseConnection->initialize()
 2 SYSTEMPATH\Database\BaseBuilder.php(1615): CodeIgniter\Database\BaseConnection->query()
 3 SYSTEMPATH\Model.php(237): CodeIgniter\Database\BaseBuilder->get()
 4 SYSTEMPATH\BaseModel.php(624): CodeIgniter\Model->doFindAll()
 5 APPPATH\Controllers\Task.php(68): CodeIgniter\BaseModel->findAll()
 6 SYSTEMPATH\CodeIgniter.php(919): App\Controllers\Task->show()
 7 SYSTEMPATH\CodeIgniter.php(494): CodeIgniter\CodeIgniter->runController()
 8 SYSTEMPATH\CodeIgniter.php(353): CodeIgniter\CodeIgniter->handleRequest()
 9 FCPATH\index.php(79): CodeIgniter\CodeIgniter->run()
10 SYSTEMPATH\Commands\Server\rewrite.php(47): require_once('C:\\Users\\INFODIF\\Desktop\\GİT\\Task\\public\\index.php')
ERROR - 2023-10-12 05:53:57 --> Error connecting to the database: mysqli_sql_exception: Hedef makine etkin olarak reddettiğinden bağlantı kurulamadı in C:\Users\INFODIF\Desktop\GİT\Task\system\Database\MySQLi\Connection.php:184
Stack trace:
#0 C:\Users\INFODIF\Desktop\GİT\Task\system\Database\MySQLi\Connection.php(184): mysqli->real_connect()
#1 C:\Users\INFODIF\Desktop\GİT\Task\system\Database\BaseConnection.php(391): CodeIgniter\Database\MySQLi\Connection->connect()
#2 C:\Users\INFODIF\Desktop\GİT\Task\system\Database\BaseConnection.php(574): CodeIgniter\Database\BaseConnection->initialize()
#3 C:\Users\INFODIF\Desktop\GİT\Task\system\Database\BaseBuilder.php(1615): CodeIgniter\Database\BaseConnection->query()
#4 C:\Users\INFODIF\Desktop\GİT\Task\system\Model.php(237): CodeIgniter\Database\BaseBuilder->get()
#5 C:\Users\INFODIF\Desktop\GİT\Task\system\BaseModel.php(624): CodeIgniter\Model->doFindAll()
#6 C:\Users\INFODIF\Desktop\GİT\Task\app\Controllers\Task.php(68): CodeIgniter\BaseModel->findAll()
#7 C:\Users\INFODIF\Desktop\GİT\Task\system\CodeIgniter.php(919): App\Controllers\Task->show()
#8 C:\Users\INFODIF\Desktop\GİT\Task\system\CodeIgniter.php(494): CodeIgniter\CodeIgniter->runController()
#9 C:\Users\INFODIF\Desktop\GİT\Task\system\CodeIgniter.php(353): CodeIgniter\CodeIgniter->handleRequest()
#10 C:\Users\INFODIF\Desktop\GİT\Task\public\index.php(79): CodeIgniter\CodeIgniter->run()
#11 C:\Users\INFODIF\Desktop\GİT\Task\system\Commands\Server\rewrite.php(47): require_once('...')
#12 {main}

Next CodeIgniter\Database\Exceptions\DatabaseException: Hedef makine etkin olarak reddettiğinden bağlantı kurulamadı in C:\Users\INFODIF\Desktop\GİT\Task\system\Database\MySQLi\Connection.php:229
Stack trace:
#0 C:\Users\INFODIF\Desktop\GİT\Task\system\Database\BaseConnection.php(391): CodeIgniter\Database\MySQLi\Connection->connect()
#1 C:\Users\INFODIF\Desktop\GİT\Task\system\Database\BaseConnection.php(574): CodeIgniter\Database\BaseConnection->initialize()
#2 C:\Users\INFODIF\Desktop\GİT\Task\system\Database\BaseBuilder.php(1615): CodeIgniter\Database\BaseConnection->query()
#3 C:\Users\INFODIF\Desktop\GİT\Task\system\Model.php(237): CodeIgniter\Database\BaseBuilder->get()
#4 C:\Users\INFODIF\Desktop\GİT\Task\system\BaseModel.php(624): CodeIgniter\Model->doFindAll()
#5 C:\Users\INFODIF\Desktop\GİT\Task\app\Controllers\Task.php(68): CodeIgniter\BaseModel->findAll()
#6 C:\Users\INFODIF\Desktop\GİT\Task\system\CodeIgniter.php(919): App\Controllers\Task->show()
#7 C:\Users\INFODIF\Desktop\GİT\Task\system\CodeIgniter.php(494): CodeIgniter\CodeIgniter->runController()
#8 C:\Users\INFODIF\Desktop\GİT\Task\system\CodeIgniter.php(353): CodeIgniter\CodeIgniter->handleRequest()
#9 C:\Users\INFODIF\Desktop\GİT\Task\public\index.php(79): CodeIgniter\CodeIgniter->run()
#10 C:\Users\INFODIF\Desktop\GİT\Task\system\Commands\Server\rewrite.php(47): require_once('...')
#11 {main}
CRITICAL - 2023-10-12 05:53:57 --> Unable to connect to the database.
Main connection [MySQLi]: Hedef makine etkin olarak reddettiğinden bağlantı kurulamadı
in SYSTEMPATH\Database\BaseConnection.php on line 427.
 1 SYSTEMPATH\Database\BaseConnection.php(574): CodeIgniter\Database\BaseConnection->initialize()
 2 SYSTEMPATH\Database\BaseBuilder.php(1615): CodeIgniter\Database\BaseConnection->query()
 3 SYSTEMPATH\Model.php(237): CodeIgniter\Database\BaseBuilder->get()
 4 SYSTEMPATH\BaseModel.php(624): CodeIgniter\Model->doFindAll()
 5 APPPATH\Controllers\Task.php(68): CodeIgniter\BaseModel->findAll()
 6 SYSTEMPATH\CodeIgniter.php(919): App\Controllers\Task->show()
 7 SYSTEMPATH\CodeIgniter.php(494): CodeIgniter\CodeIgniter->runController()
 8 SYSTEMPATH\CodeIgniter.php(353): CodeIgniter\CodeIgniter->handleRequest()
 9 FCPATH\index.php(79): CodeIgniter\CodeIgniter->run()
10 SYSTEMPATH\Commands\Server\rewrite.php(47): require_once('C:\\Users\\INFODIF\\Desktop\\GİT\\Task\\public\\index.php')
CRITICAL - 2023-10-12 10:10:43 --> Undefined variable $task
in APPPATH\Views\Home\datatable.php on line 22.
 1 APPPATH\Views\Home\datatable.php(22): CodeIgniter\Debug\Exceptions->errorHandler()
 2 SYSTEMPATH\View\View.php(226): include('C:\\Users\\INFODIF\\Desktop\\GİT\\Task\\app\\Views\\Home\\datatable.php')
 3 SYSTEMPATH\View\View.php(229): CodeIgniter\View\View->CodeIgniter\View\{closure}()
 4 SYSTEMPATH\Common.php(1188): CodeIgniter\View\View->render()
 5 APPPATH\Controllers\DatatableController.php(10): view()
 6 SYSTEMPATH\CodeIgniter.php(919): App\Controllers\DatatableController->index()
 7 SYSTEMPATH\CodeIgniter.php(494): CodeIgniter\CodeIgniter->runController()
 8 SYSTEMPATH\CodeIgniter.php(353): CodeIgniter\CodeIgniter->handleRequest()
 9 FCPATH\index.php(79): CodeIgniter\CodeIgniter->run()
10 SYSTEMPATH\Commands\Server\rewrite.php(47): require_once('C:\\Users\\INFODIF\\Desktop\\GİT\\Task\\public\\index.php')
CRITICAL - 2023-10-12 10:11:34 --> Undefined variable $task
in APPPATH\Views\Home\datatable.php on line 23.
 1 APPPATH\Views\Home\datatable.php(23): CodeIgniter\Debug\Exceptions->errorHandler()
 2 SYSTEMPATH\View\View.php(226): include('C:\\Users\\INFODIF\\Desktop\\GİT\\Task\\app\\Views\\Home\\datatable.php')
 3 SYSTEMPATH\View\View.php(229): CodeIgniter\View\View->CodeIgniter\View\{closure}()
 4 SYSTEMPATH\Common.php(1188): CodeIgniter\View\View->render()
 5 APPPATH\Controllers\DatatableController.php(10): view()
 6 SYSTEMPATH\CodeIgniter.php(919): App\Controllers\DatatableController->index()
 7 SYSTEMPATH\CodeIgniter.php(494): CodeIgniter\CodeIgniter->runController()
 8 SYSTEMPATH\CodeIgniter.php(353): CodeIgniter\CodeIgniter->handleRequest()
 9 FCPATH\index.php(79): CodeIgniter\CodeIgniter->run()
10 SYSTEMPATH\Commands\Server\rewrite.php(47): require_once('C:\\Users\\INFODIF\\Desktop\\GİT\\Task\\public\\index.php')
CRITICAL - 2023-10-12 10:23:51 --> Undefined variable $task
in APPPATH\Views\Home\datatable.php on line 23.
 1 APPPATH\Views\Home\datatable.php(23): CodeIgniter\Debug\Exceptions->errorHandler()
 2 SYSTEMPATH\View\View.php(226): include('C:\\Users\\INFODIF\\Desktop\\GİT\\Task\\app\\Views\\Home\\datatable.php')
 3 SYSTEMPATH\View\View.php(229): CodeIgniter\View\View->CodeIgniter\View\{closure}()
 4 SYSTEMPATH\Common.php(1188): CodeIgniter\View\View->render()
 5 APPPATH\Controllers\DatatableController.php(16): view()
 6 SYSTEMPATH\CodeIgniter.php(919): App\Controllers\DatatableController->index()
 7 SYSTEMPATH\CodeIgniter.php(494): CodeIgniter\CodeIgniter->runController()
 8 SYSTEMPATH\CodeIgniter.php(353): CodeIgniter\CodeIgniter->handleRequest()
 9 FCPATH\index.php(79): CodeIgniter\CodeIgniter->run()
10 SYSTEMPATH\Commands\Server\rewrite.php(47): require_once('C:\\Users\\INFODIF\\Desktop\\GİT\\Task\\public\\index.php')
CRITICAL - 2023-10-12 10:23:52 --> Undefined variable $task
in APPPATH\Views\Home\datatable.php on line 23.
 1 APPPATH\Views\Home\datatable.php(23): CodeIgniter\Debug\Exceptions->errorHandler()
 2 SYSTEMPATH\View\View.php(226): include('C:\\Users\\INFODIF\\Desktop\\GİT\\Task\\app\\Views\\Home\\datatable.php')
 3 SYSTEMPATH\View\View.php(229): CodeIgniter\View\View->CodeIgniter\View\{closure}()
 4 SYSTEMPATH\Common.php(1188): CodeIgniter\View\View->render()
 5 APPPATH\Controllers\DatatableController.php(16): view()
 6 SYSTEMPATH\CodeIgniter.php(919): App\Controllers\DatatableController->index()
 7 SYSTEMPATH\CodeIgniter.php(494): CodeIgniter\CodeIgniter->runController()
 8 SYSTEMPATH\CodeIgniter.php(353): CodeIgniter\CodeIgniter->handleRequest()
 9 FCPATH\index.php(79): CodeIgniter\CodeIgniter->run()
10 SYSTEMPATH\Commands\Server\rewrite.php(47): require_once('C:\\Users\\INFODIF\\Desktop\\GİT\\Task\\public\\index.php')
CRITICAL - 2023-10-12 10:23:52 --> Undefined variable $task
in APPPATH\Views\Home\datatable.php on line 23.
 1 APPPATH\Views\Home\datatable.php(23): CodeIgniter\Debug\Exceptions->errorHandler()
 2 SYSTEMPATH\View\View.php(226): include('C:\\Users\\INFODIF\\Desktop\\GİT\\Task\\app\\Views\\Home\\datatable.php')
 3 SYSTEMPATH\View\View.php(229): CodeIgniter\View\View->CodeIgniter\View\{closure}()
 4 SYSTEMPATH\Common.php(1188): CodeIgniter\View\View->render()
 5 APPPATH\Controllers\DatatableController.php(16): view()
 6 SYSTEMPATH\CodeIgniter.php(919): App\Controllers\DatatableController->index()
 7 SYSTEMPATH\CodeIgniter.php(494): CodeIgniter\CodeIgniter->runController()
 8 SYSTEMPATH\CodeIgniter.php(353): CodeIgniter\CodeIgniter->handleRequest()
 9 FCPATH\index.php(79): CodeIgniter\CodeIgniter->run()
10 SYSTEMPATH\Commands\Server\rewrite.php(47): require_once('C:\\Users\\INFODIF\\Desktop\\GİT\\Task\\public\\index.php')
CRITICAL - 2023-10-12 10:23:52 --> Undefined variable $task
in APPPATH\Views\Home\datatable.php on line 23.
 1 APPPATH\Views\Home\datatable.php(23): CodeIgniter\Debug\Exceptions->errorHandler()
 2 SYSTEMPATH\View\View.php(226): include('C:\\Users\\INFODIF\\Desktop\\GİT\\Task\\app\\Views\\Home\\datatable.php')
 3 SYSTEMPATH\View\View.php(229): CodeIgniter\View\View->CodeIgniter\View\{closure}()
 4 SYSTEMPATH\Common.php(1188): CodeIgniter\View\View->render()
 5 APPPATH\Controllers\DatatableController.php(16): view()
 6 SYSTEMPATH\CodeIgniter.php(919): App\Controllers\DatatableController->index()
 7 SYSTEMPATH\CodeIgniter.php(494): CodeIgniter\CodeIgniter->runController()
 8 SYSTEMPATH\CodeIgniter.php(353): CodeIgniter\CodeIgniter->handleRequest()
 9 FCPATH\index.php(79): CodeIgniter\CodeIgniter->run()
10 SYSTEMPATH\Commands\Server\rewrite.php(47): require_once('C:\\Users\\INFODIF\\Desktop\\GİT\\Task\\public\\index.php')
CRITICAL - 2023-10-12 10:23:52 --> Undefined variable $task
in APPPATH\Views\Home\datatable.php on line 23.
 1 APPPATH\Views\Home\datatable.php(23): CodeIgniter\Debug\Exceptions->errorHandler()
 2 SYSTEMPATH\View\View.php(226): include('C:\\Users\\INFODIF\\Desktop\\GİT\\Task\\app\\Views\\Home\\datatable.php')
 3 SYSTEMPATH\View\View.php(229): CodeIgniter\View\View->CodeIgniter\View\{closure}()
 4 SYSTEMPATH\Common.php(1188): CodeIgniter\View\View->render()
 5 APPPATH\Controllers\DatatableController.php(16): view()
 6 SYSTEMPATH\CodeIgniter.php(919): App\Controllers\DatatableController->index()
 7 SYSTEMPATH\CodeIgniter.php(494): CodeIgniter\CodeIgniter->runController()
 8 SYSTEMPATH\CodeIgniter.php(353): CodeIgniter\CodeIgniter->handleRequest()
 9 FCPATH\index.php(79): CodeIgniter\CodeIgniter->run()
10 SYSTEMPATH\Commands\Server\rewrite.php(47): require_once('C:\\Users\\INFODIF\\Desktop\\GİT\\Task\\public\\index.php')
CRITICAL - 2023-10-12 10:23:52 --> Undefined variable $task
in APPPATH\Views\Home\datatable.php on line 23.
 1 APPPATH\Views\Home\datatable.php(23): CodeIgniter\Debug\Exceptions->errorHandler()
 2 SYSTEMPATH\View\View.php(226): include('C:\\Users\\INFODIF\\Desktop\\GİT\\Task\\app\\Views\\Home\\datatable.php')
 3 SYSTEMPATH\View\View.php(229): CodeIgniter\View\View->CodeIgniter\View\{closure}()
 4 SYSTEMPATH\Common.php(1188): CodeIgniter\View\View->render()
 5 APPPATH\Controllers\DatatableController.php(16): view()
 6 SYSTEMPATH\CodeIgniter.php(919): App\Controllers\DatatableController->index()
 7 SYSTEMPATH\CodeIgniter.php(494): CodeIgniter\CodeIgniter->runController()
 8 SYSTEMPATH\CodeIgniter.php(353): CodeIgniter\CodeIgniter->handleRequest()
 9 FCPATH\index.php(79): CodeIgniter\CodeIgniter->run()
10 SYSTEMPATH\Commands\Server\rewrite.php(47): require_once('C:\\Users\\INFODIF\\Desktop\\GİT\\Task\\public\\index.php')
CRITICAL - 2023-10-12 10:23:53 --> Undefined variable $task
in APPPATH\Views\Home\datatable.php on line 23.
 1 APPPATH\Views\Home\datatable.php(23): CodeIgniter\Debug\Exceptions->errorHandler()
 2 SYSTEMPATH\View\View.php(226): include('C:\\Users\\INFODIF\\Desktop\\GİT\\Task\\app\\Views\\Home\\datatable.php')
 3 SYSTEMPATH\View\View.php(229): CodeIgniter\View\View->CodeIgniter\View\{closure}()
 4 SYSTEMPATH\Common.php(1188): CodeIgniter\View\View->render()
 5 APPPATH\Controllers\DatatableController.php(16): view()
 6 SYSTEMPATH\CodeIgniter.php(919): App\Controllers\DatatableController->index()
 7 SYSTEMPATH\CodeIgniter.php(494): CodeIgniter\CodeIgniter->runController()
 8 SYSTEMPATH\CodeIgniter.php(353): CodeIgniter\CodeIgniter->handleRequest()
 9 FCPATH\index.php(79): CodeIgniter\CodeIgniter->run()
10 SYSTEMPATH\Commands\Server\rewrite.php(47): require_once('C:\\Users\\INFODIF\\Desktop\\GİT\\Task\\public\\index.php')
CRITICAL - 2023-10-12 10:23:53 --> Undefined variable $task
in APPPATH\Views\Home\datatable.php on line 23.
 1 APPPATH\Views\Home\datatable.php(23): CodeIgniter\Debug\Exceptions->errorHandler()
 2 SYSTEMPATH\View\View.php(226): include('C:\\Users\\INFODIF\\Desktop\\GİT\\Task\\app\\Views\\Home\\datatable.php')
 3 SYSTEMPATH\View\View.php(229): CodeIgniter\View\View->CodeIgniter\View\{closure}()
 4 SYSTEMPATH\Common.php(1188): CodeIgniter\View\View->render()
 5 APPPATH\Controllers\DatatableController.php(16): view()
 6 SYSTEMPATH\CodeIgniter.php(919): App\Controllers\DatatableController->index()
 7 SYSTEMPATH\CodeIgniter.php(494): CodeIgniter\CodeIgniter->runController()
 8 SYSTEMPATH\CodeIgniter.php(353): CodeIgniter\CodeIgniter->handleRequest()
 9 FCPATH\index.php(79): CodeIgniter\CodeIgniter->run()
10 SYSTEMPATH\Commands\Server\rewrite.php(47): require_once('C:\\Users\\INFODIF\\Desktop\\GİT\\Task\\public\\index.php')
CRITICAL - 2023-10-12 10:24:11 --> Undefined variable $taskdata
in APPPATH\Views\Home\datatable.php on line 23.
 1 APPPATH\Views\Home\datatable.php(23): CodeIgniter\Debug\Exceptions->errorHandler()
 2 SYSTEMPATH\View\View.php(226): include('C:\\Users\\INFODIF\\Desktop\\GİT\\Task\\app\\Views\\Home\\datatable.php')
 3 SYSTEMPATH\View\View.php(229): CodeIgniter\View\View->CodeIgniter\View\{closure}()
 4 SYSTEMPATH\Common.php(1188): CodeIgniter\View\View->render()
 5 APPPATH\Controllers\DatatableController.php(16): view()
 6 SYSTEMPATH\CodeIgniter.php(919): App\Controllers\DatatableController->index()
 7 SYSTEMPATH\CodeIgniter.php(494): CodeIgniter\CodeIgniter->runController()
 8 SYSTEMPATH\CodeIgniter.php(353): CodeIgniter\CodeIgniter->handleRequest()
 9 FCPATH\index.php(79): CodeIgniter\CodeIgniter->run()
10 SYSTEMPATH\Commands\Server\rewrite.php(47): require_once('C:\\Users\\INFODIF\\Desktop\\GİT\\Task\\public\\index.php')
CRITICAL - 2023-10-12 10:24:12 --> Undefined variable $taskdata
in APPPATH\Views\Home\datatable.php on line 23.
 1 APPPATH\Views\Home\datatable.php(23): CodeIgniter\Debug\Exceptions->errorHandler()
 2 SYSTEMPATH\View\View.php(226): include('C:\\Users\\INFODIF\\Desktop\\GİT\\Task\\app\\Views\\Home\\datatable.php')
 3 SYSTEMPATH\View\View.php(229): CodeIgniter\View\View->CodeIgniter\View\{closure}()
 4 SYSTEMPATH\Common.php(1188): CodeIgniter\View\View->render()
 5 APPPATH\Controllers\DatatableController.php(16): view()
 6 SYSTEMPATH\CodeIgniter.php(919): App\Controllers\DatatableController->index()
 7 SYSTEMPATH\CodeIgniter.php(494): CodeIgniter\CodeIgniter->runController()
 8 SYSTEMPATH\CodeIgniter.php(353): CodeIgniter\CodeIgniter->handleRequest()
 9 FCPATH\index.php(79): CodeIgniter\CodeIgniter->run()
10 SYSTEMPATH\Commands\Server\rewrite.php(47): require_once('C:\\Users\\INFODIF\\Desktop\\GİT\\Task\\public\\index.php')
CRITICAL - 2023-10-12 10:24:12 --> Undefined variable $taskdata
in APPPATH\Views\Home\datatable.php on line 23.
 1 APPPATH\Views\Home\datatable.php(23): CodeIgniter\Debug\Exceptions->errorHandler()
 2 SYSTEMPATH\View\View.php(226): include('C:\\Users\\INFODIF\\Desktop\\GİT\\Task\\app\\Views\\Home\\datatable.php')
 3 SYSTEMPATH\View\View.php(229): CodeIgniter\View\View->CodeIgniter\View\{closure}()
 4 SYSTEMPATH\Common.php(1188): CodeIgniter\View\View->render()
 5 APPPATH\Controllers\DatatableController.php(16): view()
 6 SYSTEMPATH\CodeIgniter.php(919): App\Controllers\DatatableController->index()
 7 SYSTEMPATH\CodeIgniter.php(494): CodeIgniter\CodeIgniter->runController()
 8 SYSTEMPATH\CodeIgniter.php(353): CodeIgniter\CodeIgniter->handleRequest()
 9 FCPATH\index.php(79): CodeIgniter\CodeIgniter->run()
10 SYSTEMPATH\Commands\Server\rewrite.php(47): require_once('C:\\Users\\INFODIF\\Desktop\\GİT\\Task\\public\\index.php')
CRITICAL - 2023-10-12 10:24:12 --> Undefined variable $taskdata
in APPPATH\Views\Home\datatable.php on line 23.
 1 APPPATH\Views\Home\datatable.php(23): CodeIgniter\Debug\Exceptions->errorHandler()
 2 SYSTEMPATH\View\View.php(226): include('C:\\Users\\INFODIF\\Desktop\\GİT\\Task\\app\\Views\\Home\\datatable.php')
 3 SYSTEMPATH\View\View.php(229): CodeIgniter\View\View->CodeIgniter\View\{closure}()
 4 SYSTEMPATH\Common.php(1188): CodeIgniter\View\View->render()
 5 APPPATH\Controllers\DatatableController.php(16): view()
 6 SYSTEMPATH\CodeIgniter.php(919): App\Controllers\DatatableController->index()
 7 SYSTEMPATH\CodeIgniter.php(494): CodeIgniter\CodeIgniter->runController()
 8 SYSTEMPATH\CodeIgniter.php(353): CodeIgniter\CodeIgniter->handleRequest()
 9 FCPATH\index.php(79): CodeIgniter\CodeIgniter->run()
10 SYSTEMPATH\Commands\Server\rewrite.php(47): require_once('C:\\Users\\INFODIF\\Desktop\\GİT\\Task\\public\\index.php')
CRITICAL - 2023-10-12 10:24:13 --> Undefined variable $taskdata
in APPPATH\Views\Home\datatable.php on line 23.
 1 APPPATH\Views\Home\datatable.php(23): CodeIgniter\Debug\Exceptions->errorHandler()
 2 SYSTEMPATH\View\View.php(226): include('C:\\Users\\INFODIF\\Desktop\\GİT\\Task\\app\\Views\\Home\\datatable.php')
 3 SYSTEMPATH\View\View.php(229): CodeIgniter\View\View->CodeIgniter\View\{closure}()
 4 SYSTEMPATH\Common.php(1188): CodeIgniter\View\View->render()
 5 APPPATH\Controllers\DatatableController.php(16): view()
 6 SYSTEMPATH\CodeIgniter.php(919): App\Controllers\DatatableController->index()
 7 SYSTEMPATH\CodeIgniter.php(494): CodeIgniter\CodeIgniter->runController()
 8 SYSTEMPATH\CodeIgniter.php(353): CodeIgniter\CodeIgniter->handleRequest()
 9 FCPATH\index.php(79): CodeIgniter\CodeIgniter->run()
10 SYSTEMPATH\Commands\Server\rewrite.php(47): require_once('C:\\Users\\INFODIF\\Desktop\\GİT\\Task\\public\\index.php')
CRITICAL - 2023-10-12 10:24:13 --> Undefined variable $taskdata
in APPPATH\Views\Home\datatable.php on line 23.
 1 APPPATH\Views\Home\datatable.php(23): CodeIgniter\Debug\Exceptions->errorHandler()
 2 SYSTEMPATH\View\View.php(226): include('C:\\Users\\INFODIF\\Desktop\\GİT\\Task\\app\\Views\\Home\\datatable.php')
 3 SYSTEMPATH\View\View.php(229): CodeIgniter\View\View->CodeIgniter\View\{closure}()
 4 SYSTEMPATH\Common.php(1188): CodeIgniter\View\View->render()
 5 APPPATH\Controllers\DatatableController.php(16): view()
 6 SYSTEMPATH\CodeIgniter.php(919): App\Controllers\DatatableController->index()
 7 SYSTEMPATH\CodeIgniter.php(494): CodeIgniter\CodeIgniter->runController()
 8 SYSTEMPATH\CodeIgniter.php(353): CodeIgniter\CodeIgniter->handleRequest()
 9 FCPATH\index.php(79): CodeIgniter\CodeIgniter->run()
10 SYSTEMPATH\Commands\Server\rewrite.php(47): require_once('C:\\Users\\INFODIF\\Desktop\\GİT\\Task\\public\\index.php')
ERROR - 2023-10-12 11:47:09 --> mysqli_sql_exception: Column 'task_check' cannot be null in C:\Users\INFODIF\Desktop\GİT\Task\system\Database\MySQLi\Connection.php:306
Stack trace:
#0 C:\Users\INFODIF\Desktop\GİT\Task\system\Database\MySQLi\Connection.php(306): mysqli->query()
#1 C:\Users\INFODIF\Desktop\GİT\Task\system\Database\BaseConnection.php(692): CodeIgniter\Database\MySQLi\Connection->execute()
#2 C:\Users\INFODIF\Desktop\GİT\Task\system\Database\BaseConnection.php(606): CodeIgniter\Database\BaseConnection->simpleQuery()
#3 C:\Users\INFODIF\Desktop\GİT\Task\system\Database\BaseBuilder.php(2308): CodeIgniter\Database\BaseConnection->query()
#4 C:\Users\INFODIF\Desktop\GİT\Task\system\Model.php(319): CodeIgniter\Database\BaseBuilder->insert()
#5 C:\Users\INFODIF\Desktop\GİT\Task\system\BaseModel.php(788): CodeIgniter\Model->doInsert()
#6 C:\Users\INFODIF\Desktop\GİT\Task\system\Model.php(715): CodeIgniter\BaseModel->insert()
#7 C:\Users\INFODIF\Desktop\GİT\Task\app\Controllers\DatatableController.php(54): CodeIgniter\Model->insert()
#8 C:\Users\INFODIF\Desktop\GİT\Task\system\CodeIgniter.php(919): App\Controllers\DatatableController->addTaskData()
#9 C:\Users\INFODIF\Desktop\GİT\Task\system\CodeIgniter.php(494): CodeIgniter\CodeIgniter->runController()
#10 C:\Users\INFODIF\Desktop\GİT\Task\system\CodeIgniter.php(353): CodeIgniter\CodeIgniter->handleRequest()
#11 C:\Users\INFODIF\Desktop\GİT\Task\public\index.php(79): CodeIgniter\CodeIgniter->run()
#12 C:\Users\INFODIF\Desktop\GİT\Task\system\Commands\Server\rewrite.php(47): require_once('...')
#13 {main}
CRITICAL - 2023-10-12 11:47:09 --> Column 'task_check' cannot be null
in SYSTEMPATH\Database\BaseConnection.php on line 646.
 1 SYSTEMPATH\Database\BaseBuilder.php(2308): CodeIgniter\Database\BaseConnection->query()
 2 SYSTEMPATH\Model.php(319): CodeIgniter\Database\BaseBuilder->insert()
 3 SYSTEMPATH\BaseModel.php(788): CodeIgniter\Model->doInsert()
 4 SYSTEMPATH\Model.php(715): CodeIgniter\BaseModel->insert()
 5 APPPATH\Controllers\DatatableController.php(54): CodeIgniter\Model->insert()
 6 SYSTEMPATH\CodeIgniter.php(919): App\Controllers\DatatableController->addTaskData()
 7 SYSTEMPATH\CodeIgniter.php(494): CodeIgniter\CodeIgniter->runController()
 8 SYSTEMPATH\CodeIgniter.php(353): CodeIgniter\CodeIgniter->handleRequest()
 9 FCPATH\index.php(79): CodeIgniter\CodeIgniter->run()
10 SYSTEMPATH\Commands\Server\rewrite.php(47): require_once('C:\\Users\\INFODIF\\Desktop\\GİT\\Task\\public\\index.php')
ERROR - 2023-10-12 11:48:46 --> mysqli_sql_exception: Column 'task_check' cannot be null in C:\Users\INFODIF\Desktop\GİT\Task\system\Database\MySQLi\Connection.php:306
Stack trace:
#0 C:\Users\INFODIF\Desktop\GİT\Task\system\Database\MySQLi\Connection.php(306): mysqli->query()
#1 C:\Users\INFODIF\Desktop\GİT\Task\system\Database\BaseConnection.php(692): CodeIgniter\Database\MySQLi\Connection->execute()
#2 C:\Users\INFODIF\Desktop\GİT\Task\system\Database\BaseConnection.php(606): CodeIgniter\Database\BaseConnection->simpleQuery()
#3 C:\Users\INFODIF\Desktop\GİT\Task\system\Database\BaseBuilder.php(2308): CodeIgniter\Database\BaseConnection->query()
#4 C:\Users\INFODIF\Desktop\GİT\Task\system\Model.php(319): CodeIgniter\Database\BaseBuilder->insert()
#5 C:\Users\INFODIF\Desktop\GİT\Task\system\BaseModel.php(788): CodeIgniter\Model->doInsert()
#6 C:\Users\INFODIF\Desktop\GİT\Task\system\Model.php(715): CodeIgniter\BaseModel->insert()
#7 C:\Users\INFODIF\Desktop\GİT\Task\app\Controllers\DatatableController.php(54): CodeIgniter\Model->insert()
#8 C:\Users\INFODIF\Desktop\GİT\Task\system\CodeIgniter.php(919): App\Controllers\DatatableController->addTaskData()
#9 C:\Users\INFODIF\Desktop\GİT\Task\system\CodeIgniter.php(494): CodeIgniter\CodeIgniter->runController()
#10 C:\Users\INFODIF\Desktop\GİT\Task\system\CodeIgniter.php(353): CodeIgniter\CodeIgniter->handleRequest()
#11 C:\Users\INFODIF\Desktop\GİT\Task\public\index.php(79): CodeIgniter\CodeIgniter->run()
#12 C:\Users\INFODIF\Desktop\GİT\Task\system\Commands\Server\rewrite.php(47): require_once('...')
#13 {main}
CRITICAL - 2023-10-12 11:48:46 --> Column 'task_check' cannot be null
in SYSTEMPATH\Database\BaseConnection.php on line 646.
 1 SYSTEMPATH\Database\BaseBuilder.php(2308): CodeIgniter\Database\BaseConnection->query()
 2 SYSTEMPATH\Model.php(319): CodeIgniter\Database\BaseBuilder->insert()
 3 SYSTEMPATH\BaseModel.php(788): CodeIgniter\Model->doInsert()
 4 SYSTEMPATH\Model.php(715): CodeIgniter\BaseModel->insert()
 5 APPPATH\Controllers\DatatableController.php(54): CodeIgniter\Model->insert()
 6 SYSTEMPATH\CodeIgniter.php(919): App\Controllers\DatatableController->addTaskData()
 7 SYSTEMPATH\CodeIgniter.php(494): CodeIgniter\CodeIgniter->runController()
 8 SYSTEMPATH\CodeIgniter.php(353): CodeIgniter\CodeIgniter->handleRequest()
 9 FCPATH\index.php(79): CodeIgniter\CodeIgniter->run()
10 SYSTEMPATH\Commands\Server\rewrite.php(47): require_once('C:\\Users\\INFODIF\\Desktop\\GİT\\Task\\public\\index.php')
ERROR - 2023-10-12 11:49:27 --> mysqli_sql_exception: Column 'task_check' cannot be null in C:\Users\INFODIF\Desktop\GİT\Task\system\Database\MySQLi\Connection.php:306
Stack trace:
#0 C:\Users\INFODIF\Desktop\GİT\Task\system\Database\MySQLi\Connection.php(306): mysqli->query()
#1 C:\Users\INFODIF\Desktop\GİT\Task\system\Database\BaseConnection.php(692): CodeIgniter\Database\MySQLi\Connection->execute()
#2 C:\Users\INFODIF\Desktop\GİT\Task\system\Database\BaseConnection.php(606): CodeIgniter\Database\BaseConnection->simpleQuery()
#3 C:\Users\INFODIF\Desktop\GİT\Task\system\Database\BaseBuilder.php(2308): CodeIgniter\Database\BaseConnection->query()
#4 C:\Users\INFODIF\Desktop\GİT\Task\system\Model.php(319): CodeIgniter\Database\BaseBuilder->insert()
#5 C:\Users\INFODIF\Desktop\GİT\Task\system\BaseModel.php(788): CodeIgniter\Model->doInsert()
#6 C:\Users\INFODIF\Desktop\GİT\Task\system\Model.php(715): CodeIgniter\BaseModel->insert()
#7 C:\Users\INFODIF\Desktop\GİT\Task\app\Controllers\DatatableController.php(54): CodeIgniter\Model->insert()
#8 C:\Users\INFODIF\Desktop\GİT\Task\system\CodeIgniter.php(919): App\Controllers\DatatableController->addTaskData()
#9 C:\Users\INFODIF\Desktop\GİT\Task\system\CodeIgniter.php(494): CodeIgniter\CodeIgniter->runController()
#10 C:\Users\INFODIF\Desktop\GİT\Task\system\CodeIgniter.php(353): CodeIgniter\CodeIgniter->handleRequest()
#11 C:\Users\INFODIF\Desktop\GİT\Task\public\index.php(79): CodeIgniter\CodeIgniter->run()
#12 C:\Users\INFODIF\Desktop\GİT\Task\system\Commands\Server\rewrite.php(47): require_once('...')
#13 {main}
CRITICAL - 2023-10-12 11:49:27 --> Column 'task_check' cannot be null
in SYSTEMPATH\Database\BaseConnection.php on line 646.
 1 SYSTEMPATH\Database\BaseBuilder.php(2308): CodeIgniter\Database\BaseConnection->query()
 2 SYSTEMPATH\Model.php(319): CodeIgniter\Database\BaseBuilder->insert()
 3 SYSTEMPATH\BaseModel.php(788): CodeIgniter\Model->doInsert()
 4 SYSTEMPATH\Model.php(715): CodeIgniter\BaseModel->insert()
 5 APPPATH\Controllers\DatatableController.php(54): CodeIgniter\Model->insert()
 6 SYSTEMPATH\CodeIgniter.php(919): App\Controllers\DatatableController->addTaskData()
 7 SYSTEMPATH\CodeIgniter.php(494): CodeIgniter\CodeIgniter->runController()
 8 SYSTEMPATH\CodeIgniter.php(353): CodeIgniter\CodeIgniter->handleRequest()
 9 FCPATH\index.php(79): CodeIgniter\CodeIgniter->run()
10 SYSTEMPATH\Commands\Server\rewrite.php(47): require_once('C:\\Users\\INFODIF\\Desktop\\GİT\\Task\\public\\index.php')
ERROR - 2023-10-12 11:49:53 --> mysqli_sql_exception: Column 'task_check' cannot be null in C:\Users\INFODIF\Desktop\GİT\Task\system\Database\MySQLi\Connection.php:306
Stack trace:
#0 C:\Users\INFODIF\Desktop\GİT\Task\system\Database\MySQLi\Connection.php(306): mysqli->query()
#1 C:\Users\INFODIF\Desktop\GİT\Task\system\Database\BaseConnection.php(692): CodeIgniter\Database\MySQLi\Connection->execute()
#2 C:\Users\INFODIF\Desktop\GİT\Task\system\Database\BaseConnection.php(606): CodeIgniter\Database\BaseConnection->simpleQuery()
#3 C:\Users\INFODIF\Desktop\GİT\Task\system\Database\BaseBuilder.php(2308): CodeIgniter\Database\BaseConnection->query()
#4 C:\Users\INFODIF\Desktop\GİT\Task\system\Model.php(319): CodeIgniter\Database\BaseBuilder->insert()
#5 C:\Users\INFODIF\Desktop\GİT\Task\system\BaseModel.php(788): CodeIgniter\Model->doInsert()
#6 C:\Users\INFODIF\Desktop\GİT\Task\system\Model.php(715): CodeIgniter\BaseModel->insert()
#7 C:\Users\INFODIF\Desktop\GİT\Task\app\Controllers\DatatableController.php(54): CodeIgniter\Model->insert()
#8 C:\Users\INFODIF\Desktop\GİT\Task\system\CodeIgniter.php(919): App\Controllers\DatatableController->addTaskData()
#9 C:\Users\INFODIF\Desktop\GİT\Task\system\CodeIgniter.php(494): CodeIgniter\CodeIgniter->runController()
#10 C:\Users\INFODIF\Desktop\GİT\Task\system\CodeIgniter.php(353): CodeIgniter\CodeIgniter->handleRequest()
#11 C:\Users\INFODIF\Desktop\GİT\Task\public\index.php(79): CodeIgniter\CodeIgniter->run()
#12 C:\Users\INFODIF\Desktop\GİT\Task\system\Commands\Server\rewrite.php(47): require_once('...')
#13 {main}
CRITICAL - 2023-10-12 11:49:53 --> Column 'task_check' cannot be null
in SYSTEMPATH\Database\BaseConnection.php on line 646.
 1 SYSTEMPATH\Database\BaseBuilder.php(2308): CodeIgniter\Database\BaseConnection->query()
 2 SYSTEMPATH\Model.php(319): CodeIgniter\Database\BaseBuilder->insert()
 3 SYSTEMPATH\BaseModel.php(788): CodeIgniter\Model->doInsert()
 4 SYSTEMPATH\Model.php(715): CodeIgniter\BaseModel->insert()
 5 APPPATH\Controllers\DatatableController.php(54): CodeIgniter\Model->insert()
 6 SYSTEMPATH\CodeIgniter.php(919): App\Controllers\DatatableController->addTaskData()
 7 SYSTEMPATH\CodeIgniter.php(494): CodeIgniter\CodeIgniter->runController()
 8 SYSTEMPATH\CodeIgniter.php(353): CodeIgniter\CodeIgniter->handleRequest()
 9 FCPATH\index.php(79): CodeIgniter\CodeIgniter->run()
10 SYSTEMPATH\Commands\Server\rewrite.php(47): require_once('C:\\Users\\INFODIF\\Desktop\\GİT\\Task\\public\\index.php')
ERROR - 2023-10-12 12:05:04 --> mysqli_sql_exception: Column 'task_check' cannot be null in C:\Users\INFODIF\Desktop\GİT\Task\system\Database\MySQLi\Connection.php:306
Stack trace:
#0 C:\Users\INFODIF\Desktop\GİT\Task\system\Database\MySQLi\Connection.php(306): mysqli->query()
#1 C:\Users\INFODIF\Desktop\GİT\Task\system\Database\BaseConnection.php(692): CodeIgniter\Database\MySQLi\Connection->execute()
#2 C:\Users\INFODIF\Desktop\GİT\Task\system\Database\BaseConnection.php(606): CodeIgniter\Database\BaseConnection->simpleQuery()
#3 C:\Users\INFODIF\Desktop\GİT\Task\system\Database\BaseBuilder.php(2308): CodeIgniter\Database\BaseConnection->query()
#4 C:\Users\INFODIF\Desktop\GİT\Task\system\Model.php(319): CodeIgniter\Database\BaseBuilder->insert()
#5 C:\Users\INFODIF\Desktop\GİT\Task\system\BaseModel.php(788): CodeIgniter\Model->doInsert()
#6 C:\Users\INFODIF\Desktop\GİT\Task\system\Model.php(715): CodeIgniter\BaseModel->insert()
#7 C:\Users\INFODIF\Desktop\GİT\Task\app\Controllers\DatatableController.php(54): CodeIgniter\Model->insert()
#8 C:\Users\INFODIF\Desktop\GİT\Task\system\CodeIgniter.php(919): App\Controllers\DatatableController->addTaskData()
#9 C:\Users\INFODIF\Desktop\GİT\Task\system\CodeIgniter.php(494): CodeIgniter\CodeIgniter->runController()
#10 C:\Users\INFODIF\Desktop\GİT\Task\system\CodeIgniter.php(353): CodeIgniter\CodeIgniter->handleRequest()
#11 C:\Users\INFODIF\Desktop\GİT\Task\public\index.php(79): CodeIgniter\CodeIgniter->run()
#12 C:\Users\INFODIF\Desktop\GİT\Task\system\Commands\Server\rewrite.php(47): require_once('...')
#13 {main}
CRITICAL - 2023-10-12 12:05:04 --> Column 'task_check' cannot be null
in SYSTEMPATH\Database\BaseConnection.php on line 646.
 1 SYSTEMPATH\Database\BaseBuilder.php(2308): CodeIgniter\Database\BaseConnection->query()
 2 SYSTEMPATH\Model.php(319): CodeIgniter\Database\BaseBuilder->insert()
 3 SYSTEMPATH\BaseModel.php(788): CodeIgniter\Model->doInsert()
 4 SYSTEMPATH\Model.php(715): CodeIgniter\BaseModel->insert()
 5 APPPATH\Controllers\DatatableController.php(54): CodeIgniter\Model->insert()
 6 SYSTEMPATH\CodeIgniter.php(919): App\Controllers\DatatableController->addTaskData()
 7 SYSTEMPATH\CodeIgniter.php(494): CodeIgniter\CodeIgniter->runController()
 8 SYSTEMPATH\CodeIgniter.php(353): CodeIgniter\CodeIgniter->handleRequest()
 9 FCPATH\index.php(79): CodeIgniter\CodeIgniter->run()
10 SYSTEMPATH\Commands\Server\rewrite.php(47): require_once('C:\\Users\\INFODIF\\Desktop\\GİT\\Task\\public\\index.php')
ERROR - 2023-10-12 12:05:27 --> mysqli_sql_exception: Column 'task_check' cannot be null in C:\Users\INFODIF\Desktop\GİT\Task\system\Database\MySQLi\Connection.php:306
Stack trace:
#0 C:\Users\INFODIF\Desktop\GİT\Task\system\Database\MySQLi\Connection.php(306): mysqli->query()
#1 C:\Users\INFODIF\Desktop\GİT\Task\system\Database\BaseConnection.php(692): CodeIgniter\Database\MySQLi\Connection->execute()
#2 C:\Users\INFODIF\Desktop\GİT\Task\system\Database\BaseConnection.php(606): CodeIgniter\Database\BaseConnection->simpleQuery()
#3 C:\Users\INFODIF\Desktop\GİT\Task\system\Database\BaseBuilder.php(2308): CodeIgniter\Database\BaseConnection->query()
#4 C:\Users\INFODIF\Desktop\GİT\Task\system\Model.php(319): CodeIgniter\Database\BaseBuilder->insert()
#5 C:\Users\INFODIF\Desktop\GİT\Task\system\BaseModel.php(788): CodeIgniter\Model->doInsert()
#6 C:\Users\INFODIF\Desktop\GİT\Task\system\Model.php(715): CodeIgniter\BaseModel->insert()
#7 C:\Users\INFODIF\Desktop\GİT\Task\app\Controllers\DatatableController.php(54): CodeIgniter\Model->insert()
#8 C:\Users\INFODIF\Desktop\GİT\Task\system\CodeIgniter.php(919): App\Controllers\DatatableController->addTaskData()
#9 C:\Users\INFODIF\Desktop\GİT\Task\system\CodeIgniter.php(494): CodeIgniter\CodeIgniter->runController()
#10 C:\Users\INFODIF\Desktop\GİT\Task\system\CodeIgniter.php(353): CodeIgniter\CodeIgniter->handleRequest()
#11 C:\Users\INFODIF\Desktop\GİT\Task\public\index.php(79): CodeIgniter\CodeIgniter->run()
#12 C:\Users\INFODIF\Desktop\GİT\Task\system\Commands\Server\rewrite.php(47): require_once('...')
#13 {main}
CRITICAL - 2023-10-12 12:05:27 --> Column 'task_check' cannot be null
in SYSTEMPATH\Database\BaseConnection.php on line 646.
 1 SYSTEMPATH\Database\BaseBuilder.php(2308): CodeIgniter\Database\BaseConnection->query()
 2 SYSTEMPATH\Model.php(319): CodeIgniter\Database\BaseBuilder->insert()
 3 SYSTEMPATH\BaseModel.php(788): CodeIgniter\Model->doInsert()
 4 SYSTEMPATH\Model.php(715): CodeIgniter\BaseModel->insert()
 5 APPPATH\Controllers\DatatableController.php(54): CodeIgniter\Model->insert()
 6 SYSTEMPATH\CodeIgniter.php(919): App\Controllers\DatatableController->addTaskData()
 7 SYSTEMPATH\CodeIgniter.php(494): CodeIgniter\CodeIgniter->runController()
 8 SYSTEMPATH\CodeIgniter.php(353): CodeIgniter\CodeIgniter->handleRequest()
 9 FCPATH\index.php(79): CodeIgniter\CodeIgniter->run()
10 SYSTEMPATH\Commands\Server\rewrite.php(47): require_once('C:\\Users\\INFODIF\\Desktop\\GİT\\Task\\public\\index.php')
ERROR - 2023-10-12 12:09:18 --> mysqli_sql_exception: Column 'task_check' cannot be null in C:\Users\INFODIF\Desktop\GİT\Task\system\Database\MySQLi\Connection.php:306
Stack trace:
#0 C:\Users\INFODIF\Desktop\GİT\Task\system\Database\MySQLi\Connection.php(306): mysqli->query()
#1 C:\Users\INFODIF\Desktop\GİT\Task\system\Database\BaseConnection.php(692): CodeIgniter\Database\MySQLi\Connection->execute()
#2 C:\Users\INFODIF\Desktop\GİT\Task\system\Database\BaseConnection.php(606): CodeIgniter\Database\BaseConnection->simpleQuery()
#3 C:\Users\INFODIF\Desktop\GİT\Task\system\Database\BaseBuilder.php(2308): CodeIgniter\Database\BaseConnection->query()
#4 C:\Users\INFODIF\Desktop\GİT\Task\system\Model.php(319): CodeIgniter\Database\BaseBuilder->insert()
#5 C:\Users\INFODIF\Desktop\GİT\Task\system\BaseModel.php(788): CodeIgniter\Model->doInsert()
#6 C:\Users\INFODIF\Desktop\GİT\Task\system\Model.php(715): CodeIgniter\BaseModel->insert()
#7 C:\Users\INFODIF\Desktop\GİT\Task\app\Controllers\DatatableController.php(54): CodeIgniter\Model->insert()
#8 C:\Users\INFODIF\Desktop\GİT\Task\system\CodeIgniter.php(919): App\Controllers\DatatableController->addTaskData()
#9 C:\Users\INFODIF\Desktop\GİT\Task\system\CodeIgniter.php(494): CodeIgniter\CodeIgniter->runController()
#10 C:\Users\INFODIF\Desktop\GİT\Task\system\CodeIgniter.php(353): CodeIgniter\CodeIgniter->handleRequest()
#11 C:\Users\INFODIF\Desktop\GİT\Task\public\index.php(79): CodeIgniter\CodeIgniter->run()
#12 C:\Users\INFODIF\Desktop\GİT\Task\system\Commands\Server\rewrite.php(47): require_once('...')
#13 {main}
CRITICAL - 2023-10-12 12:09:18 --> Column 'task_check' cannot be null
in SYSTEMPATH\Database\BaseConnection.php on line 646.
 1 SYSTEMPATH\Database\BaseBuilder.php(2308): CodeIgniter\Database\BaseConnection->query()
 2 SYSTEMPATH\Model.php(319): CodeIgniter\Database\BaseBuilder->insert()
 3 SYSTEMPATH\BaseModel.php(788): CodeIgniter\Model->doInsert()
 4 SYSTEMPATH\Model.php(715): CodeIgniter\BaseModel->insert()
 5 APPPATH\Controllers\DatatableController.php(54): CodeIgniter\Model->insert()
 6 SYSTEMPATH\CodeIgniter.php(919): App\Controllers\DatatableController->addTaskData()
 7 SYSTEMPATH\CodeIgniter.php(494): CodeIgniter\CodeIgniter->runController()
 8 SYSTEMPATH\CodeIgniter.php(353): CodeIgniter\CodeIgniter->handleRequest()
 9 FCPATH\index.php(79): CodeIgniter\CodeIgniter->run()
10 SYSTEMPATH\Commands\Server\rewrite.php(47): require_once('C:\\Users\\INFODIF\\Desktop\\GİT\\Task\\public\\index.php')
ERROR - 2023-10-12 12:09:57 --> mysqli_sql_exception: Column 'task_check' cannot be null in C:\Users\INFODIF\Desktop\GİT\Task\system\Database\MySQLi\Connection.php:306
Stack trace:
#0 C:\Users\INFODIF\Desktop\GİT\Task\system\Database\MySQLi\Connection.php(306): mysqli->query()
#1 C:\Users\INFODIF\Desktop\GİT\Task\system\Database\BaseConnection.php(692): CodeIgniter\Database\MySQLi\Connection->execute()
#2 C:\Users\INFODIF\Desktop\GİT\Task\system\Database\BaseConnection.php(606): CodeIgniter\Database\BaseConnection->simpleQuery()
#3 C:\Users\INFODIF\Desktop\GİT\Task\system\Database\BaseBuilder.php(2308): CodeIgniter\Database\BaseConnection->query()
#4 C:\Users\INFODIF\Desktop\GİT\Task\system\Model.php(319): CodeIgniter\Database\BaseBuilder->insert()
#5 C:\Users\INFODIF\Desktop\GİT\Task\system\BaseModel.php(788): CodeIgniter\Model->doInsert()
#6 C:\Users\INFODIF\Desktop\GİT\Task\system\Model.php(715): CodeIgniter\BaseModel->insert()
#7 C:\Users\INFODIF\Desktop\GİT\Task\app\Controllers\DatatableController.php(54): CodeIgniter\Model->insert()
#8 C:\Users\INFODIF\Desktop\GİT\Task\system\CodeIgniter.php(919): App\Controllers\DatatableController->addTaskData()
#9 C:\Users\INFODIF\Desktop\GİT\Task\system\CodeIgniter.php(494): CodeIgniter\CodeIgniter->runController()
#10 C:\Users\INFODIF\Desktop\GİT\Task\system\CodeIgniter.php(353): CodeIgniter\CodeIgniter->handleRequest()
#11 C:\Users\INFODIF\Desktop\GİT\Task\public\index.php(79): CodeIgniter\CodeIgniter->run()
#12 C:\Users\INFODIF\Desktop\GİT\Task\system\Commands\Server\rewrite.php(47): require_once('...')
#13 {main}
CRITICAL - 2023-10-12 12:09:57 --> Column 'task_check' cannot be null
in SYSTEMPATH\Database\BaseConnection.php on line 646.
 1 SYSTEMPATH\Database\BaseBuilder.php(2308): CodeIgniter\Database\BaseConnection->query()
 2 SYSTEMPATH\Model.php(319): CodeIgniter\Database\BaseBuilder->insert()
 3 SYSTEMPATH\BaseModel.php(788): CodeIgniter\Model->doInsert()
 4 SYSTEMPATH\Model.php(715): CodeIgniter\BaseModel->insert()
 5 APPPATH\Controllers\DatatableController.php(54): CodeIgniter\Model->insert()
 6 SYSTEMPATH\CodeIgniter.php(919): App\Controllers\DatatableController->addTaskData()
 7 SYSTEMPATH\CodeIgniter.php(494): CodeIgniter\CodeIgniter->runController()
 8 SYSTEMPATH\CodeIgniter.php(353): CodeIgniter\CodeIgniter->handleRequest()
 9 FCPATH\index.php(79): CodeIgniter\CodeIgniter->run()
10 SYSTEMPATH\Commands\Server\rewrite.php(47): require_once('C:\\Users\\INFODIF\\Desktop\\GİT\\Task\\public\\index.php')
ERROR - 2023-10-12 12:12:51 --> mysqli_sql_exception: Column 'task_check' cannot be null in C:\Users\INFODIF\Desktop\GİT\Task\system\Database\MySQLi\Connection.php:306
Stack trace:
#0 C:\Users\INFODIF\Desktop\GİT\Task\system\Database\MySQLi\Connection.php(306): mysqli->query()
#1 C:\Users\INFODIF\Desktop\GİT\Task\system\Database\BaseConnection.php(692): CodeIgniter\Database\MySQLi\Connection->execute()
#2 C:\Users\INFODIF\Desktop\GİT\Task\system\Database\BaseConnection.php(606): CodeIgniter\Database\BaseConnection->simpleQuery()
#3 C:\Users\INFODIF\Desktop\GİT\Task\system\Database\BaseBuilder.php(2308): CodeIgniter\Database\BaseConnection->query()
#4 C:\Users\INFODIF\Desktop\GİT\Task\system\Model.php(319): CodeIgniter\Database\BaseBuilder->insert()
#5 C:\Users\INFODIF\Desktop\GİT\Task\system\BaseModel.php(788): CodeIgniter\Model->doInsert()
#6 C:\Users\INFODIF\Desktop\GİT\Task\system\Model.php(715): CodeIgniter\BaseModel->insert()
#7 C:\Users\INFODIF\Desktop\GİT\Task\app\Controllers\DatatableController.php(54): CodeIgniter\Model->insert()
#8 C:\Users\INFODIF\Desktop\GİT\Task\system\CodeIgniter.php(919): App\Controllers\DatatableController->addTaskData()
#9 C:\Users\INFODIF\Desktop\GİT\Task\system\CodeIgniter.php(494): CodeIgniter\CodeIgniter->runController()
#10 C:\Users\INFODIF\Desktop\GİT\Task\system\CodeIgniter.php(353): CodeIgniter\CodeIgniter->handleRequest()
#11 C:\Users\INFODIF\Desktop\GİT\Task\public\index.php(79): CodeIgniter\CodeIgniter->run()
#12 C:\Users\INFODIF\Desktop\GİT\Task\system\Commands\Server\rewrite.php(47): require_once('...')
#13 {main}
CRITICAL - 2023-10-12 12:12:51 --> Column 'task_check' cannot be null
in SYSTEMPATH\Database\BaseConnection.php on line 646.
 1 SYSTEMPATH\Database\BaseBuilder.php(2308): CodeIgniter\Database\BaseConnection->query()
 2 SYSTEMPATH\Model.php(319): CodeIgniter\Database\BaseBuilder->insert()
 3 SYSTEMPATH\BaseModel.php(788): CodeIgniter\Model->doInsert()
 4 SYSTEMPATH\Model.php(715): CodeIgniter\BaseModel->insert()
 5 APPPATH\Controllers\DatatableController.php(54): CodeIgniter\Model->insert()
 6 SYSTEMPATH\CodeIgniter.php(919): App\Controllers\DatatableController->addTaskData()
 7 SYSTEMPATH\CodeIgniter.php(494): CodeIgniter\CodeIgniter->runController()
 8 SYSTEMPATH\CodeIgniter.php(353): CodeIgniter\CodeIgniter->handleRequest()
 9 FCPATH\index.php(79): CodeIgniter\CodeIgniter->run()
10 SYSTEMPATH\Commands\Server\rewrite.php(47): require_once('C:\\Users\\INFODIF\\Desktop\\GİT\\Task\\public\\index.php')
ERROR - 2023-10-12 12:13:29 --> mysqli_sql_exception: Column 'task_check' cannot be null in C:\Users\INFODIF\Desktop\GİT\Task\system\Database\MySQLi\Connection.php:306
Stack trace:
#0 C:\Users\INFODIF\Desktop\GİT\Task\system\Database\MySQLi\Connection.php(306): mysqli->query()
#1 C:\Users\INFODIF\Desktop\GİT\Task\system\Database\BaseConnection.php(692): CodeIgniter\Database\MySQLi\Connection->execute()
#2 C:\Users\INFODIF\Desktop\GİT\Task\system\Database\BaseConnection.php(606): CodeIgniter\Database\BaseConnection->simpleQuery()
#3 C:\Users\INFODIF\Desktop\GİT\Task\system\Database\BaseBuilder.php(2308): CodeIgniter\Database\BaseConnection->query()
#4 C:\Users\INFODIF\Desktop\GİT\Task\system\Model.php(319): CodeIgniter\Database\BaseBuilder->insert()
#5 C:\Users\INFODIF\Desktop\GİT\Task\system\BaseModel.php(788): CodeIgniter\Model->doInsert()
#6 C:\Users\INFODIF\Desktop\GİT\Task\system\Model.php(715): CodeIgniter\BaseModel->insert()
#7 C:\Users\INFODIF\Desktop\GİT\Task\app\Controllers\DatatableController.php(54): CodeIgniter\Model->insert()
#8 C:\Users\INFODIF\Desktop\GİT\Task\system\CodeIgniter.php(919): App\Controllers\DatatableController->addTaskData()
#9 C:\Users\INFODIF\Desktop\GİT\Task\system\CodeIgniter.php(494): CodeIgniter\CodeIgniter->runController()
#10 C:\Users\INFODIF\Desktop\GİT\Task\system\CodeIgniter.php(353): CodeIgniter\CodeIgniter->handleRequest()
#11 C:\Users\INFODIF\Desktop\GİT\Task\public\index.php(79): CodeIgniter\CodeIgniter->run()
#12 C:\Users\INFODIF\Desktop\GİT\Task\system\Commands\Server\rewrite.php(47): require_once('...')
#13 {main}
CRITICAL - 2023-10-12 12:13:29 --> Column 'task_check' cannot be null
in SYSTEMPATH\Database\BaseConnection.php on line 646.
 1 SYSTEMPATH\Database\BaseBuilder.php(2308): CodeIgniter\Database\BaseConnection->query()
 2 SYSTEMPATH\Model.php(319): CodeIgniter\Database\BaseBuilder->insert()
 3 SYSTEMPATH\BaseModel.php(788): CodeIgniter\Model->doInsert()
 4 SYSTEMPATH\Model.php(715): CodeIgniter\BaseModel->insert()
 5 APPPATH\Controllers\DatatableController.php(54): CodeIgniter\Model->insert()
 6 SYSTEMPATH\CodeIgniter.php(919): App\Controllers\DatatableController->addTaskData()
 7 SYSTEMPATH\CodeIgniter.php(494): CodeIgniter\CodeIgniter->runController()
 8 SYSTEMPATH\CodeIgniter.php(353): CodeIgniter\CodeIgniter->handleRequest()
 9 FCPATH\index.php(79): CodeIgniter\CodeIgniter->run()
10 SYSTEMPATH\Commands\Server\rewrite.php(47): require_once('C:\\Users\\INFODIF\\Desktop\\GİT\\Task\\public\\index.php')
ERROR - 2023-10-12 12:24:46 --> mysqli_sql_exception: Column 'task_check' cannot be null in C:\Users\INFODIF\Desktop\GİT\Task\system\Database\MySQLi\Connection.php:306
Stack trace:
#0 C:\Users\INFODIF\Desktop\GİT\Task\system\Database\MySQLi\Connection.php(306): mysqli->query()
#1 C:\Users\INFODIF\Desktop\GİT\Task\system\Database\BaseConnection.php(692): CodeIgniter\Database\MySQLi\Connection->execute()
#2 C:\Users\INFODIF\Desktop\GİT\Task\system\Database\BaseConnection.php(606): CodeIgniter\Database\BaseConnection->simpleQuery()
#3 C:\Users\INFODIF\Desktop\GİT\Task\system\Database\BaseBuilder.php(2308): CodeIgniter\Database\BaseConnection->query()
#4 C:\Users\INFODIF\Desktop\GİT\Task\system\Model.php(319): CodeIgniter\Database\BaseBuilder->insert()
#5 C:\Users\INFODIF\Desktop\GİT\Task\system\BaseModel.php(788): CodeIgniter\Model->doInsert()
#6 C:\Users\INFODIF\Desktop\GİT\Task\system\Model.php(715): CodeIgniter\BaseModel->insert()
#7 C:\Users\INFODIF\Desktop\GİT\Task\app\Controllers\DatatableController.php(54): CodeIgniter\Model->insert()
#8 C:\Users\INFODIF\Desktop\GİT\Task\system\CodeIgniter.php(919): App\Controllers\DatatableController->addTaskData()
#9 C:\Users\INFODIF\Desktop\GİT\Task\system\CodeIgniter.php(494): CodeIgniter\CodeIgniter->runController()
#10 C:\Users\INFODIF\Desktop\GİT\Task\system\CodeIgniter.php(353): CodeIgniter\CodeIgniter->handleRequest()
#11 C:\Users\INFODIF\Desktop\GİT\Task\public\index.php(79): CodeIgniter\CodeIgniter->run()
#12 C:\Users\INFODIF\Desktop\GİT\Task\system\Commands\Server\rewrite.php(47): require_once('...')
#13 {main}
CRITICAL - 2023-10-12 12:24:46 --> Column 'task_check' cannot be null
in SYSTEMPATH\Database\BaseConnection.php on line 646.
 1 SYSTEMPATH\Database\BaseBuilder.php(2308): CodeIgniter\Database\BaseConnection->query()
 2 SYSTEMPATH\Model.php(319): CodeIgniter\Database\BaseBuilder->insert()
 3 SYSTEMPATH\BaseModel.php(788): CodeIgniter\Model->doInsert()
 4 SYSTEMPATH\Model.php(715): CodeIgniter\BaseModel->insert()
 5 APPPATH\Controllers\DatatableController.php(54): CodeIgniter\Model->insert()
 6 SYSTEMPATH\CodeIgniter.php(919): App\Controllers\DatatableController->addTaskData()
 7 SYSTEMPATH\CodeIgniter.php(494): CodeIgniter\CodeIgniter->runController()
 8 SYSTEMPATH\CodeIgniter.php(353): CodeIgniter\CodeIgniter->handleRequest()
 9 FCPATH\index.php(79): CodeIgniter\CodeIgniter->run()
10 SYSTEMPATH\Commands\Server\rewrite.php(47): require_once('C:\\Users\\INFODIF\\Desktop\\GİT\\Task\\public\\index.php')
ERROR - 2023-10-12 12:32:00 --> mysqli_sql_exception: Column 'task_check' cannot be null in C:\Users\INFODIF\Desktop\GİT\Task\system\Database\MySQLi\Connection.php:306
Stack trace:
#0 C:\Users\INFODIF\Desktop\GİT\Task\system\Database\MySQLi\Connection.php(306): mysqli->query()
#1 C:\Users\INFODIF\Desktop\GİT\Task\system\Database\BaseConnection.php(692): CodeIgniter\Database\MySQLi\Connection->execute()
#2 C:\Users\INFODIF\Desktop\GİT\Task\system\Database\BaseConnection.php(606): CodeIgniter\Database\BaseConnection->simpleQuery()
#3 C:\Users\INFODIF\Desktop\GİT\Task\system\Database\BaseBuilder.php(2308): CodeIgniter\Database\BaseConnection->query()
#4 C:\Users\INFODIF\Desktop\GİT\Task\system\Model.php(319): CodeIgniter\Database\BaseBuilder->insert()
#5 C:\Users\INFODIF\Desktop\GİT\Task\system\BaseModel.php(788): CodeIgniter\Model->doInsert()
#6 C:\Users\INFODIF\Desktop\GİT\Task\system\Model.php(715): CodeIgniter\BaseModel->insert()
#7 C:\Users\INFODIF\Desktop\GİT\Task\app\Controllers\DatatableController.php(54): CodeIgniter\Model->insert()
#8 C:\Users\INFODIF\Desktop\GİT\Task\system\CodeIgniter.php(919): App\Controllers\DatatableController->addTaskData()
#9 C:\Users\INFODIF\Desktop\GİT\Task\system\CodeIgniter.php(494): CodeIgniter\CodeIgniter->runController()
#10 C:\Users\INFODIF\Desktop\GİT\Task\system\CodeIgniter.php(353): CodeIgniter\CodeIgniter->handleRequest()
#11 C:\Users\INFODIF\Desktop\GİT\Task\public\index.php(79): CodeIgniter\CodeIgniter->run()
#12 C:\Users\INFODIF\Desktop\GİT\Task\system\Commands\Server\rewrite.php(47): require_once('...')
#13 {main}
CRITICAL - 2023-10-12 12:32:00 --> Column 'task_check' cannot be null
in SYSTEMPATH\Database\BaseConnection.php on line 646.
 1 SYSTEMPATH\Database\BaseBuilder.php(2308): CodeIgniter\Database\BaseConnection->query()
 2 SYSTEMPATH\Model.php(319): CodeIgniter\Database\BaseBuilder->insert()
 3 SYSTEMPATH\BaseModel.php(788): CodeIgniter\Model->doInsert()
 4 SYSTEMPATH\Model.php(715): CodeIgniter\BaseModel->insert()
 5 APPPATH\Controllers\DatatableController.php(54): CodeIgniter\Model->insert()
 6 SYSTEMPATH\CodeIgniter.php(919): App\Controllers\DatatableController->addTaskData()
 7 SYSTEMPATH\CodeIgniter.php(494): CodeIgniter\CodeIgniter->runController()
 8 SYSTEMPATH\CodeIgniter.php(353): CodeIgniter\CodeIgniter->handleRequest()
 9 FCPATH\index.php(79): CodeIgniter\CodeIgniter->run()
10 SYSTEMPATH\Commands\Server\rewrite.php(47): require_once('C:\\Users\\INFODIF\\Desktop\\GİT\\Task\\public\\index.php')
ERROR - 2023-10-12 12:32:51 --> mysqli_sql_exception: Column 'task_check' cannot be null in C:\Users\INFODIF\Desktop\GİT\Task\system\Database\MySQLi\Connection.php:306
Stack trace:
#0 C:\Users\INFODIF\Desktop\GİT\Task\system\Database\MySQLi\Connection.php(306): mysqli->query()
#1 C:\Users\INFODIF\Desktop\GİT\Task\system\Database\BaseConnection.php(692): CodeIgniter\Database\MySQLi\Connection->execute()
#2 C:\Users\INFODIF\Desktop\GİT\Task\system\Database\BaseConnection.php(606): CodeIgniter\Database\BaseConnection->simpleQuery()
#3 C:\Users\INFODIF\Desktop\GİT\Task\system\Database\BaseBuilder.php(2308): CodeIgniter\Database\BaseConnection->query()
#4 C:\Users\INFODIF\Desktop\GİT\Task\system\Model.php(319): CodeIgniter\Database\BaseBuilder->insert()
#5 C:\Users\INFODIF\Desktop\GİT\Task\system\BaseModel.php(788): CodeIgniter\Model->doInsert()
#6 C:\Users\INFODIF\Desktop\GİT\Task\system\Model.php(715): CodeIgniter\BaseModel->insert()
#7 C:\Users\INFODIF\Desktop\GİT\Task\app\Controllers\DatatableController.php(54): CodeIgniter\Model->insert()
#8 C:\Users\INFODIF\Desktop\GİT\Task\system\CodeIgniter.php(919): App\Controllers\DatatableController->addTaskData()
#9 C:\Users\INFODIF\Desktop\GİT\Task\system\CodeIgniter.php(494): CodeIgniter\CodeIgniter->runController()
#10 C:\Users\INFODIF\Desktop\GİT\Task\system\CodeIgniter.php(353): CodeIgniter\CodeIgniter->handleRequest()
#11 C:\Users\INFODIF\Desktop\GİT\Task\public\index.php(79): CodeIgniter\CodeIgniter->run()
#12 C:\Users\INFODIF\Desktop\GİT\Task\system\Commands\Server\rewrite.php(47): require_once('...')
#13 {main}
CRITICAL - 2023-10-12 12:32:51 --> Column 'task_check' cannot be null
in SYSTEMPATH\Database\BaseConnection.php on line 646.
 1 SYSTEMPATH\Database\BaseBuilder.php(2308): CodeIgniter\Database\BaseConnection->query()
 2 SYSTEMPATH\Model.php(319): CodeIgniter\Database\BaseBuilder->insert()
 3 SYSTEMPATH\BaseModel.php(788): CodeIgniter\Model->doInsert()
 4 SYSTEMPATH\Model.php(715): CodeIgniter\BaseModel->insert()
 5 APPPATH\Controllers\DatatableController.php(54): CodeIgniter\Model->insert()
 6 SYSTEMPATH\CodeIgniter.php(919): App\Controllers\DatatableController->addTaskData()
 7 SYSTEMPATH\CodeIgniter.php(494): CodeIgniter\CodeIgniter->runController()
 8 SYSTEMPATH\CodeIgniter.php(353): CodeIgniter\CodeIgniter->handleRequest()
 9 FCPATH\index.php(79): CodeIgniter\CodeIgniter->run()
10 SYSTEMPATH\Commands\Server\rewrite.php(47): require_once('C:\\Users\\INFODIF\\Desktop\\GİT\\Task\\public\\index.php')
ERROR - 2023-10-12 12:43:04 --> mysqli_sql_exception: Column 'task_check' cannot be null in C:\Users\INFODIF\Desktop\GİT\Task\system\Database\MySQLi\Connection.php:306
Stack trace:
#0 C:\Users\INFODIF\Desktop\GİT\Task\system\Database\MySQLi\Connection.php(306): mysqli->query()
#1 C:\Users\INFODIF\Desktop\GİT\Task\system\Database\BaseConnection.php(692): CodeIgniter\Database\MySQLi\Connection->execute()
#2 C:\Users\INFODIF\Desktop\GİT\Task\system\Database\BaseConnection.php(606): CodeIgniter\Database\BaseConnection->simpleQuery()
#3 C:\Users\INFODIF\Desktop\GİT\Task\system\Database\BaseBuilder.php(2308): CodeIgniter\Database\BaseConnection->query()
#4 C:\Users\INFODIF\Desktop\GİT\Task\system\Model.php(319): CodeIgniter\Database\BaseBuilder->insert()
#5 C:\Users\INFODIF\Desktop\GİT\Task\system\BaseModel.php(788): CodeIgniter\Model->doInsert()
#6 C:\Users\INFODIF\Desktop\GİT\Task\system\Model.php(715): CodeIgniter\BaseModel->insert()
#7 C:\Users\INFODIF\Desktop\GİT\Task\app\Controllers\DatatableController.php(54): CodeIgniter\Model->insert()
#8 C:\Users\INFODIF\Desktop\GİT\Task\system\CodeIgniter.php(919): App\Controllers\DatatableController->addTaskData()
#9 C:\Users\INFODIF\Desktop\GİT\Task\system\CodeIgniter.php(494): CodeIgniter\CodeIgniter->runController()
#10 C:\Users\INFODIF\Desktop\GİT\Task\system\CodeIgniter.php(353): CodeIgniter\CodeIgniter->handleRequest()
#11 C:\Users\INFODIF\Desktop\GİT\Task\public\index.php(79): CodeIgniter\CodeIgniter->run()
#12 C:\Users\INFODIF\Desktop\GİT\Task\system\Commands\Server\rewrite.php(47): require_once('...')
#13 {main}
CRITICAL - 2023-10-12 12:43:04 --> Column 'task_check' cannot be null
in SYSTEMPATH\Database\BaseConnection.php on line 646.
 1 SYSTEMPATH\Database\BaseBuilder.php(2308): CodeIgniter\Database\BaseConnection->query()
 2 SYSTEMPATH\Model.php(319): CodeIgniter\Database\BaseBuilder->insert()
 3 SYSTEMPATH\BaseModel.php(788): CodeIgniter\Model->doInsert()
 4 SYSTEMPATH\Model.php(715): CodeIgniter\BaseModel->insert()
 5 APPPATH\Controllers\DatatableController.php(54): CodeIgniter\Model->insert()
 6 SYSTEMPATH\CodeIgniter.php(919): App\Controllers\DatatableController->addTaskData()
 7 SYSTEMPATH\CodeIgniter.php(494): CodeIgniter\CodeIgniter->runController()
 8 SYSTEMPATH\CodeIgniter.php(353): CodeIgniter\CodeIgniter->handleRequest()
 9 FCPATH\index.php(79): CodeIgniter\CodeIgniter->run()
10 SYSTEMPATH\Commands\Server\rewrite.php(47): require_once('C:\\Users\\INFODIF\\Desktop\\GİT\\Task\\public\\index.php')
ERROR - 2023-10-12 12:50:57 --> mysqli_sql_exception: Column 'task_check' cannot be null in C:\Users\INFODIF\Desktop\GİT\Task\system\Database\MySQLi\Connection.php:306
Stack trace:
#0 C:\Users\INFODIF\Desktop\GİT\Task\system\Database\MySQLi\Connection.php(306): mysqli->query()
#1 C:\Users\INFODIF\Desktop\GİT\Task\system\Database\BaseConnection.php(692): CodeIgniter\Database\MySQLi\Connection->execute()
#2 C:\Users\INFODIF\Desktop\GİT\Task\system\Database\BaseConnection.php(606): CodeIgniter\Database\BaseConnection->simpleQuery()
#3 C:\Users\INFODIF\Desktop\GİT\Task\system\Database\BaseBuilder.php(2308): CodeIgniter\Database\BaseConnection->query()
#4 C:\Users\INFODIF\Desktop\GİT\Task\system\Model.php(319): CodeIgniter\Database\BaseBuilder->insert()
#5 C:\Users\INFODIF\Desktop\GİT\Task\system\BaseModel.php(788): CodeIgniter\Model->doInsert()
#6 C:\Users\INFODIF\Desktop\GİT\Task\system\Model.php(715): CodeIgniter\BaseModel->insert()
#7 C:\Users\INFODIF\Desktop\GİT\Task\app\Controllers\DatatableController.php(54): CodeIgniter\Model->insert()
#8 C:\Users\INFODIF\Desktop\GİT\Task\system\CodeIgniter.php(919): App\Controllers\DatatableController->addTaskData()
#9 C:\Users\INFODIF\Desktop\GİT\Task\system\CodeIgniter.php(494): CodeIgniter\CodeIgniter->runController()
#10 C:\Users\INFODIF\Desktop\GİT\Task\system\CodeIgniter.php(353): CodeIgniter\CodeIgniter->handleRequest()
#11 C:\Users\INFODIF\Desktop\GİT\Task\public\index.php(79): CodeIgniter\CodeIgniter->run()
#12 C:\Users\INFODIF\Desktop\GİT\Task\system\Commands\Server\rewrite.php(47): require_once('...')
#13 {main}
CRITICAL - 2023-10-12 12:50:57 --> Column 'task_check' cannot be null
in SYSTEMPATH\Database\BaseConnection.php on line 646.
 1 SYSTEMPATH\Database\BaseBuilder.php(2308): CodeIgniter\Database\BaseConnection->query()
 2 SYSTEMPATH\Model.php(319): CodeIgniter\Database\BaseBuilder->insert()
 3 SYSTEMPATH\BaseModel.php(788): CodeIgniter\Model->doInsert()
 4 SYSTEMPATH\Model.php(715): CodeIgniter\BaseModel->insert()
 5 APPPATH\Controllers\DatatableController.php(54): CodeIgniter\Model->insert()
 6 SYSTEMPATH\CodeIgniter.php(919): App\Controllers\DatatableController->addTaskData()
 7 SYSTEMPATH\CodeIgniter.php(494): CodeIgniter\CodeIgniter->runController()
 8 SYSTEMPATH\CodeIgniter.php(353): CodeIgniter\CodeIgniter->handleRequest()
 9 FCPATH\index.php(79): CodeIgniter\CodeIgniter->run()
10 SYSTEMPATH\Commands\Server\rewrite.php(47): require_once('C:\\Users\\INFODIF\\Desktop\\GİT\\Task\\public\\index.php')
ERROR - 2023-10-12 12:51:41 --> mysqli_sql_exception: Column 'task_check' cannot be null in C:\Users\INFODIF\Desktop\GİT\Task\system\Database\MySQLi\Connection.php:306
Stack trace:
#0 C:\Users\INFODIF\Desktop\GİT\Task\system\Database\MySQLi\Connection.php(306): mysqli->query()
#1 C:\Users\INFODIF\Desktop\GİT\Task\system\Database\BaseConnection.php(692): CodeIgniter\Database\MySQLi\Connection->execute()
#2 C:\Users\INFODIF\Desktop\GİT\Task\system\Database\BaseConnection.php(606): CodeIgniter\Database\BaseConnection->simpleQuery()
#3 C:\Users\INFODIF\Desktop\GİT\Task\system\Database\BaseBuilder.php(2308): CodeIgniter\Database\BaseConnection->query()
#4 C:\Users\INFODIF\Desktop\GİT\Task\system\Model.php(319): CodeIgniter\Database\BaseBuilder->insert()
#5 C:\Users\INFODIF\Desktop\GİT\Task\system\BaseModel.php(788): CodeIgniter\Model->doInsert()
#6 C:\Users\INFODIF\Desktop\GİT\Task\system\Model.php(715): CodeIgniter\BaseModel->insert()
#7 C:\Users\INFODIF\Desktop\GİT\Task\app\Controllers\DatatableController.php(54): CodeIgniter\Model->insert()
#8 C:\Users\INFODIF\Desktop\GİT\Task\system\CodeIgniter.php(919): App\Controllers\DatatableController->addTaskData()
#9 C:\Users\INFODIF\Desktop\GİT\Task\system\CodeIgniter.php(494): CodeIgniter\CodeIgniter->runController()
#10 C:\Users\INFODIF\Desktop\GİT\Task\system\CodeIgniter.php(353): CodeIgniter\CodeIgniter->handleRequest()
#11 C:\Users\INFODIF\Desktop\GİT\Task\public\index.php(79): CodeIgniter\CodeIgniter->run()
#12 C:\Users\INFODIF\Desktop\GİT\Task\system\Commands\Server\rewrite.php(47): require_once('...')
#13 {main}
CRITICAL - 2023-10-12 12:51:41 --> Column 'task_check' cannot be null
in SYSTEMPATH\Database\BaseConnection.php on line 646.
 1 SYSTEMPATH\Database\BaseBuilder.php(2308): CodeIgniter\Database\BaseConnection->query()
 2 SYSTEMPATH\Model.php(319): CodeIgniter\Database\BaseBuilder->insert()
 3 SYSTEMPATH\BaseModel.php(788): CodeIgniter\Model->doInsert()
 4 SYSTEMPATH\Model.php(715): CodeIgniter\BaseModel->insert()
 5 APPPATH\Controllers\DatatableController.php(54): CodeIgniter\Model->insert()
 6 SYSTEMPATH\CodeIgniter.php(919): App\Controllers\DatatableController->addTaskData()
 7 SYSTEMPATH\CodeIgniter.php(494): CodeIgniter\CodeIgniter->runController()
 8 SYSTEMPATH\CodeIgniter.php(353): CodeIgniter\CodeIgniter->handleRequest()
 9 FCPATH\index.php(79): CodeIgniter\CodeIgniter->run()
10 SYSTEMPATH\Commands\Server\rewrite.php(47): require_once('C:\\Users\\INFODIF\\Desktop\\GİT\\Task\\public\\index.php')
ERROR - 2023-10-12 13:35:28 --> mysqli_sql_exception: Column 'task_check' cannot be null in C:\Users\INFODIF\Desktop\GİT\Task\system\Database\MySQLi\Connection.php:306
Stack trace:
#0 C:\Users\INFODIF\Desktop\GİT\Task\system\Database\MySQLi\Connection.php(306): mysqli->query()
#1 C:\Users\INFODIF\Desktop\GİT\Task\system\Database\BaseConnection.php(692): CodeIgniter\Database\MySQLi\Connection->execute()
#2 C:\Users\INFODIF\Desktop\GİT\Task\system\Database\BaseConnection.php(606): CodeIgniter\Database\BaseConnection->simpleQuery()
#3 C:\Users\INFODIF\Desktop\GİT\Task\system\Database\BaseBuilder.php(2308): CodeIgniter\Database\BaseConnection->query()
#4 C:\Users\INFODIF\Desktop\GİT\Task\system\Model.php(319): CodeIgniter\Database\BaseBuilder->insert()
#5 C:\Users\INFODIF\Desktop\GİT\Task\system\BaseModel.php(788): CodeIgniter\Model->doInsert()
#6 C:\Users\INFODIF\Desktop\GİT\Task\system\Model.php(715): CodeIgniter\BaseModel->insert()
#7 C:\Users\INFODIF\Desktop\GİT\Task\app\Controllers\DatatableController.php(54): CodeIgniter\Model->insert()
#8 C:\Users\INFODIF\Desktop\GİT\Task\system\CodeIgniter.php(919): App\Controllers\DatatableController->addTaskData()
#9 C:\Users\INFODIF\Desktop\GİT\Task\system\CodeIgniter.php(494): CodeIgniter\CodeIgniter->runController()
#10 C:\Users\INFODIF\Desktop\GİT\Task\system\CodeIgniter.php(353): CodeIgniter\CodeIgniter->handleRequest()
#11 C:\Users\INFODIF\Desktop\GİT\Task\public\index.php(79): CodeIgniter\CodeIgniter->run()
#12 C:\Users\INFODIF\Desktop\GİT\Task\system\Commands\Server\rewrite.php(47): require_once('...')
#13 {main}
CRITICAL - 2023-10-12 13:35:28 --> Column 'task_check' cannot be null
in SYSTEMPATH\Database\BaseConnection.php on line 646.
 1 SYSTEMPATH\Database\BaseBuilder.php(2308): CodeIgniter\Database\BaseConnection->query()
 2 SYSTEMPATH\Model.php(319): CodeIgniter\Database\BaseBuilder->insert()
 3 SYSTEMPATH\BaseModel.php(788): CodeIgniter\Model->doInsert()
 4 SYSTEMPATH\Model.php(715): CodeIgniter\BaseModel->insert()
 5 APPPATH\Controllers\DatatableController.php(54): CodeIgniter\Model->insert()
 6 SYSTEMPATH\CodeIgniter.php(919): App\Controllers\DatatableController->addTaskData()
 7 SYSTEMPATH\CodeIgniter.php(494): CodeIgniter\CodeIgniter->runController()
 8 SYSTEMPATH\CodeIgniter.php(353): CodeIgniter\CodeIgniter->handleRequest()
 9 FCPATH\index.php(79): CodeIgniter\CodeIgniter->run()
10 SYSTEMPATH\Commands\Server\rewrite.php(47): require_once('C:\\Users\\INFODIF\\Desktop\\GİT\\Task\\public\\index.php')
ERROR - 2023-10-12 13:36:10 --> mysqli_sql_exception: Column 'task_check' cannot be null in C:\Users\INFODIF\Desktop\GİT\Task\system\Database\MySQLi\Connection.php:306
Stack trace:
#0 C:\Users\INFODIF\Desktop\GİT\Task\system\Database\MySQLi\Connection.php(306): mysqli->query()
#1 C:\Users\INFODIF\Desktop\GİT\Task\system\Database\BaseConnection.php(692): CodeIgniter\Database\MySQLi\Connection->execute()
#2 C:\Users\INFODIF\Desktop\GİT\Task\system\Database\BaseConnection.php(606): CodeIgniter\Database\BaseConnection->simpleQuery()
#3 C:\Users\INFODIF\Desktop\GİT\Task\system\Database\BaseBuilder.php(2308): CodeIgniter\Database\BaseConnection->query()
#4 C:\Users\INFODIF\Desktop\GİT\Task\system\Model.php(319): CodeIgniter\Database\BaseBuilder->insert()
#5 C:\Users\INFODIF\Desktop\GİT\Task\system\BaseModel.php(788): CodeIgniter\Model->doInsert()
#6 C:\Users\INFODIF\Desktop\GİT\Task\system\Model.php(715): CodeIgniter\BaseModel->insert()
#7 C:\Users\INFODIF\Desktop\GİT\Task\app\Controllers\DatatableController.php(54): CodeIgniter\Model->insert()
#8 C:\Users\INFODIF\Desktop\GİT\Task\system\CodeIgniter.php(919): App\Controllers\DatatableController->addTaskData()
#9 C:\Users\INFODIF\Desktop\GİT\Task\system\CodeIgniter.php(494): CodeIgniter\CodeIgniter->runController()
#10 C:\Users\INFODIF\Desktop\GİT\Task\system\CodeIgniter.php(353): CodeIgniter\CodeIgniter->handleRequest()
#11 C:\Users\INFODIF\Desktop\GİT\Task\public\index.php(79): CodeIgniter\CodeIgniter->run()
#12 C:\Users\INFODIF\Desktop\GİT\Task\system\Commands\Server\rewrite.php(47): require_once('...')
#13 {main}
CRITICAL - 2023-10-12 13:36:10 --> Column 'task_check' cannot be null
in SYSTEMPATH\Database\BaseConnection.php on line 646.
 1 SYSTEMPATH\Database\BaseBuilder.php(2308): CodeIgniter\Database\BaseConnection->query()
 2 SYSTEMPATH\Model.php(319): CodeIgniter\Database\BaseBuilder->insert()
 3 SYSTEMPATH\BaseModel.php(788): CodeIgniter\Model->doInsert()
 4 SYSTEMPATH\Model.php(715): CodeIgniter\BaseModel->insert()
 5 APPPATH\Controllers\DatatableController.php(54): CodeIgniter\Model->insert()
 6 SYSTEMPATH\CodeIgniter.php(919): App\Controllers\DatatableController->addTaskData()
 7 SYSTEMPATH\CodeIgniter.php(494): CodeIgniter\CodeIgniter->runController()
 8 SYSTEMPATH\CodeIgniter.php(353): CodeIgniter\CodeIgniter->handleRequest()
 9 FCPATH\index.php(79): CodeIgniter\CodeIgniter->run()
10 SYSTEMPATH\Commands\Server\rewrite.php(47): require_once('C:\\Users\\INFODIF\\Desktop\\GİT\\Task\\public\\index.php')
ERROR - 2023-10-12 13:36:11 --> mysqli_sql_exception: Column 'task_check' cannot be null in C:\Users\INFODIF\Desktop\GİT\Task\system\Database\MySQLi\Connection.php:306
Stack trace:
#0 C:\Users\INFODIF\Desktop\GİT\Task\system\Database\MySQLi\Connection.php(306): mysqli->query()
#1 C:\Users\INFODIF\Desktop\GİT\Task\system\Database\BaseConnection.php(692): CodeIgniter\Database\MySQLi\Connection->execute()
#2 C:\Users\INFODIF\Desktop\GİT\Task\system\Database\BaseConnection.php(606): CodeIgniter\Database\BaseConnection->simpleQuery()
#3 C:\Users\INFODIF\Desktop\GİT\Task\system\Database\BaseBuilder.php(2308): CodeIgniter\Database\BaseConnection->query()
#4 C:\Users\INFODIF\Desktop\GİT\Task\system\Model.php(319): CodeIgniter\Database\BaseBuilder->insert()
#5 C:\Users\INFODIF\Desktop\GİT\Task\system\BaseModel.php(788): CodeIgniter\Model->doInsert()
#6 C:\Users\INFODIF\Desktop\GİT\Task\system\Model.php(715): CodeIgniter\BaseModel->insert()
#7 C:\Users\INFODIF\Desktop\GİT\Task\app\Controllers\DatatableController.php(54): CodeIgniter\Model->insert()
#8 C:\Users\INFODIF\Desktop\GİT\Task\system\CodeIgniter.php(919): App\Controllers\DatatableController->addTaskData()
#9 C:\Users\INFODIF\Desktop\GİT\Task\system\CodeIgniter.php(494): CodeIgniter\CodeIgniter->runController()
#10 C:\Users\INFODIF\Desktop\GİT\Task\system\CodeIgniter.php(353): CodeIgniter\CodeIgniter->handleRequest()
#11 C:\Users\INFODIF\Desktop\GİT\Task\public\index.php(79): CodeIgniter\CodeIgniter->run()
#12 C:\Users\INFODIF\Desktop\GİT\Task\system\Commands\Server\rewrite.php(47): require_once('...')
#13 {main}
CRITICAL - 2023-10-12 13:36:11 --> Column 'task_check' cannot be null
in SYSTEMPATH\Database\BaseConnection.php on line 646.
 1 SYSTEMPATH\Database\BaseBuilder.php(2308): CodeIgniter\Database\BaseConnection->query()
 2 SYSTEMPATH\Model.php(319): CodeIgniter\Database\BaseBuilder->insert()
 3 SYSTEMPATH\BaseModel.php(788): CodeIgniter\Model->doInsert()
 4 SYSTEMPATH\Model.php(715): CodeIgniter\BaseModel->insert()
 5 APPPATH\Controllers\DatatableController.php(54): CodeIgniter\Model->insert()
 6 SYSTEMPATH\CodeIgniter.php(919): App\Controllers\DatatableController->addTaskData()
 7 SYSTEMPATH\CodeIgniter.php(494): CodeIgniter\CodeIgniter->runController()
 8 SYSTEMPATH\CodeIgniter.php(353): CodeIgniter\CodeIgniter->handleRequest()
 9 FCPATH\index.php(79): CodeIgniter\CodeIgniter->run()
10 SYSTEMPATH\Commands\Server\rewrite.php(47): require_once('C:\\Users\\INFODIF\\Desktop\\GİT\\Task\\public\\index.php')
ERROR - 2023-10-12 13:37:20 --> mysqli_sql_exception: Column 'task_title' cannot be null in C:\Users\INFODIF\Desktop\GİT\Task\system\Database\MySQLi\Connection.php:306
Stack trace:
#0 C:\Users\INFODIF\Desktop\GİT\Task\system\Database\MySQLi\Connection.php(306): mysqli->query()
#1 C:\Users\INFODIF\Desktop\GİT\Task\system\Database\BaseConnection.php(692): CodeIgniter\Database\MySQLi\Connection->execute()
#2 C:\Users\INFODIF\Desktop\GİT\Task\system\Database\BaseConnection.php(606): CodeIgniter\Database\BaseConnection->simpleQuery()
#3 C:\Users\INFODIF\Desktop\GİT\Task\system\Database\BaseBuilder.php(2308): CodeIgniter\Database\BaseConnection->query()
#4 C:\Users\INFODIF\Desktop\GİT\Task\system\Model.php(319): CodeIgniter\Database\BaseBuilder->insert()
#5 C:\Users\INFODIF\Desktop\GİT\Task\system\BaseModel.php(788): CodeIgniter\Model->doInsert()
#6 C:\Users\INFODIF\Desktop\GİT\Task\system\Model.php(715): CodeIgniter\BaseModel->insert()
#7 C:\Users\INFODIF\Desktop\GİT\Task\app\Controllers\DatatableController.php(54): CodeIgniter\Model->insert()
#8 C:\Users\INFODIF\Desktop\GİT\Task\system\CodeIgniter.php(919): App\Controllers\DatatableController->addTaskData()
#9 C:\Users\INFODIF\Desktop\GİT\Task\system\CodeIgniter.php(494): CodeIgniter\CodeIgniter->runController()
#10 C:\Users\INFODIF\Desktop\GİT\Task\system\CodeIgniter.php(353): CodeIgniter\CodeIgniter->handleRequest()
#11 C:\Users\INFODIF\Desktop\GİT\Task\public\index.php(79): CodeIgniter\CodeIgniter->run()
#12 C:\Users\INFODIF\Desktop\GİT\Task\system\Commands\Server\rewrite.php(47): require_once('...')
#13 {main}
CRITICAL - 2023-10-12 13:37:20 --> Column 'task_title' cannot be null
in SYSTEMPATH\Database\BaseConnection.php on line 646.
 1 SYSTEMPATH\Database\BaseBuilder.php(2308): CodeIgniter\Database\BaseConnection->query()
 2 SYSTEMPATH\Model.php(319): CodeIgniter\Database\BaseBuilder->insert()
 3 SYSTEMPATH\BaseModel.php(788): CodeIgniter\Model->doInsert()
 4 SYSTEMPATH\Model.php(715): CodeIgniter\BaseModel->insert()
 5 APPPATH\Controllers\DatatableController.php(54): CodeIgniter\Model->insert()
 6 SYSTEMPATH\CodeIgniter.php(919): App\Controllers\DatatableController->addTaskData()
 7 SYSTEMPATH\CodeIgniter.php(494): CodeIgniter\CodeIgniter->runController()
 8 SYSTEMPATH\CodeIgniter.php(353): CodeIgniter\CodeIgniter->handleRequest()
 9 FCPATH\index.php(79): CodeIgniter\CodeIgniter->run()
10 SYSTEMPATH\Commands\Server\rewrite.php(47): require_once('C:\\Users\\INFODIF\\Desktop\\GİT\\Task\\public\\index.php')
ERROR - 2023-10-12 13:37:34 --> mysqli_sql_exception: Column 'task_title' cannot be null in C:\Users\INFODIF\Desktop\GİT\Task\system\Database\MySQLi\Connection.php:306
Stack trace:
#0 C:\Users\INFODIF\Desktop\GİT\Task\system\Database\MySQLi\Connection.php(306): mysqli->query()
#1 C:\Users\INFODIF\Desktop\GİT\Task\system\Database\BaseConnection.php(692): CodeIgniter\Database\MySQLi\Connection->execute()
#2 C:\Users\INFODIF\Desktop\GİT\Task\system\Database\BaseConnection.php(606): CodeIgniter\Database\BaseConnection->simpleQuery()
#3 C:\Users\INFODIF\Desktop\GİT\Task\system\Database\BaseBuilder.php(2308): CodeIgniter\Database\BaseConnection->query()
#4 C:\Users\INFODIF\Desktop\GİT\Task\system\Model.php(319): CodeIgniter\Database\BaseBuilder->insert()
#5 C:\Users\INFODIF\Desktop\GİT\Task\system\BaseModel.php(788): CodeIgniter\Model->doInsert()
#6 C:\Users\INFODIF\Desktop\GİT\Task\system\Model.php(715): CodeIgniter\BaseModel->insert()
#7 C:\Users\INFODIF\Desktop\GİT\Task\app\Controllers\DatatableController.php(54): CodeIgniter\Model->insert()
#8 C:\Users\INFODIF\Desktop\GİT\Task\system\CodeIgniter.php(919): App\Controllers\DatatableController->addTaskData()
#9 C:\Users\INFODIF\Desktop\GİT\Task\system\CodeIgniter.php(494): CodeIgniter\CodeIgniter->runController()
#10 C:\Users\INFODIF\Desktop\GİT\Task\system\CodeIgniter.php(353): CodeIgniter\CodeIgniter->handleRequest()
#11 C:\Users\INFODIF\Desktop\GİT\Task\public\index.php(79): CodeIgniter\CodeIgniter->run()
#12 C:\Users\INFODIF\Desktop\GİT\Task\system\Commands\Server\rewrite.php(47): require_once('...')
#13 {main}
CRITICAL - 2023-10-12 13:37:34 --> Column 'task_title' cannot be null
in SYSTEMPATH\Database\BaseConnection.php on line 646.
 1 SYSTEMPATH\Database\BaseBuilder.php(2308): CodeIgniter\Database\BaseConnection->query()
 2 SYSTEMPATH\Model.php(319): CodeIgniter\Database\BaseBuilder->insert()
 3 SYSTEMPATH\BaseModel.php(788): CodeIgniter\Model->doInsert()
 4 SYSTEMPATH\Model.php(715): CodeIgniter\BaseModel->insert()
 5 APPPATH\Controllers\DatatableController.php(54): CodeIgniter\Model->insert()
 6 SYSTEMPATH\CodeIgniter.php(919): App\Controllers\DatatableController->addTaskData()
 7 SYSTEMPATH\CodeIgniter.php(494): CodeIgniter\CodeIgniter->runController()
 8 SYSTEMPATH\CodeIgniter.php(353): CodeIgniter\CodeIgniter->handleRequest()
 9 FCPATH\index.php(79): CodeIgniter\CodeIgniter->run()
10 SYSTEMPATH\Commands\Server\rewrite.php(47): require_once('C:\\Users\\INFODIF\\Desktop\\GİT\\Task\\public\\index.php')
