CRITICAL - 2023-10-05 10:14:15 --> Too few arguments to function App\Controllers\Task::update(), 0 passed in C:\Users\INFODIF\Desktop\GİT\Task\system\CodeIgniter.php on line 919 and exactly 1 expected
in APPPATH\Controllers\Task.php on line 72.
 1 SYSTEMPATH\CodeIgniter.php(919): App\Controllers\Task->update()
 2 SYSTEMPATH\CodeIgniter.php(494): CodeIgniter\CodeIgniter->runController()
 3 SYSTEMPATH\CodeIgniter.php(353): CodeIgniter\CodeIgniter->handleRequest()
 4 FCPATH\index.php(79): CodeIgniter\CodeIgniter->run()
 5 SYSTEMPATH\Commands\Server\rewrite.php(47): require_once('C:\\Users\\INFODIF\\Desktop\\GİT\\Task\\public\\index.php')
CRITICAL - 2023-10-05 10:42:28 --> Array to string conversion
in APPPATH\Views\Home\show.php on line 293.
 1 APPPATH\Views\Home\show.php(293): CodeIgniter\Debug\Exceptions->errorHandler()
 2 SYSTEMPATH\View\View.php(226): include('C:\\Users\\INFODIF\\Desktop\\GİT\\Task\\app\\Views\\Home\\show.php')
 3 SYSTEMPATH\View\View.php(229): CodeIgniter\View\View->CodeIgniter\View\{closure}()
 4 SYSTEMPATH\Common.php(1188): CodeIgniter\View\View->render()
 5 APPPATH\Controllers\Task.php(69): view()
 6 SYSTEMPATH\CodeIgniter.php(919): App\Controllers\Task->show()
 7 SYSTEMPATH\CodeIgniter.php(494): CodeIgniter\CodeIgniter->runController()
 8 SYSTEMPATH\CodeIgniter.php(353): CodeIgniter\CodeIgniter->handleRequest()
 9 FCPATH\index.php(79): CodeIgniter\CodeIgniter->run()
10 SYSTEMPATH\Commands\Server\rewrite.php(47): require_once('C:\\Users\\INFODIF\\Desktop\\GİT\\Task\\public\\index.php')
CRITICAL - 2023-10-05 10:42:41 --> Undefined constant "i"
in APPPATH\Views\Home\show.php on line 293.
 1 SYSTEMPATH\View\View.php(226): include()
 2 SYSTEMPATH\View\View.php(229): CodeIgniter\View\View->CodeIgniter\View\{closure}()
 3 SYSTEMPATH\Common.php(1188): CodeIgniter\View\View->render()
 4 APPPATH\Controllers\Task.php(69): view()
 5 SYSTEMPATH\CodeIgniter.php(919): App\Controllers\Task->show()
 6 SYSTEMPATH\CodeIgniter.php(494): CodeIgniter\CodeIgniter->runController()
 7 SYSTEMPATH\CodeIgniter.php(353): CodeIgniter\CodeIgniter->handleRequest()
 8 FCPATH\index.php(79): CodeIgniter\CodeIgniter->run()
 9 SYSTEMPATH\Commands\Server\rewrite.php(47): require_once('C:\\Users\\INFODIF\\Desktop\\GİT\\Task\\public\\index.php')
CRITICAL - 2023-10-05 10:42:55 --> Undefined array key "task_id"
in APPPATH\Views\Home\show.php on line 293.
 1 APPPATH\Views\Home\show.php(293): CodeIgniter\Debug\Exceptions->errorHandler()
 2 SYSTEMPATH\View\View.php(226): include('C:\\Users\\INFODIF\\Desktop\\GİT\\Task\\app\\Views\\Home\\show.php')
 3 SYSTEMPATH\View\View.php(229): CodeIgniter\View\View->CodeIgniter\View\{closure}()
 4 SYSTEMPATH\Common.php(1188): CodeIgniter\View\View->render()
 5 APPPATH\Controllers\Task.php(69): view()
 6 SYSTEMPATH\CodeIgniter.php(919): App\Controllers\Task->show()
 7 SYSTEMPATH\CodeIgniter.php(494): CodeIgniter\CodeIgniter->runController()
 8 SYSTEMPATH\CodeIgniter.php(353): CodeIgniter\CodeIgniter->handleRequest()
 9 FCPATH\index.php(79): CodeIgniter\CodeIgniter->run()
10 SYSTEMPATH\Commands\Server\rewrite.php(47): require_once('C:\\Users\\INFODIF\\Desktop\\GİT\\Task\\public\\index.php')
CRITICAL - 2023-10-05 10:45:58 --> Undefined constant "i"
in APPPATH\Views\Home\show.php on line 293.
 1 SYSTEMPATH\View\View.php(226): include()
 2 SYSTEMPATH\View\View.php(229): CodeIgniter\View\View->CodeIgniter\View\{closure}()
 3 SYSTEMPATH\Common.php(1188): CodeIgniter\View\View->render()
 4 APPPATH\Controllers\Task.php(69): view()
 5 SYSTEMPATH\CodeIgniter.php(919): App\Controllers\Task->show()
 6 SYSTEMPATH\CodeIgniter.php(494): CodeIgniter\CodeIgniter->runController()
 7 SYSTEMPATH\CodeIgniter.php(353): CodeIgniter\CodeIgniter->handleRequest()
 8 FCPATH\index.php(79): CodeIgniter\CodeIgniter->run()
 9 SYSTEMPATH\Commands\Server\rewrite.php(47): require_once('C:\\Users\\INFODIF\\Desktop\\GİT\\Task\\public\\index.php')
CRITICAL - 2023-10-05 10:54:55 --> Uninitialized string offset 3
in APPPATH\Views\Home\show.php on line 289.
 1 APPPATH\Views\Home\show.php(289): CodeIgniter\Debug\Exceptions->errorHandler()
 2 SYSTEMPATH\View\View.php(226): include('C:\\Users\\INFODIF\\Desktop\\GİT\\Task\\app\\Views\\Home\\show.php')
 3 SYSTEMPATH\View\View.php(229): CodeIgniter\View\View->CodeIgniter\View\{closure}()
 4 SYSTEMPATH\Common.php(1188): CodeIgniter\View\View->render()
 5 APPPATH\Controllers\Task.php(69): view()
 6 SYSTEMPATH\CodeIgniter.php(919): App\Controllers\Task->show()
 7 SYSTEMPATH\CodeIgniter.php(494): CodeIgniter\CodeIgniter->runController()
 8 SYSTEMPATH\CodeIgniter.php(353): CodeIgniter\CodeIgniter->handleRequest()
 9 FCPATH\index.php(79): CodeIgniter\CodeIgniter->run()
10 SYSTEMPATH\Commands\Server\rewrite.php(47): require_once('C:\\Users\\INFODIF\\Desktop\\GİT\\Task\\public\\index.php')
